#
# There is insufficient memory for the Java Runtime Environment to continue.
# Native memory allocation (mmap) failed to map 341835776 bytes for G1 virtual space
# Possible reasons:
#   The system is out of physical RAM or swap space
#   The process is running with CompressedOops enabled, and the Java Heap may be blocking the growth of the native heap
# Possible solutions:
#   Reduce memory load on the system
#   Increase physical memory or swap space
#   Check if swap backing store is full
#   Decrease Java heap size (-Xmx/-Xms)
#   Decrease number of Java threads
#   Decrease Java thread stack sizes (-Xss)
#   Set larger code cache with -XX:ReservedCodeCacheSize=
#   JVM is running with Zero Based Compressed Oops mode in which the Java heap is
#     placed in the first 32GB address space. The Java Heap base address is the
#     maximum limit for the native heap growth. Please use -XX:HeapBaseMinAddress
#     to set the Java Heap base and to place the Java Heap above 32GB virtual address.
# This output file may be truncated or incomplete.
#
#  Out of Memory Error (os_windows.cpp:3557), pid=17480, tid=16380
#
# JRE version: OpenJDK Runtime Environment Temurin-17.0.6+10 (17.0.6+10) (build 17.0.6+10)
# Java VM: OpenJDK 64-Bit Server VM Temurin-17.0.6+10 (17.0.6+10, mixed mode, tiered, compressed oops, compressed class ptrs, g1 gc, windows-amd64)
# No core dump will be written. Minidumps are not enabled by default on client versions of Windows
#

---------------  S U M M A R Y ------------

Command Line: --module-path=C:\Program Files\Java\javafx-sdk-21\lib --add-modules=javafx.controls,javafx.graphics,javafx.fxml -Dfile.encoding=UTF-8 -Dstdout.encoding=UTF-8 -Dstderr.encoding=UTF-8 --module-path=C:\Users\mpoko\.p2\pool\plugins\org.eclipse.fx.ide.css.jfx8_3.8.0.202204150904.jar;C:\Program Files\Java\javafx-sdk-21\lib\javafx.base.jar;C:\Program Files\Java\javafx-sdk-21\lib\javafx.controls.jar;C:\Program Files\Java\javafx-sdk-21\lib\javafx.fxml.jar;C:\Program Files\Java\javafx-sdk-21\lib\javafx.graphics.jar;C:\Program Files\Java\javafx-sdk-21\lib\javafx.media.jar;C:\Program Files\Java\javafx-sdk-21\lib\javafx.swing.jar;C:\Program Files\Java\javafx-sdk-21\lib\javafx.web.jar;C:\Program Files\Java\javafx-sdk-21\lib\javafx-swt.jar;C:\Program Files\Java\opencsv-5.8.jar -XX:+ShowCodeDetailsInExceptionMessages Main

Host: 11th Gen Intel(R) Core(TM) i5-11400H @ 2.70GHz, 12 cores, 15G,  Windows 11 , 64 bit Build 22621 (10.0.22621.2428)
Time: Fri Nov 10 21:00:38 2023 GMT Standard Time elapsed time: 1.567355 seconds (0d 0h 0m 1s)

---------------  T H R E A D  ---------------

Current thread (0x0000021a2e84a9f0):  VMThread "VM Thread" [stack: 0x000000e62fc00000,0x000000e62fd00000] [id=16380]

Stack: [0x000000e62fc00000,0x000000e62fd00000]
Native frames: (J=compiled Java code, j=interpreted, Vv=VM code, C=native code)
V  [jvm.dll+0x67741a]
V  [jvm.dll+0x834434]
V  [jvm.dll+0x835bde]
V  [jvm.dll+0x836243]
V  [jvm.dll+0x2457b5]
V  [jvm.dll+0x674329]
V  [jvm.dll+0x6689da]
V  [jvm.dll+0x30489b]
V  [jvm.dll+0x30bd96]
V  [jvm.dll+0x35b57e]
V  [jvm.dll+0x35b7af]
V  [jvm.dll+0x2db778]
V  [jvm.dll+0x2d9a2c]
V  [jvm.dll+0x2d8ffc]
V  [jvm.dll+0x31cdcb]
V  [jvm.dll+0x83a6eb]
V  [jvm.dll+0x83b424]
V  [jvm.dll+0x83b93c]
V  [jvm.dll+0x83bd14]
V  [jvm.dll+0x83bde0]
V  [jvm.dll+0x7e483a]
V  [jvm.dll+0x6762c5]
C  [ucrtbase.dll+0x29363]
C  [KERNEL32.DLL+0x1257d]
C  [ntdll.dll+0x5aa78]

VM_Operation (0x000000e630dfddb0): G1CollectForAllocation, mode: safepoint, requested by thread 0x0000021a2f168400


---------------  P R O C E S S  ---------------

Threads class SMR info:
_java_thread_list=0x0000021a35190110, length=18, elements={
0x0000021a0f10d4e0, 0x0000021a2e86f030, 0x0000021a2e86fbe0, 0x0000021a2e896ee0,
0x0000021a2e8977a0, 0x0000021a2e89c6a0, 0x0000021a2e89d670, 0x0000021a2e8aa750,
0x0000021a2e8ac150, 0x0000021a2e8ade50, 0x0000021a2ea22a60, 0x0000021a2eaf4ee0,
0x0000021a2ebfdf90, 0x0000021a2f051830, 0x0000021a2f169210, 0x0000021a2f168400,
0x0000021a2f465c60, 0x0000021a2f3f1150
}

Java Threads: ( => current thread )
  0x0000021a0f10d4e0 JavaThread "main" [_thread_blocked, id=24044, stack(0x000000e62f600000,0x000000e62f700000)]
  0x0000021a2e86f030 JavaThread "Reference Handler" daemon [_thread_blocked, id=34048, stack(0x000000e62fd00000,0x000000e62fe00000)]
  0x0000021a2e86fbe0 JavaThread "Finalizer" daemon [_thread_blocked, id=36736, stack(0x000000e62fe00000,0x000000e62ff00000)]
  0x0000021a2e896ee0 JavaThread "Signal Dispatcher" daemon [_thread_blocked, id=30768, stack(0x000000e62ff00000,0x000000e630000000)]
  0x0000021a2e8977a0 JavaThread "Attach Listener" daemon [_thread_blocked, id=32364, stack(0x000000e630000000,0x000000e630100000)]
  0x0000021a2e89c6a0 JavaThread "Service Thread" daemon [_thread_blocked, id=6116, stack(0x000000e630100000,0x000000e630200000)]
  0x0000021a2e89d670 JavaThread "Monitor Deflation Thread" daemon [_thread_blocked, id=36256, stack(0x000000e630200000,0x000000e630300000)]
  0x0000021a2e8aa750 JavaThread "C2 CompilerThread0" daemon [_thread_blocked, id=24236, stack(0x000000e630300000,0x000000e630400000)]
  0x0000021a2e8ac150 JavaThread "C1 CompilerThread0" daemon [_thread_blocked, id=24876, stack(0x000000e630400000,0x000000e630500000)]
  0x0000021a2e8ade50 JavaThread "Sweeper thread" daemon [_thread_blocked, id=36072, stack(0x000000e630500000,0x000000e630600000)]
  0x0000021a2ea22a60 JavaThread "Common-Cleaner" daemon [_thread_blocked, id=29148, stack(0x000000e630600000,0x000000e630700000)]
  0x0000021a2eaf4ee0 JavaThread "C2 CompilerThread1" daemon [_thread_blocked, id=25180, stack(0x000000e630700000,0x000000e630800000)]
  0x0000021a2ebfdf90 JavaThread "Notification Thread" daemon [_thread_blocked, id=36244, stack(0x000000e630900000,0x000000e630a00000)]
  0x0000021a2f051830 JavaThread "QuantumRenderer-0" daemon [_thread_blocked, id=18288, stack(0x000000e630b00000,0x000000e630c00000)]
  0x0000021a2f169210 JavaThread "InvokeLaterDispatcher" daemon [_thread_blocked, id=31160, stack(0x000000e630c00000,0x000000e630d00000)]
  0x0000021a2f168400 JavaThread "JavaFX Application Thread" [_thread_blocked, id=23780, stack(0x000000e630d00000,0x000000e630e00000)]
  0x0000021a2f465c60 JavaThread "JavaFX-Launcher" [_thread_blocked, id=35884, stack(0x000000e631200000,0x000000e631300000)]
  0x0000021a2f3f1150 JavaThread "Thread-2" daemon [_thread_blocked, id=19732, stack(0x000000e631100000,0x000000e631200000)]

Other Threads:
=>0x0000021a2e84a9f0 VMThread "VM Thread" [stack: 0x000000e62fc00000,0x000000e62fd00000] [id=16380]
  0x0000021a0f198940 WatcherThread [stack: 0x000000e630a00000,0x000000e630b00000] [id=23476]
  0x0000021a0f17a9d0 GCTaskThread "GC Thread#0" [stack: 0x000000e62f700000,0x000000e62f800000] [id=33756]
  0x0000021a2f47b1a0 GCTaskThread "GC Thread#1" [stack: 0x000000e631300000,0x000000e631400000] [id=36544]
  0x0000021a2f476a90 GCTaskThread "GC Thread#2" [stack: 0x000000e631400000,0x000000e631500000] [id=32780]
  0x0000021a2f427ca0 GCTaskThread "GC Thread#3" [stack: 0x000000e631500000,0x000000e631600000] [id=36672]
  0x0000021a2f3f6960 GCTaskThread "GC Thread#4" [stack: 0x000000e631600000,0x000000e631700000] [id=28328]
  0x0000021a2f3a1e70 GCTaskThread "GC Thread#5" [stack: 0x000000e631700000,0x000000e631800000] [id=36788]
  0x0000021a2f4f1d90 GCTaskThread "GC Thread#6" [stack: 0x000000e631800000,0x000000e631900000] [id=11020]
  0x0000021a0f18c450 ConcurrentGCThread "G1 Main Marker" [stack: 0x000000e62f800000,0x000000e62f900000] [id=34264]
  0x0000021a0f18ce60 ConcurrentGCThread "G1 Conc#0" [stack: 0x000000e62f900000,0x000000e62fa00000] [id=26912]
  0x0000021a0f1cd030 ConcurrentGCThread "G1 Refine#0" [stack: 0x000000e62fa00000,0x000000e62fb00000] [id=36176]
  0x0000021a0f1cda50 ConcurrentGCThread "G1 Service" [stack: 0x000000e62fb00000,0x000000e62fc00000] [id=20368]

Threads with active compile tasks:

VM state: at safepoint (normal execution)

VM Mutex/Monitor currently owned by a thread:  ([mutex/lock_event])
[0x0000021a0f0f5c30] Threads_lock - owner thread: 0x0000021a2e84a9f0
[0x0000021a0f0f59f0] Heap_lock - owner thread: 0x0000021a2f168400

Heap address: 0x0000000704600000, size: 4026 MB, Compressed Oops mode: Zero based, Oop shift amount: 3

CDS archive(s) not mapped
Compressed class space mapped at: 0x0000000800000000-0x0000000840000000, reserved size: 1073741824
Narrow klass base: 0x0000000800000000, Narrow klass shift: 0, Narrow klass range: 0x40000000

GC Precious Log:
 CPUs: 12 total, 12 available
 Memory: 16103M
 Large Page Support: Disabled
 NUMA Support: Disabled
 Compressed Oops: Enabled (Zero based)
 Heap Region Size: 2M
 Heap Min Capacity: 8M
 Heap Initial Capacity: 252M
 Heap Max Capacity: 4026M
 Pre-touch: Disabled
 Parallel Workers: 10
 Concurrent Workers: 3
 Concurrent Refinement Workers: 10
 Periodic GC: Disabled

Heap:
 garbage-first heap   total 333824K, used 4807K [0x0000000704600000, 0x0000000800000000)
  region size 2048K, 3 young (6144K), 3 survivors (6144K)
 Metaspace       used 11961K, committed 12160K, reserved 1064960K
  class space    used 1255K, committed 1344K, reserved 1048576K

Heap Regions: E=young(eden), S=young(survivor), O=old, HS=humongous(starts), HC=humongous(continues), CS=collection set, F=free, OA=open archive, CA=closed archive, TAMS=top-at-mark-start (previous, next)
|   0|0x0000000704600000, 0x0000000704600000, 0x0000000704800000|  0%| F|  |TAMS 0x0000000704600000, 0x0000000704600000| Untracked 
|   1|0x0000000704800000, 0x0000000704800000, 0x0000000704a00000|  0%| F|  |TAMS 0x0000000704800000, 0x0000000704800000| Untracked 
|   2|0x0000000704a00000, 0x0000000704a00000, 0x0000000704c00000|  0%| F|  |TAMS 0x0000000704a00000, 0x0000000704a00000| Untracked 
|   3|0x0000000704c00000, 0x0000000704c00000, 0x0000000704e00000|  0%| F|  |TAMS 0x0000000704c00000, 0x0000000704c00000| Untracked 
|   4|0x0000000704e00000, 0x0000000704e00000, 0x0000000705000000|  0%| F|  |TAMS 0x0000000704e00000, 0x0000000704e00000| Untracked 
|   5|0x0000000705000000, 0x0000000705000000, 0x0000000705200000|  0%| F|  |TAMS 0x0000000705000000, 0x0000000705000000| Untracked 
|   6|0x0000000705200000, 0x0000000705200000, 0x0000000705400000|  0%| F|  |TAMS 0x0000000705200000, 0x0000000705200000| Untracked 
|   7|0x0000000705400000, 0x0000000705400000, 0x0000000705600000|  0%| F|  |TAMS 0x0000000705400000, 0x0000000705400000| Untracked 
|   8|0x0000000705600000, 0x0000000705600000, 0x0000000705800000|  0%| F|  |TAMS 0x0000000705600000, 0x0000000705600000| Untracked 
|   9|0x0000000705800000, 0x0000000705800000, 0x0000000705a00000|  0%| F|  |TAMS 0x0000000705800000, 0x0000000705800000| Untracked 
|  10|0x0000000705a00000, 0x0000000705a00000, 0x0000000705c00000|  0%| F|  |TAMS 0x0000000705a00000, 0x0000000705a00000| Untracked 
|  11|0x0000000705c00000, 0x0000000705c00000, 0x0000000705e00000|  0%| F|  |TAMS 0x0000000705c00000, 0x0000000705c00000| Untracked 
|  12|0x0000000705e00000, 0x0000000705e00000, 0x0000000706000000|  0%| F|  |TAMS 0x0000000705e00000, 0x0000000705e00000| Untracked 
|  13|0x0000000706000000, 0x0000000706000000, 0x0000000706200000|  0%| F|  |TAMS 0x0000000706000000, 0x0000000706000000| Untracked 
|  14|0x0000000706200000, 0x0000000706200000, 0x0000000706400000|  0%| F|  |TAMS 0x0000000706200000, 0x0000000706200000| Untracked 
|  15|0x0000000706400000, 0x0000000706400000, 0x0000000706600000|  0%| F|  |TAMS 0x0000000706400000, 0x0000000706400000| Untracked 
|  16|0x0000000706600000, 0x0000000706600000, 0x0000000706800000|  0%| F|  |TAMS 0x0000000706600000, 0x0000000706600000| Untracked 
|  17|0x0000000706800000, 0x0000000706800000, 0x0000000706a00000|  0%| F|  |TAMS 0x0000000706800000, 0x0000000706800000| Untracked 
|  18|0x0000000706a00000, 0x0000000706a00000, 0x0000000706c00000|  0%| F|  |TAMS 0x0000000706a00000, 0x0000000706a00000| Untracked 
|  19|0x0000000706c00000, 0x0000000706c00000, 0x0000000706e00000|  0%| F|  |TAMS 0x0000000706c00000, 0x0000000706c00000| Untracked 
|  20|0x0000000706e00000, 0x0000000706e00000, 0x0000000707000000|  0%| F|  |TAMS 0x0000000706e00000, 0x0000000706e00000| Untracked 
|  21|0x0000000707000000, 0x0000000707000000, 0x0000000707200000|  0%| F|  |TAMS 0x0000000707000000, 0x0000000707000000| Untracked 
|  22|0x0000000707200000, 0x0000000707200000, 0x0000000707400000|  0%| F|  |TAMS 0x0000000707200000, 0x0000000707200000| Untracked 
|  23|0x0000000707400000, 0x0000000707400000, 0x0000000707600000|  0%| F|  |TAMS 0x0000000707400000, 0x0000000707400000| Untracked 
|  24|0x0000000707600000, 0x0000000707600000, 0x0000000707800000|  0%| F|  |TAMS 0x0000000707600000, 0x0000000707600000| Untracked 
|  25|0x0000000707800000, 0x0000000707800000, 0x0000000707a00000|  0%| F|  |TAMS 0x0000000707800000, 0x0000000707800000| Untracked 
|  26|0x0000000707a00000, 0x0000000707a00000, 0x0000000707c00000|  0%| F|  |TAMS 0x0000000707a00000, 0x0000000707a00000| Untracked 
|  27|0x0000000707c00000, 0x0000000707c00000, 0x0000000707e00000|  0%| F|  |TAMS 0x0000000707c00000, 0x0000000707c00000| Untracked 
|  28|0x0000000707e00000, 0x0000000707e00000, 0x0000000708000000|  0%| F|  |TAMS 0x0000000707e00000, 0x0000000707e00000| Untracked 
|  29|0x0000000708000000, 0x0000000708000000, 0x0000000708200000|  0%| F|  |TAMS 0x0000000708000000, 0x0000000708000000| Untracked 
|  30|0x0000000708200000, 0x0000000708200000, 0x0000000708400000|  0%| F|  |TAMS 0x0000000708200000, 0x0000000708200000| Untracked 
|  31|0x0000000708400000, 0x0000000708400000, 0x0000000708600000|  0%| F|  |TAMS 0x0000000708400000, 0x0000000708400000| Untracked 
|  32|0x0000000708600000, 0x0000000708600000, 0x0000000708800000|  0%| F|  |TAMS 0x0000000708600000, 0x0000000708600000| Untracked 
|  33|0x0000000708800000, 0x0000000708800000, 0x0000000708a00000|  0%| F|  |TAMS 0x0000000708800000, 0x0000000708800000| Untracked 
|  34|0x0000000708a00000, 0x0000000708a00000, 0x0000000708c00000|  0%| F|  |TAMS 0x0000000708a00000, 0x0000000708a00000| Untracked 
|  35|0x0000000708c00000, 0x0000000708c00000, 0x0000000708e00000|  0%| F|  |TAMS 0x0000000708c00000, 0x0000000708c00000| Untracked 
|  36|0x0000000708e00000, 0x0000000708e00000, 0x0000000709000000|  0%| F|  |TAMS 0x0000000708e00000, 0x0000000708e00000| Untracked 
|  37|0x0000000709000000, 0x0000000709000000, 0x0000000709200000|  0%| F|  |TAMS 0x0000000709000000, 0x0000000709000000| Untracked 
|  38|0x0000000709200000, 0x0000000709200000, 0x0000000709400000|  0%| F|  |TAMS 0x0000000709200000, 0x0000000709200000| Untracked 
|  39|0x0000000709400000, 0x0000000709400000, 0x0000000709600000|  0%| F|  |TAMS 0x0000000709400000, 0x0000000709400000| Untracked 
|  40|0x0000000709600000, 0x0000000709600000, 0x0000000709800000|  0%| F|  |TAMS 0x0000000709600000, 0x0000000709600000| Untracked 
|  41|0x0000000709800000, 0x0000000709800000, 0x0000000709a00000|  0%| F|  |TAMS 0x0000000709800000, 0x0000000709800000| Untracked 
|  42|0x0000000709a00000, 0x0000000709a00000, 0x0000000709c00000|  0%| F|  |TAMS 0x0000000709a00000, 0x0000000709a00000| Untracked 
|  43|0x0000000709c00000, 0x0000000709c00000, 0x0000000709e00000|  0%| F|  |TAMS 0x0000000709c00000, 0x0000000709c00000| Untracked 
|  44|0x0000000709e00000, 0x0000000709e00000, 0x000000070a000000|  0%| F|  |TAMS 0x0000000709e00000, 0x0000000709e00000| Untracked 
|  45|0x000000070a000000, 0x000000070a000000, 0x000000070a200000|  0%| F|  |TAMS 0x000000070a000000, 0x000000070a000000| Untracked 
|  46|0x000000070a200000, 0x000000070a200000, 0x000000070a400000|  0%| F|  |TAMS 0x000000070a200000, 0x000000070a200000| Untracked 
|  47|0x000000070a400000, 0x000000070a400000, 0x000000070a600000|  0%| F|  |TAMS 0x000000070a400000, 0x000000070a400000| Untracked 
|  48|0x000000070a600000, 0x000000070a600000, 0x000000070a800000|  0%| F|  |TAMS 0x000000070a600000, 0x000000070a600000| Untracked 
|  49|0x000000070a800000, 0x000000070a800000, 0x000000070aa00000|  0%| F|  |TAMS 0x000000070a800000, 0x000000070a800000| Untracked 
|  50|0x000000070aa00000, 0x000000070aa00000, 0x000000070ac00000|  0%| F|  |TAMS 0x000000070aa00000, 0x000000070aa00000| Untracked 
|  51|0x000000070ac00000, 0x000000070ac00000, 0x000000070ae00000|  0%| F|  |TAMS 0x000000070ac00000, 0x000000070ac00000| Untracked 
|  52|0x000000070ae00000, 0x000000070ae00000, 0x000000070b000000|  0%| F|  |TAMS 0x000000070ae00000, 0x000000070ae00000| Untracked 
|  53|0x000000070b000000, 0x000000070b000000, 0x000000070b200000|  0%| F|  |TAMS 0x000000070b000000, 0x000000070b000000| Untracked 
|  54|0x000000070b200000, 0x000000070b200000, 0x000000070b400000|  0%| F|  |TAMS 0x000000070b200000, 0x000000070b200000| Untracked 
|  55|0x000000070b400000, 0x000000070b400000, 0x000000070b600000|  0%| F|  |TAMS 0x000000070b400000, 0x000000070b400000| Untracked 
|  56|0x000000070b600000, 0x000000070b600000, 0x000000070b800000|  0%| F|  |TAMS 0x000000070b600000, 0x000000070b600000| Untracked 
|  57|0x000000070b800000, 0x000000070b800000, 0x000000070ba00000|  0%| F|  |TAMS 0x000000070b800000, 0x000000070b800000| Untracked 
|  58|0x000000070ba00000, 0x000000070ba00000, 0x000000070bc00000|  0%| F|  |TAMS 0x000000070ba00000, 0x000000070ba00000| Untracked 
|  59|0x000000070bc00000, 0x000000070bc00000, 0x000000070be00000|  0%| F|  |TAMS 0x000000070bc00000, 0x000000070bc00000| Untracked 
|  60|0x000000070be00000, 0x000000070be00000, 0x000000070c000000|  0%| F|  |TAMS 0x000000070be00000, 0x000000070be00000| Untracked 
|  61|0x000000070c000000, 0x000000070c000000, 0x000000070c200000|  0%| F|  |TAMS 0x000000070c000000, 0x000000070c000000| Untracked 
|  62|0x000000070c200000, 0x000000070c200000, 0x000000070c400000|  0%| F|  |TAMS 0x000000070c200000, 0x000000070c200000| Untracked 
|  63|0x000000070c400000, 0x000000070c4b1db8, 0x000000070c600000| 34%| S|CS|TAMS 0x000000070c400000, 0x000000070c400000| Complete 
|  64|0x000000070c600000, 0x000000070c800000, 0x000000070c800000|100%| S|CS|TAMS 0x000000070c600000, 0x000000070c600000| Complete 
|  65|0x000000070c800000, 0x000000070ca00000, 0x000000070ca00000|100%| S|CS|TAMS 0x000000070c800000, 0x000000070c800000| Complete 
|  66|0x000000070ca00000, 0x000000070ca00000, 0x000000070cc00000|  0%| F|  |TAMS 0x000000070ca00000, 0x000000070ca00000| Untracked 
|  67|0x000000070cc00000, 0x000000070cc00000, 0x000000070ce00000|  0%| F|  |TAMS 0x000000070cc00000, 0x000000070cc00000| Untracked 
|  68|0x000000070ce00000, 0x000000070ce00000, 0x000000070d000000|  0%| F|  |TAMS 0x000000070ce00000, 0x000000070ce00000| Untracked 
|  69|0x000000070d000000, 0x000000070d000000, 0x000000070d200000|  0%| F|  |TAMS 0x000000070d000000, 0x000000070d000000| Untracked 
|  70|0x000000070d200000, 0x000000070d200000, 0x000000070d400000|  0%| F|  |TAMS 0x000000070d200000, 0x000000070d200000| Untracked 
|  71|0x000000070d400000, 0x000000070d400000, 0x000000070d600000|  0%| F|  |TAMS 0x000000070d400000, 0x000000070d400000| Untracked 
|  72|0x000000070d600000, 0x000000070d600000, 0x000000070d800000|  0%| F|  |TAMS 0x000000070d600000, 0x000000070d600000| Untracked 
|  73|0x000000070d800000, 0x000000070d800000, 0x000000070da00000|  0%| F|  |TAMS 0x000000070d800000, 0x000000070d800000| Untracked 
|  74|0x000000070da00000, 0x000000070da00000, 0x000000070dc00000|  0%| F|  |TAMS 0x000000070da00000, 0x000000070da00000| Untracked 
|  75|0x000000070dc00000, 0x000000070dc00000, 0x000000070de00000|  0%| F|  |TAMS 0x000000070dc00000, 0x000000070dc00000| Untracked 
|  76|0x000000070de00000, 0x000000070de00000, 0x000000070e000000|  0%| F|  |TAMS 0x000000070de00000, 0x000000070de00000| Untracked 
|  77|0x000000070e000000, 0x000000070e000000, 0x000000070e200000|  0%| F|  |TAMS 0x000000070e000000, 0x000000070e000000| Untracked 
|  78|0x000000070e200000, 0x000000070e200000, 0x000000070e400000|  0%| F|  |TAMS 0x000000070e200000, 0x000000070e200000| Untracked 
|  79|0x000000070e400000, 0x000000070e400000, 0x000000070e600000|  0%| F|  |TAMS 0x000000070e400000, 0x000000070e400000| Untracked 
|  80|0x000000070e600000, 0x000000070e600000, 0x000000070e800000|  0%| F|  |TAMS 0x000000070e600000, 0x000000070e600000| Untracked 
|  81|0x000000070e800000, 0x000000070e800000, 0x000000070ea00000|  0%| F|  |TAMS 0x000000070e800000, 0x000000070e800000| Untracked 
|  82|0x000000070ea00000, 0x000000070ea00000, 0x000000070ec00000|  0%| F|  |TAMS 0x000000070ea00000, 0x000000070ea00000| Untracked 
|  83|0x000000070ec00000, 0x000000070ec00000, 0x000000070ee00000|  0%| F|  |TAMS 0x000000070ec00000, 0x000000070ec00000| Untracked 
|  84|0x000000070ee00000, 0x000000070ee00000, 0x000000070f000000|  0%| F|  |TAMS 0x000000070ee00000, 0x000000070ee00000| Untracked 
|  85|0x000000070f000000, 0x000000070f000000, 0x000000070f200000|  0%| F|  |TAMS 0x000000070f000000, 0x000000070f000000| Untracked 
|  86|0x000000070f200000, 0x000000070f200000, 0x000000070f400000|  0%| F|  |TAMS 0x000000070f200000, 0x000000070f200000| Untracked 
|  87|0x000000070f400000, 0x000000070f400000, 0x000000070f600000|  0%| F|  |TAMS 0x000000070f400000, 0x000000070f400000| Untracked 
|  88|0x000000070f600000, 0x000000070f600000, 0x000000070f800000|  0%| F|  |TAMS 0x000000070f600000, 0x000000070f600000| Untracked 
|  89|0x000000070f800000, 0x000000070f800000, 0x000000070fa00000|  0%| F|  |TAMS 0x000000070f800000, 0x000000070f800000| Untracked 
|  90|0x000000070fa00000, 0x000000070fa00000, 0x000000070fc00000|  0%| F|  |TAMS 0x000000070fa00000, 0x000000070fa00000| Untracked 
|  91|0x000000070fc00000, 0x000000070fc00000, 0x000000070fe00000|  0%| F|  |TAMS 0x000000070fc00000, 0x000000070fc00000| Untracked 
|  92|0x000000070fe00000, 0x000000070fe00000, 0x0000000710000000|  0%| F|  |TAMS 0x000000070fe00000, 0x000000070fe00000| Untracked 
|  93|0x0000000710000000, 0x0000000710000000, 0x0000000710200000|  0%| F|  |TAMS 0x0000000710000000, 0x0000000710000000| Untracked 
|  94|0x0000000710200000, 0x0000000710200000, 0x0000000710400000|  0%| F|  |TAMS 0x0000000710200000, 0x0000000710200000| Untracked 
|  95|0x0000000710400000, 0x0000000710400000, 0x0000000710600000|  0%| F|  |TAMS 0x0000000710400000, 0x0000000710400000| Untracked 
|  96|0x0000000710600000, 0x0000000710600000, 0x0000000710800000|  0%| F|  |TAMS 0x0000000710600000, 0x0000000710600000| Untracked 
|  97|0x0000000710800000, 0x0000000710800000, 0x0000000710a00000|  0%| F|  |TAMS 0x0000000710800000, 0x0000000710800000| Untracked 
|  98|0x0000000710a00000, 0x0000000710a00000, 0x0000000710c00000|  0%| F|  |TAMS 0x0000000710a00000, 0x0000000710a00000| Untracked 
|  99|0x0000000710c00000, 0x0000000710c00000, 0x0000000710e00000|  0%| F|  |TAMS 0x0000000710c00000, 0x0000000710c00000| Untracked 
| 100|0x0000000710e00000, 0x0000000710e00000, 0x0000000711000000|  0%| F|  |TAMS 0x0000000710e00000, 0x0000000710e00000| Untracked 
| 101|0x0000000711000000, 0x0000000711000000, 0x0000000711200000|  0%| F|  |TAMS 0x0000000711000000, 0x0000000711000000| Untracked 
| 102|0x0000000711200000, 0x0000000711200000, 0x0000000711400000|  0%| F|  |TAMS 0x0000000711200000, 0x0000000711200000| Untracked 
| 103|0x0000000711400000, 0x0000000711400000, 0x0000000711600000|  0%| F|  |TAMS 0x0000000711400000, 0x0000000711400000| Untracked 
| 104|0x0000000711600000, 0x0000000711600000, 0x0000000711800000|  0%| F|  |TAMS 0x0000000711600000, 0x0000000711600000| Untracked 
| 105|0x0000000711800000, 0x0000000711800000, 0x0000000711a00000|  0%| F|  |TAMS 0x0000000711800000, 0x0000000711800000| Untracked 
| 106|0x0000000711a00000, 0x0000000711a00000, 0x0000000711c00000|  0%| F|  |TAMS 0x0000000711a00000, 0x0000000711a00000| Untracked 
| 107|0x0000000711c00000, 0x0000000711c00000, 0x0000000711e00000|  0%| F|  |TAMS 0x0000000711c00000, 0x0000000711c00000| Untracked 
| 108|0x0000000711e00000, 0x0000000711e00000, 0x0000000712000000|  0%| F|  |TAMS 0x0000000711e00000, 0x0000000711e00000| Untracked 
| 109|0x0000000712000000, 0x0000000712000000, 0x0000000712200000|  0%| F|  |TAMS 0x0000000712000000, 0x0000000712000000| Untracked 
| 110|0x0000000712200000, 0x0000000712200000, 0x0000000712400000|  0%| F|  |TAMS 0x0000000712200000, 0x0000000712200000| Untracked 
| 111|0x0000000712400000, 0x0000000712400000, 0x0000000712600000|  0%| F|  |TAMS 0x0000000712400000, 0x0000000712400000| Untracked 
| 112|0x0000000712600000, 0x0000000712600000, 0x0000000712800000|  0%| F|  |TAMS 0x0000000712600000, 0x0000000712600000| Untracked 
| 113|0x0000000712800000, 0x0000000712800000, 0x0000000712a00000|  0%| F|  |TAMS 0x0000000712800000, 0x0000000712800000| Untracked 
| 114|0x0000000712a00000, 0x0000000712a00000, 0x0000000712c00000|  0%| F|  |TAMS 0x0000000712a00000, 0x0000000712a00000| Untracked 
| 115|0x0000000712c00000, 0x0000000712c00000, 0x0000000712e00000|  0%| F|  |TAMS 0x0000000712c00000, 0x0000000712c00000| Untracked 
| 116|0x0000000712e00000, 0x0000000712e00000, 0x0000000713000000|  0%| F|  |TAMS 0x0000000712e00000, 0x0000000712e00000| Untracked 
| 117|0x0000000713000000, 0x0000000713000000, 0x0000000713200000|  0%| F|  |TAMS 0x0000000713000000, 0x0000000713000000| Untracked 
| 118|0x0000000713200000, 0x0000000713200000, 0x0000000713400000|  0%| F|  |TAMS 0x0000000713200000, 0x0000000713200000| Untracked 
| 119|0x0000000713400000, 0x0000000713400000, 0x0000000713600000|  0%| F|  |TAMS 0x0000000713400000, 0x0000000713400000| Untracked 
| 120|0x0000000713600000, 0x0000000713600000, 0x0000000713800000|  0%| F|  |TAMS 0x0000000713600000, 0x0000000713600000| Untracked 
| 121|0x0000000713800000, 0x0000000713800000, 0x0000000713a00000|  0%| F|  |TAMS 0x0000000713800000, 0x0000000713800000| Untracked 
| 122|0x0000000713a00000, 0x0000000713a00000, 0x0000000713c00000|  0%| F|  |TAMS 0x0000000713a00000, 0x0000000713a00000| Untracked 
| 123|0x0000000713c00000, 0x0000000713c00000, 0x0000000713e00000|  0%| F|  |TAMS 0x0000000713c00000, 0x0000000713c00000| Untracked 
| 124|0x0000000713e00000, 0x0000000713e00000, 0x0000000714000000|  0%| F|  |TAMS 0x0000000713e00000, 0x0000000713e00000| Untracked 
| 125|0x0000000714000000, 0x0000000714000000, 0x0000000714200000|  0%| F|  |TAMS 0x0000000714000000, 0x0000000714000000| Untracked 
| 126|0x0000000714200000, 0x0000000714200000, 0x0000000714400000|  0%| F|  |TAMS 0x0000000714200000, 0x0000000714200000| Untracked 
| 127|0x0000000714400000, 0x0000000714400000, 0x0000000714600000|  0%| F|  |TAMS 0x0000000714400000, 0x0000000714400000| Untracked 
| 128|0x0000000714600000, 0x0000000714600000, 0x0000000714800000|  0%| F|  |TAMS 0x0000000714600000, 0x0000000714600000| Untracked 
| 129|0x0000000714800000, 0x0000000714800000, 0x0000000714a00000|  0%| F|  |TAMS 0x0000000714800000, 0x0000000714800000| Untracked 
| 130|0x0000000714a00000, 0x0000000714a00000, 0x0000000714c00000|  0%| F|  |TAMS 0x0000000714a00000, 0x0000000714a00000| Untracked 
| 131|0x0000000714c00000, 0x0000000714c00000, 0x0000000714e00000|  0%| F|  |TAMS 0x0000000714c00000, 0x0000000714c00000| Untracked 
| 132|0x0000000714e00000, 0x0000000714e00000, 0x0000000715000000|  0%| F|  |TAMS 0x0000000714e00000, 0x0000000714e00000| Untracked 
| 133|0x0000000715000000, 0x0000000715000000, 0x0000000715200000|  0%| F|  |TAMS 0x0000000715000000, 0x0000000715000000| Untracked 
| 134|0x0000000715200000, 0x0000000715200000, 0x0000000715400000|  0%| F|  |TAMS 0x0000000715200000, 0x0000000715200000| Untracked 
| 135|0x0000000715400000, 0x0000000715400000, 0x0000000715600000|  0%| F|  |TAMS 0x0000000715400000, 0x0000000715400000| Untracked 
| 136|0x0000000715600000, 0x0000000715600000, 0x0000000715800000|  0%| F|  |TAMS 0x0000000715600000, 0x0000000715600000| Untracked 
| 137|0x0000000715800000, 0x0000000715800000, 0x0000000715a00000|  0%| F|  |TAMS 0x0000000715800000, 0x0000000715800000| Untracked 
| 138|0x0000000715a00000, 0x0000000715a00000, 0x0000000715c00000|  0%| F|  |TAMS 0x0000000715a00000, 0x0000000715a00000| Untracked 
| 139|0x0000000715c00000, 0x0000000715c00000, 0x0000000715e00000|  0%| F|  |TAMS 0x0000000715c00000, 0x0000000715c00000| Untracked 
| 140|0x0000000715e00000, 0x0000000715e00000, 0x0000000716000000|  0%| F|  |TAMS 0x0000000715e00000, 0x0000000715e00000| Untracked 
| 141|0x0000000716000000, 0x0000000716000000, 0x0000000716200000|  0%| F|  |TAMS 0x0000000716000000, 0x0000000716000000| Untracked 
| 142|0x0000000716200000, 0x0000000716200000, 0x0000000716400000|  0%| F|  |TAMS 0x0000000716200000, 0x0000000716200000| Untracked 
| 143|0x0000000716400000, 0x0000000716400000, 0x0000000716600000|  0%| F|  |TAMS 0x0000000716400000, 0x0000000716400000| Untracked 
| 144|0x0000000716600000, 0x0000000716600000, 0x0000000716800000|  0%| F|  |TAMS 0x0000000716600000, 0x0000000716600000| Untracked 
| 145|0x0000000716800000, 0x0000000716800000, 0x0000000716a00000|  0%| F|  |TAMS 0x0000000716800000, 0x0000000716800000| Untracked 
| 146|0x0000000716a00000, 0x0000000716a00000, 0x0000000716c00000|  0%| F|  |TAMS 0x0000000716a00000, 0x0000000716a00000| Untracked 
| 147|0x0000000716c00000, 0x0000000716c00000, 0x0000000716e00000|  0%| F|  |TAMS 0x0000000716c00000, 0x0000000716c00000| Untracked 
| 148|0x0000000716e00000, 0x0000000716e00000, 0x0000000717000000|  0%| F|  |TAMS 0x0000000716e00000, 0x0000000716e00000| Untracked 
| 149|0x0000000717000000, 0x0000000717000000, 0x0000000717200000|  0%| F|  |TAMS 0x0000000717000000, 0x0000000717000000| Untracked 
| 150|0x0000000717200000, 0x0000000717200000, 0x0000000717400000|  0%| F|  |TAMS 0x0000000717200000, 0x0000000717200000| Untracked 
| 151|0x0000000717400000, 0x0000000717400000, 0x0000000717600000|  0%| F|  |TAMS 0x0000000717400000, 0x0000000717400000| Untracked 
| 152|0x0000000717600000, 0x0000000717600000, 0x0000000717800000|  0%| F|  |TAMS 0x0000000717600000, 0x0000000717600000| Untracked 
| 153|0x0000000717800000, 0x0000000717800000, 0x0000000717a00000|  0%| F|  |TAMS 0x0000000717800000, 0x0000000717800000| Untracked 
| 154|0x0000000717a00000, 0x0000000717a00000, 0x0000000717c00000|  0%| F|  |TAMS 0x0000000717a00000, 0x0000000717a00000| Untracked 
| 155|0x0000000717c00000, 0x0000000717c00000, 0x0000000717e00000|  0%| F|  |TAMS 0x0000000717c00000, 0x0000000717c00000| Untracked 
| 156|0x0000000717e00000, 0x0000000717e00000, 0x0000000718000000|  0%| F|  |TAMS 0x0000000717e00000, 0x0000000717e00000| Untracked 
| 157|0x0000000718000000, 0x0000000718000000, 0x0000000718200000|  0%| F|  |TAMS 0x0000000718000000, 0x0000000718000000| Untracked 
| 158|0x0000000718200000, 0x0000000718200000, 0x0000000718400000|  0%| F|  |TAMS 0x0000000718200000, 0x0000000718200000| Untracked 
| 159|0x0000000718400000, 0x0000000718400000, 0x0000000718600000|  0%| F|  |TAMS 0x0000000718400000, 0x0000000718400000| Untracked 
| 160|0x0000000718600000, 0x0000000718600000, 0x0000000718800000|  0%| F|  |TAMS 0x0000000718600000, 0x0000000718600000| Untracked 
| 161|0x0000000718800000, 0x0000000718800000, 0x0000000718a00000|  0%| F|  |TAMS 0x0000000718800000, 0x0000000718800000| Untracked 
| 162|0x0000000718a00000, 0x0000000718a00000, 0x0000000718c00000|  0%| F|  |TAMS 0x0000000718a00000, 0x0000000718a00000| Untracked 

Card table byte_map: [0x0000021a224f0000,0x0000021a22cd0000] _byte_map_base: 0x0000021a1eccd000

Marking Bits (Prev, Next): (CMBitMap*) 0x0000021a0f17afe0, (CMBitMap*) 0x0000021a0f17b020
 Prev Bits: [0x0000021a234b0000, 0x0000021a27398000)
 Next Bits: [0x0000021a273a0000, 0x0000021a2b288000)

Polling page: 0x0000021a0e8d0000

Metaspace:

Usage:
  Non-class:     10.46 MB used.
      Class:      1.23 MB used.
       Both:     11.68 MB used.

Virtual space:
  Non-class space:       16.00 MB reserved,      10.56 MB ( 66%) committed,  2 nodes.
      Class space:        1.00 GB reserved,       1.31 MB ( <1%) committed,  1 nodes.
             Both:        1.02 GB reserved,      11.88 MB (  1%) committed. 

Chunk freelists:
   Non-Class:  622.00 KB
       Class:  2.67 MB
        Both:  3.27 MB

MaxMetaspaceSize: unlimited
CompressedClassSpaceSize: 1.00 GB
Initial GC threshold: 21.00 MB
Current GC threshold: 21.00 MB
CDS: off
MetaspaceReclaimPolicy: balanced
 - commit_granule_bytes: 65536.
 - commit_granule_words: 8192.
 - virtual_space_node_default_size: 1048576.
 - enlarge_chunks_in_place: 1.
 - new_chunks_are_fully_committed: 0.
 - uncommit_free_chunks: 1.
 - use_allocation_guard: 0.
 - handle_deallocations: 1.


Internal statistics:

num_allocs_failed_limit: 0.
num_arena_births: 98.
num_arena_deaths: 0.
num_vsnodes_births: 3.
num_vsnodes_deaths: 0.
num_space_committed: 190.
num_space_uncommitted: 0.
num_chunks_returned_to_freelist: 0.
num_chunks_taken_from_freelist: 282.
num_chunk_merges: 0.
num_chunk_splits: 189.
num_chunks_enlarged: 146.
num_purges: 0.
num_inconsistent_stats: 0.

CodeHeap 'non-profiled nmethods': size=120000Kb used=523Kb max_used=523Kb free=119476Kb
 bounds [0x0000021a1a290000, 0x0000021a1a500000, 0x0000021a217c0000]
CodeHeap 'profiled nmethods': size=120000Kb used=1931Kb max_used=1931Kb free=118068Kb
 bounds [0x0000021a127c0000, 0x0000021a12a30000, 0x0000021a19cf0000]
CodeHeap 'non-nmethods': size=5760Kb used=1245Kb max_used=1282Kb free=4514Kb
 bounds [0x0000021a19cf0000, 0x0000021a19f60000, 0x0000021a1a290000]
 total_blobs=1773 nmethods=1228 adapters=458
 compilation: enabled
              stopped_count=0, restarted_count=0
 full_count=0

Compilation events (20 events):
Event: 1.118 Thread 0x0000021a2eaf4ee0 1219       4       java.lang.StringBuilder::append (10 bytes)
Event: 1.124 Thread 0x0000021a2eaf4ee0 nmethod 1219 0x0000021a1a307190 code [0x0000021a1a307340, 0x0000021a1a307be8]
Event: 1.140 Thread 0x0000021a2eb2f2b0 1220       4       java.lang.ref.Cleaner$1::apply (9 bytes)
Event: 1.140 Thread 0x0000021a2eb2f2b0 nmethod 1220 0x0000021a1a308090 code [0x0000021a1a308200, 0x0000021a1a3082b8]
Event: 1.148 Thread 0x0000021a2eaf4ee0 1221       4       com.opencsv.CSVWriter::writeNext (128 bytes)
Event: 1.178 Thread 0x0000021a2eb2f2b0 1222       4       java.lang.StringConcatHelper::prepend (37 bytes)
Event: 1.179 Thread 0x0000021a2eb2f2b0 nmethod 1222 0x0000021a1a308390 code [0x0000021a1a308520, 0x0000021a1a3086b8]
Event: 1.252 Thread 0x0000021a2eaf4ee0 nmethod 1221 0x0000021a1a308890 code [0x0000021a1a308bc0, 0x0000021a1a30c810]
Event: 1.354 Thread 0x0000021a2eb2f2b0 1223       4       java.lang.StringBuilder::setLength (6 bytes)
Event: 1.354 Thread 0x0000021a2eaf4ee0 1224       4       java.lang.AbstractStringBuilder::setLength (66 bytes)
Event: 1.368 Thread 0x0000021a2eaf4ee0 nmethod 1224 0x0000021a1a30e990 code [0x0000021a1a30eb20, 0x0000021a1a30f088]
Event: 1.368 Thread 0x0000021a2eb2f2b0 nmethod 1223 0x0000021a1a30f310 code [0x0000021a1a30f4a0, 0x0000021a1a30fa08]
Event: 1.466 Thread 0x0000021a2e8aa750 1225       4       animat.Animat::getDay (55 bytes)
Event: 1.514 Thread 0x0000021a2e8aa750 nmethod 1225 0x0000021a1a30fc90 code [0x0000021a1a30fee0, 0x0000021a1a312058]
Event: 1.530 Thread 0x0000021a2eaf4ee0 1226       4       animat.Animat::getDeath (17 bytes)
Event: 1.530 Thread 0x0000021a2eaf4ee0 nmethod 1226 0x0000021a1a312c90 code [0x0000021a1a312e00, 0x0000021a1a312e98]
Event: 1.532 Thread 0x0000021a2e8ac150 1227       3       java.util.ArrayList::iterator (9 bytes)
Event: 1.532 Thread 0x0000021a2e8ac150 nmethod 1227 0x0000021a129a2410 code [0x0000021a129a25c0, 0x0000021a129a2858]
Event: 1.532 Thread 0x0000021a2e8ac150 1228       3       java.util.ArrayList$Itr::<init> (26 bytes)
Event: 1.532 Thread 0x0000021a2e8ac150 nmethod 1228 0x0000021a129a2990 code [0x0000021a129a2b20, 0x0000021a129a2cf8]

GC Heap History (20 events):
Event: 0.644 GC heap after
{Heap after GC invocations=1 (full 0):
 garbage-first heap   total 258048K, used 3114K [0x0000000704600000, 0x0000000800000000)
  region size 2048K, 2 young (4096K), 2 survivors (4096K)
 Metaspace       used 11671K, committed 11776K, reserved 1064960K
  class space    used 1240K, committed 1280K, reserved 1048576K
}
Event: 0.743 GC heap before
{Heap before GC invocations=1 (full 0):
 garbage-first heap   total 258048K, used 39978K [0x0000000704600000, 0x0000000800000000)
  region size 2048K, 20 young (40960K), 2 survivors (4096K)
 Metaspace       used 11952K, committed 12160K, reserved 1064960K
  class space    used 1255K, committed 1344K, reserved 1048576K
}
Event: 0.745 GC heap after
{Heap after GC invocations=2 (full 0):
 garbage-first heap   total 258048K, used 3496K [0x0000000704600000, 0x0000000800000000)
  region size 2048K, 2 young (4096K), 2 survivors (4096K)
 Metaspace       used 11952K, committed 12160K, reserved 1064960K
  class space    used 1255K, committed 1344K, reserved 1048576K
}
Event: 0.972 GC heap before
{Heap before GC invocations=2 (full 0):
 garbage-first heap   total 258048K, used 153000K [0x0000000704600000, 0x0000000800000000)
  region size 2048K, 75 young (153600K), 2 survivors (4096K)
 Metaspace       used 11957K, committed 12160K, reserved 1064960K
  class space    used 1255K, committed 1344K, reserved 1048576K
}
Event: 0.974 GC heap after
{Heap after GC invocations=3 (full 0):
 garbage-first heap   total 258048K, used 3951K [0x0000000704600000, 0x0000000800000000)
  region size 2048K, 2 young (4096K), 2 survivors (4096K)
 Metaspace       used 11957K, committed 12160K, reserved 1064960K
  class space    used 1255K, committed 1344K, reserved 1048576K
}
Event: 1.044 GC heap before
{Heap before GC invocations=3 (full 0):
 garbage-first heap   total 258048K, used 153455K [0x0000000704600000, 0x0000000800000000)
  region size 2048K, 75 young (153600K), 2 survivors (4096K)
 Metaspace       used 11961K, committed 12160K, reserved 1064960K
  class space    used 1255K, committed 1344K, reserved 1048576K
}
Event: 1.045 GC heap after
{Heap after GC invocations=4 (full 0):
 garbage-first heap   total 258048K, used 4026K [0x0000000704600000, 0x0000000800000000)
  region size 2048K, 2 young (4096K), 2 survivors (4096K)
 Metaspace       used 11961K, committed 12160K, reserved 1064960K
  class space    used 1255K, committed 1344K, reserved 1048576K
}
Event: 1.098 GC heap before
{Heap before GC invocations=4 (full 0):
 garbage-first heap   total 258048K, used 153530K [0x0000000704600000, 0x0000000800000000)
  region size 2048K, 75 young (153600K), 2 survivors (4096K)
 Metaspace       used 11961K, committed 12160K, reserved 1064960K
  class space    used 1255K, committed 1344K, reserved 1048576K
}
Event: 1.100 GC heap after
{Heap after GC invocations=5 (full 0):
 garbage-first heap   total 258048K, used 4096K [0x0000000704600000, 0x0000000800000000)
  region size 2048K, 2 young (4096K), 2 survivors (4096K)
 Metaspace       used 11961K, committed 12160K, reserved 1064960K
  class space    used 1255K, committed 1344K, reserved 1048576K
}
Event: 1.163 GC heap before
{Heap before GC invocations=5 (full 0):
 garbage-first heap   total 258048K, used 153600K [0x0000000704600000, 0x0000000800000000)
  region size 2048K, 75 young (153600K), 2 survivors (4096K)
 Metaspace       used 11961K, committed 12160K, reserved 1064960K
  class space    used 1255K, committed 1344K, reserved 1048576K
}
Event: 1.167 GC heap after
{Heap after GC invocations=6 (full 0):
 garbage-first heap   total 258048K, used 4297K [0x0000000704600000, 0x0000000800000000)
  region size 2048K, 3 young (6144K), 3 survivors (6144K)
 Metaspace       used 11961K, committed 12160K, reserved 1064960K
  class space    used 1255K, committed 1344K, reserved 1048576K
}
Event: 1.216 GC heap before
{Heap before GC invocations=6 (full 0):
 garbage-first heap   total 258048K, used 151753K [0x0000000704600000, 0x0000000800000000)
  region size 2048K, 75 young (153600K), 3 survivors (6144K)
 Metaspace       used 11961K, committed 12160K, reserved 1064960K
  class space    used 1255K, committed 1344K, reserved 1048576K
}
Event: 1.250 GC heap after
{Heap after GC invocations=7 (full 0):
 garbage-first heap   total 333824K, used 4302K [0x0000000704600000, 0x0000000800000000)
  region size 2048K, 3 young (6144K), 3 survivors (6144K)
 Metaspace       used 11961K, committed 12160K, reserved 1064960K
  class space    used 1255K, committed 1344K, reserved 1048576K
}
Event: 1.338 GC heap before
{Heap before GC invocations=7 (full 0):
 garbage-first heap   total 333824K, used 196814K [0x0000000704600000, 0x0000000800000000)
  region size 2048K, 97 young (198656K), 3 survivors (6144K)
 Metaspace       used 11961K, committed 12160K, reserved 1064960K
  class space    used 1255K, committed 1344K, reserved 1048576K
}
Event: 1.340 GC heap after
{Heap after GC invocations=8 (full 0):
 garbage-first heap   total 333824K, used 4713K [0x0000000704600000, 0x0000000800000000)
  region size 2048K, 3 young (6144K), 3 survivors (6144K)
 Metaspace       used 11961K, committed 12160K, reserved 1064960K
  class space    used 1255K, committed 1344K, reserved 1048576K
}
Event: 1.415 GC heap before
{Heap before GC invocations=8 (full 0):
 garbage-first heap   total 333824K, used 197225K [0x0000000704600000, 0x0000000800000000)
  region size 2048K, 97 young (198656K), 3 survivors (6144K)
 Metaspace       used 11961K, committed 12160K, reserved 1064960K
  class space    used 1255K, committed 1344K, reserved 1048576K
}
Event: 1.417 GC heap after
{Heap after GC invocations=9 (full 0):
 garbage-first heap   total 333824K, used 4798K [0x0000000704600000, 0x0000000800000000)
  region size 2048K, 3 young (6144K), 3 survivors (6144K)
 Metaspace       used 11961K, committed 12160K, reserved 1064960K
  class space    used 1255K, committed 1344K, reserved 1048576K
}
Event: 1.482 GC heap before
{Heap before GC invocations=9 (full 0):
 garbage-first heap   total 333824K, used 197310K [0x0000000704600000, 0x0000000800000000)
  region size 2048K, 97 young (198656K), 3 survivors (6144K)
 Metaspace       used 11961K, committed 12160K, reserved 1064960K
  class space    used 1255K, committed 1344K, reserved 1048576K
}
Event: 1.483 GC heap after
{Heap after GC invocations=10 (full 0):
 garbage-first heap   total 333824K, used 5620K [0x0000000704600000, 0x0000000800000000)
  region size 2048K, 3 young (6144K), 3 survivors (6144K)
 Metaspace       used 11961K, committed 12160K, reserved 1064960K
  class space    used 1255K, committed 1344K, reserved 1048576K
}
Event: 1.558 GC heap before
{Heap before GC invocations=10 (full 0):
 garbage-first heap   total 333824K, used 198132K [0x0000000704600000, 0x0000000800000000)
  region size 2048K, 97 young (198656K), 3 survivors (6144K)
 Metaspace       used 11961K, committed 12160K, reserved 1064960K
  class space    used 1255K, committed 1344K, reserved 1048576K
}

Dll operation events (20 events):
Event: 0.465 Loaded shared library C:\Program Files\Java\javafx-sdk-21\bin\api-ms-win-crt-filesystem-l1-1-0.dll
Event: 0.465 Loaded shared library C:\Program Files\Java\javafx-sdk-21\bin\api-ms-win-crt-heap-l1-1-0.dll
Event: 0.466 Loaded shared library C:\Program Files\Java\javafx-sdk-21\bin\api-ms-win-crt-locale-l1-1-0.dll
Event: 0.467 Loaded shared library C:\Program Files\Java\javafx-sdk-21\bin\api-ms-win-crt-math-l1-1-0.dll
Event: 0.468 Loaded shared library C:\Program Files\Java\javafx-sdk-21\bin\api-ms-win-crt-multibyte-l1-1-0.dll
Event: 0.468 Loaded shared library C:\Program Files\Java\javafx-sdk-21\bin\api-ms-win-crt-private-l1-1-0.dll
Event: 0.469 Loaded shared library C:\Program Files\Java\javafx-sdk-21\bin\api-ms-win-crt-process-l1-1-0.dll
Event: 0.470 Loaded shared library C:\Program Files\Java\javafx-sdk-21\bin\api-ms-win-crt-runtime-l1-1-0.dll
Event: 0.470 Loaded shared library C:\Program Files\Java\javafx-sdk-21\bin\api-ms-win-crt-stdio-l1-1-0.dll
Event: 0.471 Loaded shared library C:\Program Files\Java\javafx-sdk-21\bin\api-ms-win-crt-string-l1-1-0.dll
Event: 0.472 Loaded shared library C:\Program Files\Java\javafx-sdk-21\bin\api-ms-win-crt-time-l1-1-0.dll
Event: 0.473 Loaded shared library C:\Program Files\Java\javafx-sdk-21\bin\api-ms-win-crt-utility-l1-1-0.dll
Event: 0.474 Loaded shared library C:\Program Files\Java\javafx-sdk-21\bin\ucrtbase.dll
Event: 0.474 Loaded shared library C:\Program Files\Java\javafx-sdk-21\bin\vcruntime140.dll
Event: 0.475 Loaded shared library C:\Program Files\Java\javafx-sdk-21\bin\vcruntime140_1.dll
Event: 0.476 Loaded shared library C:\Program Files\Java\javafx-sdk-21\bin\msvcp140.dll
Event: 0.477 Loaded shared library C:\Program Files\Java\javafx-sdk-21\bin\msvcp140_1.dll
Event: 0.477 Loaded shared library C:\Program Files\Java\javafx-sdk-21\bin\msvcp140_2.dll
Event: 0.502 Loaded shared library C:\Program Files\Java\javafx-sdk-21\bin\prism_d3d.dll
Event: 0.529 Loaded shared library C:\Program Files\Java\javafx-sdk-21\bin\glass.dll

Deoptimization events (20 events):
Event: 0.780 Thread 0x0000021a2f168400 Uncommon trap: trap_request=0xffffffcc fr.pc=0x0000021a1a2ee2fc relative=0x00000000000020fc
Event: 0.780 Thread 0x0000021a2f168400 Uncommon trap: reason=intrinsic_or_type_checked_inlining action=make_not_entrant pc=0x0000021a1a2ee2fc method=java.util.ArrayList$SubList.toArray([Ljava/lang/Object;)[Ljava/lang/Object; @ 58 c2
Event: 0.780 Thread 0x0000021a2f168400 DEOPT PACKING pc=0x0000021a1a2ee2fc sp=0x000000e630dfdf90
Event: 0.780 Thread 0x0000021a2f168400 DEOPT UNPACKING pc=0x0000021a19d4a1a3 sp=0x000000e630dfded8 mode 2
Event: 0.787 Thread 0x0000021a2f168400 DEOPT PACKING pc=0x0000021a12972f03 sp=0x000000e630dfe040
Event: 0.792 Thread 0x0000021a2f168400 DEOPT UNPACKING pc=0x0000021a19d4ace3 sp=0x000000e630dfd5f8 mode 0
Event: 0.806 Thread 0x0000021a2f168400 DEOPT PACKING pc=0x0000021a12972f03 sp=0x000000e630dfe040
Event: 0.806 Thread 0x0000021a2f168400 DEOPT UNPACKING pc=0x0000021a19d4ace3 sp=0x000000e630dfd5f8 mode 0
Event: 0.815 Thread 0x0000021a2f168400 DEOPT PACKING pc=0x0000021a12972f03 sp=0x000000e630dfe040
Event: 0.822 Thread 0x0000021a2f168400 DEOPT UNPACKING pc=0x0000021a19d4ace3 sp=0x000000e630dfd5f8 mode 0
Event: 0.830 Thread 0x0000021a2f168400 DEOPT PACKING pc=0x0000021a12972f03 sp=0x000000e630dfe040
Event: 0.830 Thread 0x0000021a2f168400 DEOPT UNPACKING pc=0x0000021a19d4ace3 sp=0x000000e630dfd5f8 mode 0
Event: 0.860 Thread 0x0000021a2f168400 DEOPT PACKING pc=0x0000021a12972f03 sp=0x000000e630dfe040
Event: 0.860 Thread 0x0000021a2f168400 DEOPT UNPACKING pc=0x0000021a19d4ace3 sp=0x000000e630dfd5f8 mode 0
Event: 0.872 Thread 0x0000021a2f168400 DEOPT PACKING pc=0x0000021a12972f03 sp=0x000000e630dfe040
Event: 0.872 Thread 0x0000021a2f168400 DEOPT UNPACKING pc=0x0000021a19d4ace3 sp=0x000000e630dfd5f8 mode 0
Event: 0.882 Thread 0x0000021a2f168400 DEOPT PACKING pc=0x0000021a12972f03 sp=0x000000e630dfe040
Event: 0.882 Thread 0x0000021a2f168400 DEOPT UNPACKING pc=0x0000021a19d4ace3 sp=0x000000e630dfd5f8 mode 0
Event: 0.893 Thread 0x0000021a2f168400 DEOPT PACKING pc=0x0000021a12972f03 sp=0x000000e630dfe040
Event: 0.893 Thread 0x0000021a2f168400 DEOPT UNPACKING pc=0x0000021a19d4ace3 sp=0x000000e630dfd5f8 mode 0

Classes unloaded (0 events):
No events

Classes redefined (0 events):
No events

Internal exceptions (13 events):
Event: 0.412 Thread 0x0000021a0f10d4e0 Exception <a 'java/lang/NoSuchMethodError'{0x0000000713be8418}: 'java.lang.Object java.lang.invoke.DirectMethodHandle$Holder.invokeStaticInit(java.lang.Object)'> (0x0000000713be8418) 
thrown [s\src\hotspot\share\interpreter\linkResolver.cpp, line 759]
Event: 0.414 Thread 0x0000021a0f10d4e0 Exception <a 'java/lang/NoSuchMethodError'{0x0000000713bf0028}: 'void java.lang.invoke.DirectMethodHandle$Holder.invokeStatic(java.lang.Object, java.lang.Object)'> (0x0000000713bf0028) 
thrown [s\src\hotspot\share\interpreter\linkResolver.cpp, line 759]
Event: 0.492 Thread 0x0000021a0f10d4e0 Exception <a 'java/lang/NoSuchMethodError'{0x00000007136ff310}: 'void java.lang.invoke.DirectMethodHandle$Holder.invokeSpecial(java.lang.Object, java.lang.Object, java.lang.Object)'> (0x00000007136ff310) 
thrown [s\src\hotspot\share\interpreter\linkResolver.cpp, line 759]
Event: 0.498 Thread 0x0000021a0f10d4e0 Exception <a 'java/lang/NoSuchMethodError'{0x00000007137380b8}: 'void java.lang.invoke.DirectMethodHandle$Holder.invokeStatic(java.lang.Object, java.lang.Object, java.lang.Object)'> (0x00000007137380b8) 
thrown [s\src\hotspot\share\interpreter\linkResolver.cpp, line 759]
Event: 0.521 Thread 0x0000021a0f10d4e0 Exception <a 'java/lang/NoSuchMethodError'{0x0000000713754aa8}: 'int java.lang.invoke.DirectMethodHandle$Holder.invokeStaticInit(java.lang.Object, java.lang.Object, java.lang.Object)'> (0x0000000713754aa8) 
thrown [s\src\hotspot\share\interpreter\linkResolver.cpp, line 759]
Event: 0.532 Thread 0x0000021a0f10d4e0 Exception <a 'java/lang/NoSuchMethodError'{0x000000071347c550}: 'java.lang.Object java.lang.invoke.DirectMethodHandle$Holder.newInvokeSpecial(java.lang.Object, java.lang.Object, int, java.lang.Object)'> (0x000000071347c550) 
thrown [s\src\hotspot\share\interpreter\linkResolver.cpp, line 759]
Event: 0.532 Thread 0x0000021a0f10d4e0 Exception <a 'java/lang/NoSuchMethodError'{0x0000000713480930}: 'java.lang.Object java.lang.invoke.DirectMethodHandle$Holder.invokeSpecial(java.lang.Object, java.lang.Object, java.lang.Object, int, java.lang.Object)'> (0x0000000713480930) 
thrown [s\src\hotspot\share\interpreter\linkResolver.cpp, line 759]
Event: 0.573 Thread 0x0000021a2f168400 Exception <a 'java/lang/NoSuchMethodError'{0x0000000713377360}: 'void java.lang.invoke.DirectMethodHandle$Holder.invokeStaticInit(java.lang.Object)'> (0x0000000713377360) 
thrown [s\src\hotspot\share\interpreter\linkResolver.cpp, line 759]
Event: 0.575 Thread 0x0000021a0f10d4e0 Exception <a 'java/lang/NoSuchMethodError'{0x0000000713495a30}: 'java.lang.Object java.lang.invoke.DirectMethodHandle$Holder.newInvokeSpecial(java.lang.Object, java.lang.Object, java.lang.Object, java.lang.Object, java.lang.Object, java.lang.Object)'> (0x0000000713495a30) 
thrown [s\src\hotspot\share\interpreter\linkResolver.cpp, line 759]
Event: 0.584 Thread 0x0000021a0f10d4e0 Exception <a 'java/lang/NoSuchMethodError'{0x00000007134c3320}: 'java.lang.Object java.lang.invoke.DirectMethodHandle$Holder.newInvokeSpecial(java.lang.Object, java.lang.Object, java.lang.Object, java.lang.Object, java.lang.Object)'> (0x00000007134c3320) 
thrown [s\src\hotspot\share\interpreter\linkResolver.cpp, line 759]
Event: 0.585 Thread 0x0000021a2f465c60 Exception <a 'java/lang/NoSuchMethodError'{0x0000000713076f00}: 'void java.lang.invoke.DirectMethodHandle$Holder.invokeStatic(java.lang.Object, java.lang.Object, java.lang.Object, java.lang.Object)'> (0x0000000713076f00) 
thrown [s\src\hotspot\share\interpreter\linkResolver.cpp, line 759]
Event: 0.611 Thread 0x0000021a2f168400 Exception <a 'java/lang/NoSuchMethodError'{0x0000000712fe96a0}: 'java.lang.Object java.lang.invoke.DirectMethodHandle$Holder.invokeStaticInit(java.lang.Object, java.lang.Object, java.lang.Object, java.lang.Object)'> (0x0000000712fe96a0) 
thrown [s\src\hotspot\share\interpreter\linkResolver.cpp, line 759]
Event: 0.612 Thread 0x0000021a2f168400 Exception <a 'java/lang/NullPointerException'{0x0000000712ff50c0}> (0x0000000712ff50c0) 
thrown [s\src\hotspot\share\interpreter\linkResolver.cpp, line 1350]

VM Operations (20 events):
Event: 0.648 Executing VM operation: HandshakeAllThreads done
Event: 0.743 Executing VM operation: G1CollectForAllocation
Event: 0.745 Executing VM operation: G1CollectForAllocation done
Event: 0.972 Executing VM operation: G1CollectForAllocation
Event: 0.974 Executing VM operation: G1CollectForAllocation done
Event: 1.044 Executing VM operation: G1CollectForAllocation
Event: 1.045 Executing VM operation: G1CollectForAllocation done
Event: 1.098 Executing VM operation: G1CollectForAllocation
Event: 1.100 Executing VM operation: G1CollectForAllocation done
Event: 1.163 Executing VM operation: G1CollectForAllocation
Event: 1.167 Executing VM operation: G1CollectForAllocation done
Event: 1.216 Executing VM operation: G1CollectForAllocation
Event: 1.250 Executing VM operation: G1CollectForAllocation done
Event: 1.338 Executing VM operation: G1CollectForAllocation
Event: 1.340 Executing VM operation: G1CollectForAllocation done
Event: 1.415 Executing VM operation: G1CollectForAllocation
Event: 1.417 Executing VM operation: G1CollectForAllocation done
Event: 1.481 Executing VM operation: G1CollectForAllocation
Event: 1.483 Executing VM operation: G1CollectForAllocation done
Event: 1.558 Executing VM operation: G1CollectForAllocation

Events (20 events):
Event: 0.648 loading class jdk/internal/loader/URLClassPath$JarLoader$2 done
Event: 0.648 loading class java/util/zip/CRC32
Event: 0.648 loading class java/util/zip/Checksum
Event: 0.648 loading class java/util/zip/Checksum done
Event: 0.648 loading class java/util/zip/CRC32 done
Event: 0.648 loading class java/util/zip/Checksum$1
Event: 0.648 loading class java/util/zip/Checksum$1 done
Event: 0.650 loading class java/io/FileOutputStream$1
Event: 0.650 loading class java/io/FileOutputStream$1 done
Event: 0.651 loading class java/util/Random
Event: 0.651 loading class java/util/random/RandomGenerator
Event: 0.651 loading class java/util/random/RandomGenerator done
Event: 0.651 loading class java/util/Random done
Event: 0.651 loading class java/io/BufferedReader
Event: 0.651 loading class java/io/BufferedReader done
Event: 0.652 loading class sun/nio/cs/StreamDecoder
Event: 0.653 loading class sun/nio/cs/StreamDecoder done
Event: 0.978 loading class jdk/internal/access/foreign/MemorySegmentProxy
Event: 0.978 loading class jdk/internal/access/foreign/MemorySegmentProxy done
Event: 1.530 Thread 0x0000021a2eb2f2b0 Thread exited: 0x0000021a2eb2f2b0


Dynamic libraries:
0x00007ff7d0a00000 - 0x00007ff7d0a0e000 	C:\Users\mpoko\.p2\pool\plugins\org.eclipse.justj.openjdk.hotspot.jre.full.win32.x86_64_17.0.6.v20230204-1729\jre\bin\javaw.exe
0x00007fff1f970000 - 0x00007fff1fb87000 	C:\WINDOWS\SYSTEM32\ntdll.dll
0x00007fff1da60000 - 0x00007fff1db24000 	C:\WINDOWS\System32\KERNEL32.DLL
0x00007fff1d0f0000 - 0x00007fff1d496000 	C:\WINDOWS\System32\KERNELBASE.dll
0x00007fff1ccf0000 - 0x00007fff1ce01000 	C:\WINDOWS\System32\ucrtbase.dll
0x00007fff12c40000 - 0x00007fff12c59000 	C:\Users\mpoko\.p2\pool\plugins\org.eclipse.justj.openjdk.hotspot.jre.full.win32.x86_64_17.0.6.v20230204-1729\jre\bin\VCRUNTIME140.dll
0x00007fff10700000 - 0x00007fff10717000 	C:\Users\mpoko\.p2\pool\plugins\org.eclipse.justj.openjdk.hotspot.jre.full.win32.x86_64_17.0.6.v20230204-1729\jre\bin\jli.dll
0x00007fff1f070000 - 0x00007fff1f21d000 	C:\WINDOWS\System32\USER32.dll
0x00007fff1cf00000 - 0x00007fff1cf26000 	C:\WINDOWS\System32\win32u.dll
0x00007fff1f770000 - 0x00007fff1f799000 	C:\WINDOWS\System32\GDI32.dll
0x00007fff00d20000 - 0x00007fff00fb3000 	C:\WINDOWS\WinSxS\amd64_microsoft.windows.common-controls_6595b64144ccf1df_6.0.22621.2361_none_2712ced57382f843\COMCTL32.dll
0x00007fff1cfd0000 - 0x00007fff1d0e8000 	C:\WINDOWS\System32\gdi32full.dll
0x00007fff1f220000 - 0x00007fff1f2c7000 	C:\WINDOWS\System32\msvcrt.dll
0x00007fff1cf30000 - 0x00007fff1cfca000 	C:\WINDOWS\System32\msvcp_win.dll
0x00007fff1e8f0000 - 0x00007fff1e921000 	C:\WINDOWS\System32\IMM32.DLL
0x00007fff14d70000 - 0x00007fff14d7c000 	C:\Users\mpoko\.p2\pool\plugins\org.eclipse.justj.openjdk.hotspot.jre.full.win32.x86_64_17.0.6.v20230204-1729\jre\bin\vcruntime140_1.dll
0x00007fff03540000 - 0x00007fff035d1000 	C:\Users\mpoko\.p2\pool\plugins\org.eclipse.justj.openjdk.hotspot.jre.full.win32.x86_64_17.0.6.v20230204-1729\jre\bin\msvcp140.dll
0x00007ffe741f0000 - 0x00007ffe74e37000 	C:\Users\mpoko\.p2\pool\plugins\org.eclipse.justj.openjdk.hotspot.jre.full.win32.x86_64_17.0.6.v20230204-1729\jre\bin\server\jvm.dll
0x00007fff1e840000 - 0x00007fff1e8f0000 	C:\WINDOWS\System32\ADVAPI32.dll
0x00007fff1f7a0000 - 0x00007fff1f846000 	C:\WINDOWS\System32\sechost.dll
0x00007fff1eec0000 - 0x00007fff1efd7000 	C:\WINDOWS\System32\RPCRT4.dll
0x00007fff104f0000 - 0x00007fff10524000 	C:\WINDOWS\SYSTEM32\WINMM.dll
0x00007ffeead30000 - 0x00007ffeead39000 	C:\WINDOWS\SYSTEM32\WSOCK32.dll
0x00007fff11ad0000 - 0x00007fff11ada000 	C:\WINDOWS\SYSTEM32\VERSION.dll
0x00007fff1d910000 - 0x00007fff1d981000 	C:\WINDOWS\System32\WS2_32.dll
0x00007fff1bdc0000 - 0x00007fff1bdd8000 	C:\WINDOWS\SYSTEM32\kernel.appcore.dll
0x00007fff138b0000 - 0x00007fff138ba000 	C:\Users\mpoko\.p2\pool\plugins\org.eclipse.justj.openjdk.hotspot.jre.full.win32.x86_64_17.0.6.v20230204-1729\jre\bin\jimage.dll
0x00007fff1a4d0000 - 0x00007fff1a6fe000 	C:\WINDOWS\SYSTEM32\DBGHELP.DLL
0x00007fff1e4b0000 - 0x00007fff1e83a000 	C:\WINDOWS\System32\combase.dll
0x00007fff1f850000 - 0x00007fff1f927000 	C:\WINDOWS\System32\OLEAUT32.dll
0x00007fff01350000 - 0x00007fff01382000 	C:\WINDOWS\SYSTEM32\dbgcore.DLL
0x00007fff1ce10000 - 0x00007fff1ce8a000 	C:\WINDOWS\System32\bcryptPrimitives.dll
0x00007fff106d0000 - 0x00007fff106f5000 	C:\Users\mpoko\.p2\pool\plugins\org.eclipse.justj.openjdk.hotspot.jre.full.win32.x86_64_17.0.6.v20230204-1729\jre\bin\java.dll
0x00007fff106b0000 - 0x00007fff106c8000 	C:\Users\mpoko\.p2\pool\plugins\org.eclipse.justj.openjdk.hotspot.jre.full.win32.x86_64_17.0.6.v20230204-1729\jre\bin\zip.dll
0x00007fff1db50000 - 0x00007fff1e3a8000 	C:\WINDOWS\System32\SHELL32.dll
0x00007fff1ac10000 - 0x00007fff1b502000 	C:\WINDOWS\SYSTEM32\windows.storage.dll
0x00007fff1aad0000 - 0x00007fff1ac0e000 	C:\WINDOWS\SYSTEM32\wintypes.dll
0x00007fff1f2f0000 - 0x00007fff1f3e3000 	C:\WINDOWS\System32\SHCORE.dll
0x00007fff1d990000 - 0x00007fff1d9ee000 	C:\WINDOWS\System32\shlwapi.dll
0x00007fff1cc20000 - 0x00007fff1cc46000 	C:\WINDOWS\SYSTEM32\profapi.dll
0x00007fff10670000 - 0x00007fff10689000 	C:\Users\mpoko\.p2\pool\plugins\org.eclipse.justj.openjdk.hotspot.jre.full.win32.x86_64_17.0.6.v20230204-1729\jre\bin\net.dll
0x00007fff11ae0000 - 0x00007fff11c17000 	C:\WINDOWS\SYSTEM32\WINHTTP.dll
0x00007fff1c2a0000 - 0x00007fff1c309000 	C:\WINDOWS\system32\mswsock.dll
0x00007fff10650000 - 0x00007fff10665000 	C:\Users\mpoko\.p2\pool\plugins\org.eclipse.justj.openjdk.hotspot.jre.full.win32.x86_64_17.0.6.v20230204-1729\jre\bin\nio.dll
0x0000021a2df40000 - 0x0000021a2df43000 	C:\Program Files\Java\javafx-sdk-21\bin\api-ms-win-core-console-l1-1-0.dll
0x0000021a2df50000 - 0x0000021a2df53000 	C:\Program Files\Java\javafx-sdk-21\bin\api-ms-win-core-console-l1-2-0.dll
0x0000021a2df60000 - 0x0000021a2df63000 	C:\Program Files\Java\javafx-sdk-21\bin\api-ms-win-core-datetime-l1-1-0.dll
0x0000021a2df70000 - 0x0000021a2df73000 	C:\Program Files\Java\javafx-sdk-21\bin\api-ms-win-core-debug-l1-1-0.dll
0x0000021a2df80000 - 0x0000021a2df83000 	C:\Program Files\Java\javafx-sdk-21\bin\api-ms-win-core-errorhandling-l1-1-0.dll
0x0000021a2df90000 - 0x0000021a2df94000 	C:\Program Files\Java\javafx-sdk-21\bin\api-ms-win-core-file-l1-1-0.dll
0x0000021a2dfa0000 - 0x0000021a2dfa3000 	C:\Program Files\Java\javafx-sdk-21\bin\api-ms-win-core-file-l1-2-0.dll
0x0000021a2dfb0000 - 0x0000021a2dfb3000 	C:\Program Files\Java\javafx-sdk-21\bin\api-ms-win-core-file-l2-1-0.dll
0x0000021a2dfc0000 - 0x0000021a2dfc3000 	C:\Program Files\Java\javafx-sdk-21\bin\api-ms-win-core-handle-l1-1-0.dll
0x0000021a2dfd0000 - 0x0000021a2dfd3000 	C:\Program Files\Java\javafx-sdk-21\bin\api-ms-win-core-heap-l1-1-0.dll
0x0000021a2dfe0000 - 0x0000021a2dfe3000 	C:\Program Files\Java\javafx-sdk-21\bin\api-ms-win-core-interlocked-l1-1-0.dll
0x0000021a2dff0000 - 0x0000021a2dff3000 	C:\Program Files\Java\javafx-sdk-21\bin\api-ms-win-core-libraryloader-l1-1-0.dll
0x0000021a2f500000 - 0x0000021a2f503000 	C:\Program Files\Java\javafx-sdk-21\bin\api-ms-win-core-localization-l1-2-0.dll
0x0000021a2f510000 - 0x0000021a2f513000 	C:\Program Files\Java\javafx-sdk-21\bin\api-ms-win-core-memory-l1-1-0.dll
0x0000021a2f520000 - 0x0000021a2f523000 	C:\Program Files\Java\javafx-sdk-21\bin\api-ms-win-core-namedpipe-l1-1-0.dll
0x0000021a2f530000 - 0x0000021a2f533000 	C:\Program Files\Java\javafx-sdk-21\bin\api-ms-win-core-processenvironment-l1-1-0.dll
0x0000021a2f540000 - 0x0000021a2f543000 	C:\Program Files\Java\javafx-sdk-21\bin\api-ms-win-core-processthreads-l1-1-0.dll
0x0000021a2f550000 - 0x0000021a2f553000 	C:\Program Files\Java\javafx-sdk-21\bin\api-ms-win-core-processthreads-l1-1-1.dll
0x0000021a2f560000 - 0x0000021a2f563000 	C:\Program Files\Java\javafx-sdk-21\bin\api-ms-win-core-profile-l1-1-0.dll
0x0000021a2f570000 - 0x0000021a2f573000 	C:\Program Files\Java\javafx-sdk-21\bin\api-ms-win-core-rtlsupport-l1-1-0.dll
0x0000021a2f580000 - 0x0000021a2f583000 	C:\Program Files\Java\javafx-sdk-21\bin\api-ms-win-core-string-l1-1-0.dll
0x0000021a2f590000 - 0x0000021a2f593000 	C:\Program Files\Java\javafx-sdk-21\bin\api-ms-win-core-synch-l1-1-0.dll
0x0000021a2f5a0000 - 0x0000021a2f5a3000 	C:\Program Files\Java\javafx-sdk-21\bin\api-ms-win-core-synch-l1-2-0.dll
0x0000021a2f5b0000 - 0x0000021a2f5b3000 	C:\Program Files\Java\javafx-sdk-21\bin\api-ms-win-core-sysinfo-l1-1-0.dll
0x0000021a2f5c0000 - 0x0000021a2f5c3000 	C:\Program Files\Java\javafx-sdk-21\bin\api-ms-win-core-timezone-l1-1-0.dll
0x0000021a2f5d0000 - 0x0000021a2f5d3000 	C:\Program Files\Java\javafx-sdk-21\bin\api-ms-win-core-util-l1-1-0.dll
0x0000021a2f5e0000 - 0x0000021a2f5e3000 	C:\Program Files\Java\javafx-sdk-21\bin\api-ms-win-crt-conio-l1-1-0.dll
0x0000021a2f5f0000 - 0x0000021a2f5f4000 	C:\Program Files\Java\javafx-sdk-21\bin\api-ms-win-crt-convert-l1-1-0.dll
0x0000021a2f600000 - 0x0000021a2f603000 	C:\Program Files\Java\javafx-sdk-21\bin\api-ms-win-crt-environment-l1-1-0.dll
0x0000021a2f610000 - 0x0000021a2f613000 	C:\Program Files\Java\javafx-sdk-21\bin\api-ms-win-crt-filesystem-l1-1-0.dll
0x0000021a2f620000 - 0x0000021a2f623000 	C:\Program Files\Java\javafx-sdk-21\bin\api-ms-win-crt-heap-l1-1-0.dll
0x0000021a2f630000 - 0x0000021a2f633000 	C:\Program Files\Java\javafx-sdk-21\bin\api-ms-win-crt-locale-l1-1-0.dll
0x0000021a2f640000 - 0x0000021a2f645000 	C:\Program Files\Java\javafx-sdk-21\bin\api-ms-win-crt-math-l1-1-0.dll
0x0000021a2f650000 - 0x0000021a2f655000 	C:\Program Files\Java\javafx-sdk-21\bin\api-ms-win-crt-multibyte-l1-1-0.dll
0x0000021a2f660000 - 0x0000021a2f670000 	C:\Program Files\Java\javafx-sdk-21\bin\api-ms-win-crt-private-l1-1-0.dll
0x0000021a2f670000 - 0x0000021a2f673000 	C:\Program Files\Java\javafx-sdk-21\bin\api-ms-win-crt-process-l1-1-0.dll
0x0000021a2f680000 - 0x0000021a2f684000 	C:\Program Files\Java\javafx-sdk-21\bin\api-ms-win-crt-runtime-l1-1-0.dll
0x0000021a2f690000 - 0x0000021a2f694000 	C:\Program Files\Java\javafx-sdk-21\bin\api-ms-win-crt-stdio-l1-1-0.dll
0x0000021a2f6a0000 - 0x0000021a2f6a4000 	C:\Program Files\Java\javafx-sdk-21\bin\api-ms-win-crt-string-l1-1-0.dll
0x0000021a2f6b0000 - 0x0000021a2f6b3000 	C:\Program Files\Java\javafx-sdk-21\bin\api-ms-win-crt-time-l1-1-0.dll
0x0000021a2f6c0000 - 0x0000021a2f6c3000 	C:\Program Files\Java\javafx-sdk-21\bin\api-ms-win-crt-utility-l1-1-0.dll
0x00007ffeed510000 - 0x00007ffeed60c000 	C:\Program Files\Java\javafx-sdk-21\bin\ucrtbase.dll
0x00007fff10630000 - 0x00007fff1064b000 	C:\Program Files\Java\javafx-sdk-21\bin\vcruntime140.dll
0x00007fff10620000 - 0x00007fff1062c000 	C:\Program Files\Java\javafx-sdk-21\bin\vcruntime140_1.dll
0x00007ffeed6e0000 - 0x00007ffeed76e000 	C:\Program Files\Java\javafx-sdk-21\bin\msvcp140.dll
0x00007fff1d770000 - 0x00007fff1d90f000 	C:\WINDOWS\System32\ole32.dll
0x00007fff10610000 - 0x00007fff10619000 	C:\Program Files\Java\javafx-sdk-21\bin\msvcp140_1.dll
0x00007fff01f10000 - 0x00007fff01f3f000 	C:\Program Files\Java\javafx-sdk-21\bin\msvcp140_2.dll
0x00007fff00410000 - 0x00007fff0043f000 	C:\Program Files\Java\javafx-sdk-21\bin\prism_d3d.dll
0x00007fff040d0000 - 0x00007fff04279000 	C:\WINDOWS\system32\d3d9.dll
0x00007fff19c80000 - 0x00007fff19cab000 	C:\WINDOWS\SYSTEM32\dwmapi.dll
0x00007fff19b20000 - 0x00007fff19b56000 	C:\WINDOWS\SYSTEM32\dxcore.dll
0x00007fff19a40000 - 0x00007fff19aeb000 	C:\WINDOWS\system32\uxtheme.dll
0x00007ffeb5e70000 - 0x00007ffeb608c000 	C:\WINDOWS\System32\DriverStore\FileRepository\iigd_dch.inf_amd64_85a68d3d96c69012\igdumdim64.dll
0x00007ffeb4af0000 - 0x00007ffeb5e63000 	C:\WINDOWS\System32\DriverStore\FileRepository\iigd_dch.inf_amd64_85a68d3d96c69012\igd9dxva64.dll
0x00007fff1ea40000 - 0x00007fff1eeb4000 	C:\WINDOWS\System32\SETUPAPI.dll
0x00007fff1c9e0000 - 0x00007fff1ca2e000 	C:\WINDOWS\SYSTEM32\cfgmgr32.dll
0x00007ffe95b20000 - 0x00007ffe97840000 	C:\WINDOWS\System32\DriverStore\FileRepository\iigd_dch.inf_amd64_85a68d3d96c69012\media_bin_64.dll
0x00007fff0aba0000 - 0x00007fff0afb7000 	C:\WINDOWS\System32\DriverStore\FileRepository\iigd_dch.inf_amd64_85a68d3d96c69012\igdgmm64.dll
0x00007fff13cd0000 - 0x00007fff13d1a000 	C:\WINDOWS\SYSTEM32\directxdatabasehelper.dll
0x00007ffeed430000 - 0x00007ffeed472000 	C:\Program Files\Java\javafx-sdk-21\bin\glass.dll
0x00007fff1e3b0000 - 0x00007fff1e4a9000 	C:\WINDOWS\System32\COMDLG32.dll
0x00007fff1f620000 - 0x00007fff1f76c000 	C:\WINDOWS\System32\MSCTF.dll
0x00007ffedbab0000 - 0x00007ffedbad7000 	C:\WINDOWS\System32\DriverStore\FileRepository\iigd_dch.inf_amd64_85a68d3d96c69012\igdinfo64.dll
0x00007fff1c4f0000 - 0x00007fff1c50b000 	C:\WINDOWS\SYSTEM32\CRYPTSP.dll
0x00007fff1bd80000 - 0x00007fff1bdb5000 	C:\WINDOWS\system32\rsaenh.dll
0x00007fff1c510000 - 0x00007fff1c51c000 	C:\WINDOWS\SYSTEM32\CRYPTBASE.dll
0x00007fff1c6b0000 - 0x00007fff1c6d8000 	C:\WINDOWS\SYSTEM32\bcrypt.dll
0x00007fff06ea0000 - 0x00007fff0ab9c000 	C:\WINDOWS\System32\DriverStore\FileRepository\iigd_dch.inf_amd64_85a68d3d96c69012\igc64.dll

dbghelp: loaded successfully - version: 4.0.5 - missing functions: none
symbol engine: initialized successfully - sym options: 0x614 - pdb path: .;C:\Users\mpoko\.p2\pool\plugins\org.eclipse.justj.openjdk.hotspot.jre.full.win32.x86_64_17.0.6.v20230204-1729\jre\bin;C:\WINDOWS\SYSTEM32;C:\WINDOWS\WinSxS\amd64_microsoft.windows.common-controls_6595b64144ccf1df_6.0.22621.2361_none_2712ced57382f843;C:\Users\mpoko\.p2\pool\plugins\org.eclipse.justj.openjdk.hotspot.jre.full.win32.x86_64_17.0.6.v20230204-1729\jre\bin\server;C:\Program Files\Java\javafx-sdk-21\bin;C:\WINDOWS\System32\DriverStore\FileRepository\iigd_dch.inf_amd64_85a68d3d96c69012

VM Arguments:
jvm_args: --module-path=C:\Program Files\Java\javafx-sdk-21\lib --add-modules=javafx.controls,javafx.graphics,javafx.fxml -Dfile.encoding=UTF-8 -Dstdout.encoding=UTF-8 -Dstderr.encoding=UTF-8 --module-path=C:\Users\mpoko\.p2\pool\plugins\org.eclipse.fx.ide.css.jfx8_3.8.0.202204150904.jar;C:\Program Files\Java\javafx-sdk-21\lib\javafx.base.jar;C:\Program Files\Java\javafx-sdk-21\lib\javafx.controls.jar;C:\Program Files\Java\javafx-sdk-21\lib\javafx.fxml.jar;C:\Program Files\Java\javafx-sdk-21\lib\javafx.graphics.jar;C:\Program Files\Java\javafx-sdk-21\lib\javafx.media.jar;C:\Program Files\Java\javafx-sdk-21\lib\javafx.swing.jar;C:\Program Files\Java\javafx-sdk-21\lib\javafx.web.jar;C:\Program Files\Java\javafx-sdk-21\lib\javafx-swt.jar;C:\Program Files\Java\opencsv-5.8.jar -XX:+ShowCodeDetailsInExceptionMessages 
java_command: Main
java_class_path (initial): C:\Users\mpoko\eclipse-workspace\Social-Learning\Social-Learning\target\classes;C:\Program Files\Java\opencsv-5.8.jar
Launcher Type: SUN_STANDARD

[Global flags]
     intx CICompilerCount                          = 4                                         {product} {ergonomic}
     uint ConcGCThreads                            = 3                                         {product} {ergonomic}
     uint G1ConcRefinementThreads                  = 10                                        {product} {ergonomic}
   size_t G1HeapRegionSize                         = 2097152                                   {product} {ergonomic}
    uintx GCDrainStackTargetSize                   = 64                                        {product} {ergonomic}
   size_t InitialHeapSize                          = 264241152                                 {product} {ergonomic}
   size_t MarkStackSize                            = 4194304                                   {product} {ergonomic}
   size_t MaxHeapSize                              = 4221566976                                {product} {ergonomic}
   size_t MaxNewSize                               = 2531262464                                {product} {ergonomic}
   size_t MinHeapDeltaBytes                        = 2097152                                   {product} {ergonomic}
   size_t MinHeapSize                              = 8388608                                   {product} {ergonomic}
    uintx NonNMethodCodeHeapSize                   = 5839372                                {pd product} {ergonomic}
    uintx NonProfiledCodeHeapSize                  = 122909434                              {pd product} {ergonomic}
    uintx ProfiledCodeHeapSize                     = 122909434                              {pd product} {ergonomic}
    uintx ReservedCodeCacheSize                    = 251658240                              {pd product} {ergonomic}
     bool SegmentedCodeCache                       = true                                      {product} {ergonomic}
     bool ShowCodeDetailsInExceptionMessages       = true                                   {manageable} {command line}
   size_t SoftMaxHeapSize                          = 4221566976                             {manageable} {ergonomic}
     bool UseCompressedClassPointers               = true                           {product lp64_product} {ergonomic}
     bool UseCompressedOops                        = true                           {product lp64_product} {ergonomic}
     bool UseG1GC                                  = true                                      {product} {ergonomic}
     bool UseLargePagesIndividualAllocation        = false                                  {pd product} {ergonomic}

Logging:
Log output configuration:
 #0: stdout all=warning uptime,level,tags
 #1: stderr all=off uptime,level,tags

Environment Variables:
PATH=C:/Users/mpoko/.p2/pool/plugins/org.eclipse.justj.openjdk.hotspot.jre.full.win32.x86_64_21.0.0.v20231013-1207/jre/bin/server;C:/Users/mpoko/.p2/pool/plugins/org.eclipse.justj.openjdk.hotspot.jre.full.win32.x86_64_21.0.0.v20231013-1207/jre/bin;C:\Python311\Scripts\;C:\Python311\;C:\Program Files\Common Files\Oracle\Java\javapath;C:\Program Files\Microsoft\jdk-11.0.12.7-hotspot\bin;C:\Program Files\Eclipse Adoptium\jdk-17.0.4.101-hotspot\bin;C:\Python310\Scripts\;C:\Python310\;C:\WINDOWS\system32;C:\WINDOWS;C:\WINDOWS\System32\Wbem;C:\WINDOWS\System32\WindowsPowerShell\v1.0\;C:\WINDOWS\System32\OpenSSH\;C:\xampp\php;C:\ProgramData\ComposerSetup\bin;C:\Program Files (x86)\QuickTime\QTSystem\;C:\ProgramData\chocolatey\bin;C:\Program Files\Microsoft SQL Server\150\Tools\Binn\;C:\Program Files\Microsoft SQL Server\Client SDK\ODBC\170\Tools\Binn\;C:\Program Files\Git\cmd;C:\Program Files\dotnet\;C:\Program Files (x86)\Steel Bank Common Lisp\;C:\Program Files\CMake\bin;C:\Program Files\nodejs\;C:\Swift\bin;C:\Users\mpoko\emsdk\node\15.14.0_64bit\bin;C:\Users\mpoko\emsdk;C:\Users\mpoko\emsdk\upstream\emscripten;C:\Users\mpoko\AppData\Local\Microsoft\WindowsApps;C:\Program Files\JetBrains\IntelliJ IDEA Community Edition 2021.3\bin;C:\Users\mpoko\AppData\Local\atom\bin;C:\Users\mpoko\AppData\Local\Programs\Microsoft VS Code\bin;C:\Users\mpoko\AppData\Roaming\Composer\vendor\bin;C:\Users\mpoko\AppData\Local\GitHubDesktop\bin;C:\Users\mpoko\AppData\Local\Microsoft\WindowsApps;C:\Users\mpoko\.dotnet\tools;C:\ghcup\bin;C:\Program Files\JetBrains\IntelliJ IDEA Community Edition 2023.1.3\bin;;C:\MinGW\bin;C:\Users\mpoko\AppData\Roaming\npm;C:\Swift\bin;;C:\Users\mpoko\Desktop;
USERNAME=mpoko
OS=Windows_NT
PROCESSOR_IDENTIFIER=Intel64 Family 6 Model 141 Stepping 1, GenuineIntel
TMP=C:\Users\mpoko\AppData\Local\Temp
TEMP=C:\Users\mpoko\AppData\Local\Temp



---------------  S Y S T E M  ---------------

OS:
 Windows 11 , 64 bit Build 22621 (10.0.22621.2428)
OS uptime: 3 days 1:24 hours
Hyper-V role detected

CPU: total 12 (initial active 12) (6 cores per cpu, 2 threads per core) family 6 model 141 stepping 1 microcode 0x34, cx8, cmov, fxsr, ht, mmx, 3dnowpref, sse, sse2, sse3, ssse3, sse4.1, sse4.2, popcnt, lzcnt, tsc, tscinvbit, avx, avx2, aes, erms, clmul, bmi1, bmi2, adx, avx512f, avx512dq, avx512cd, avx512bw, avx512vl, sha, fma, vzeroupper, avx512_vpopcntdq, avx512_vpclmulqdq, avx512_vaes, avx512_vnni, clflush, clflushopt, clwb, avx512_vbmi2, avx512_vbmi, hv

Memory: 4k page, system-wide physical 16103M (1941M free)
TotalPageFile size 65219M (AvailPageFile size 95M)
current process WorkingSet (physical memory assigned to process): 319M, peak: 321M
current process commit charge ("private bytes"): 472M, peak: 798M

vm_info: OpenJDK 64-Bit Server VM (17.0.6+10) for windows-amd64 JRE (17.0.6+10), built on Jan 18 2023 10:08:59 by "temurin" with MS VC++ 16.7 (VS2019)

END.
