#
# There is insufficient memory for the Java Runtime Environment to continue.
# Native memory allocation (mmap) failed to map 264241152 bytes for G1 virtual space
# Possible reasons:
#   The system is out of physical RAM or swap space
#   The process is running with CompressedOops enabled, and the Java Heap may be blocking the growth of the native heap
# Possible solutions:
#   Reduce memory load on the system
#   Increase physical memory or swap space
#   Check if swap backing store is full
#   Decrease Java heap size (-Xmx/-Xms)
#   Decrease number of Java threads
#   Decrease Java thread stack sizes (-Xss)
#   Set larger code cache with -XX:ReservedCodeCacheSize=
#   JVM is running with Zero Based Compressed Oops mode in which the Java heap is
#     placed in the first 32GB address space. The Java Heap base address is the
#     maximum limit for the native heap growth. Please use -XX:HeapBaseMinAddress
#     to set the Java Heap base and to place the Java Heap above 32GB virtual address.
# This output file may be truncated or incomplete.
#
#  Out of Memory Error (os_windows.cpp:3557), pid=35372, tid=9868
#
# JRE version:  (17.0.6+10) (build )
# Java VM: OpenJDK 64-Bit Server VM (17.0.6+10, mixed mode, sharing, tiered, compressed oops, compressed class ptrs, g1 gc, windows-amd64)
# No core dump will be written. Minidumps are not enabled by default on client versions of Windows
#

---------------  S U M M A R Y ------------

Command Line: --module-path=C:\Program Files\Java\javafx-sdk-21\lib --add-modules=javafx.controls,javafx.graphics,javafx.fxml -Dfile.encoding=UTF-8 -Dstdout.encoding=UTF-8 -Dstderr.encoding=UTF-8 --module-path=C:\Users\mpoko\.p2\pool\plugins\org.eclipse.fx.ide.css.jfx8_3.8.0.202204150904.jar;C:\Program Files\Java\javafx-sdk-21\lib\javafx.base.jar;C:\Program Files\Java\javafx-sdk-21\lib\javafx.controls.jar;C:\Program Files\Java\javafx-sdk-21\lib\javafx.fxml.jar;C:\Program Files\Java\javafx-sdk-21\lib\javafx.graphics.jar;C:\Program Files\Java\javafx-sdk-21\lib\javafx.media.jar;C:\Program Files\Java\javafx-sdk-21\lib\javafx.swing.jar;C:\Program Files\Java\javafx-sdk-21\lib\javafx.web.jar;C:\Program Files\Java\javafx-sdk-21\lib\javafx-swt.jar;C:\Program Files\Java\opencsv-5.8.jar -XX:+ShowCodeDetailsInExceptionMessages Main

Host: 11th Gen Intel(R) Core(TM) i5-11400H @ 2.70GHz, 12 cores, 15G,  Windows 11 , 64 bit Build 22621 (10.0.22621.2428)
Time: Fri Nov 10 21:23:41 2023 GMT Standard Time elapsed time: 0.007954 seconds (0d 0h 0m 0s)

---------------  T H R E A D  ---------------

Current thread (0x000002437eb7c570):  JavaThread "Unknown thread" [_thread_in_vm, id=9868, stack(0x0000004a2eb00000,0x0000004a2ec00000)]

Stack: [0x0000004a2eb00000,0x0000004a2ec00000]
Native frames: (J=compiled Java code, j=interpreted, Vv=VM code, C=native code)
V  [jvm.dll+0x67741a]
V  [jvm.dll+0x834434]
V  [jvm.dll+0x835bde]
V  [jvm.dll+0x836243]
V  [jvm.dll+0x2457b5]
V  [jvm.dll+0x674329]
V  [jvm.dll+0x6689da]
V  [jvm.dll+0x30489b]
V  [jvm.dll+0x30bd96]
V  [jvm.dll+0x35b57e]
V  [jvm.dll+0x35b7af]
V  [jvm.dll+0x2db778]
V  [jvm.dll+0x2dc6e4]
V  [jvm.dll+0x806131]
V  [jvm.dll+0x369331]
V  [jvm.dll+0x7e56ac]
V  [jvm.dll+0x3eb35f]
V  [jvm.dll+0x3ecea1]
C  [jli.dll+0x5267]
C  [ucrtbase.dll+0x29363]
C  [KERNEL32.DLL+0x1257d]
C  [ntdll.dll+0x5aa78]


---------------  P R O C E S S  ---------------

Threads class SMR info:
_java_thread_list=0x00007ffe74d05fd8, length=0, elements={
}

Java Threads: ( => current thread )

Other Threads:
  0x000002437ebe8a50 GCTaskThread "GC Thread#0" [stack: 0x0000004a2ec00000,0x0000004a2ed00000] [id=15776]
  0x000002437ebf9520 ConcurrentGCThread "G1 Main Marker" [stack: 0x0000004a2ed00000,0x0000004a2ee00000] [id=27036]
  0x000002437ebfa6d0 ConcurrentGCThread "G1 Conc#0" [stack: 0x0000004a2ee00000,0x0000004a2ef00000] [id=4208]

[error occurred during error reporting (printing all threads), id 0xc0000005, EXCEPTION_ACCESS_VIOLATION (0xc0000005) at pc=0x00007ffe744dc1e7]

VM state: not at safepoint (not fully initialized)

VM Mutex/Monitor currently owned by a thread:  ([mutex/lock_event])
[0x000002437eb764c0] Heap_lock - owner thread: 0x000002437eb7c570

Heap address: 0x0000000704600000, size: 4026 MB, Compressed Oops mode: Zero based, Oop shift amount: 3

CDS archive(s) mapped at: [0x0000000000000000-0x0000000000000000-0x0000000000000000), size 0, SharedBaseAddress: 0x0000000800000000, ArchiveRelocationMode: 0.
Narrow klass base: 0x0000000000000000, Narrow klass shift: 0, Narrow klass range: 0x0

GC Precious Log:
<Empty>

Heap:
 garbage-first heap   total 0K, used 0K [0x0000000704600000, 0x0000000800000000)
  region size 2048K, 0 young (0K), 0 survivors (0K)

[error occurred during error reporting (printing heap information), id 0xc0000005, EXCEPTION_ACCESS_VIOLATION (0xc0000005) at pc=0x00007ffe748c06f9]

GC Heap History (0 events):
No events

Dll operation events (1 events):
Event: 0.005 Loaded shared library C:\Users\mpoko\.p2\pool\plugins\org.eclipse.justj.openjdk.hotspot.jre.full.win32.x86_64_17.0.6.v20230204-1729\jre\bin\java.dll

Deoptimization events (0 events):
No events

Classes unloaded (0 events):
No events

Classes redefined (0 events):
No events

Internal exceptions (0 events):
No events

VM Operations (0 events):
No events

Events (0 events):
No events


Dynamic libraries:
0x00007ff7d0a00000 - 0x00007ff7d0a0e000 	C:\Users\mpoko\.p2\pool\plugins\org.eclipse.justj.openjdk.hotspot.jre.full.win32.x86_64_17.0.6.v20230204-1729\jre\bin\javaw.exe
0x00007fff1f970000 - 0x00007fff1fb87000 	C:\WINDOWS\SYSTEM32\ntdll.dll
0x00007fff1da60000 - 0x00007fff1db24000 	C:\WINDOWS\System32\KERNEL32.DLL
0x00007fff1d0f0000 - 0x00007fff1d496000 	C:\WINDOWS\System32\KERNELBASE.dll
0x00007fff1ccf0000 - 0x00007fff1ce01000 	C:\WINDOWS\System32\ucrtbase.dll
0x00007fff10700000 - 0x00007fff10717000 	C:\Users\mpoko\.p2\pool\plugins\org.eclipse.justj.openjdk.hotspot.jre.full.win32.x86_64_17.0.6.v20230204-1729\jre\bin\jli.dll
0x00007fff12c40000 - 0x00007fff12c59000 	C:\Users\mpoko\.p2\pool\plugins\org.eclipse.justj.openjdk.hotspot.jre.full.win32.x86_64_17.0.6.v20230204-1729\jre\bin\VCRUNTIME140.dll
0x00007fff1f070000 - 0x00007fff1f21d000 	C:\WINDOWS\System32\USER32.dll
0x00007fff1cf00000 - 0x00007fff1cf26000 	C:\WINDOWS\System32\win32u.dll
0x00007fff1f770000 - 0x00007fff1f799000 	C:\WINDOWS\System32\GDI32.dll
0x00007fff00d20000 - 0x00007fff00fb3000 	C:\WINDOWS\WinSxS\amd64_microsoft.windows.common-controls_6595b64144ccf1df_6.0.22621.2361_none_2712ced57382f843\COMCTL32.dll
0x00007fff1cfd0000 - 0x00007fff1d0e8000 	C:\WINDOWS\System32\gdi32full.dll
0x00007fff1f220000 - 0x00007fff1f2c7000 	C:\WINDOWS\System32\msvcrt.dll
0x00007fff1cf30000 - 0x00007fff1cfca000 	C:\WINDOWS\System32\msvcp_win.dll
0x00007fff1e8f0000 - 0x00007fff1e921000 	C:\WINDOWS\System32\IMM32.DLL
0x00007fff14d70000 - 0x00007fff14d7c000 	C:\Users\mpoko\.p2\pool\plugins\org.eclipse.justj.openjdk.hotspot.jre.full.win32.x86_64_17.0.6.v20230204-1729\jre\bin\vcruntime140_1.dll
0x00007fff03540000 - 0x00007fff035d1000 	C:\Users\mpoko\.p2\pool\plugins\org.eclipse.justj.openjdk.hotspot.jre.full.win32.x86_64_17.0.6.v20230204-1729\jre\bin\msvcp140.dll
0x00007ffe741f0000 - 0x00007ffe74e37000 	C:\Users\mpoko\.p2\pool\plugins\org.eclipse.justj.openjdk.hotspot.jre.full.win32.x86_64_17.0.6.v20230204-1729\jre\bin\server\jvm.dll
0x00007fff1e840000 - 0x00007fff1e8f0000 	C:\WINDOWS\System32\ADVAPI32.dll
0x00007fff1f7a0000 - 0x00007fff1f846000 	C:\WINDOWS\System32\sechost.dll
0x00007fff1eec0000 - 0x00007fff1efd7000 	C:\WINDOWS\System32\RPCRT4.dll
0x00007fff104f0000 - 0x00007fff10524000 	C:\WINDOWS\SYSTEM32\WINMM.dll
0x00007ffeead30000 - 0x00007ffeead39000 	C:\WINDOWS\SYSTEM32\WSOCK32.dll
0x00007fff11ad0000 - 0x00007fff11ada000 	C:\WINDOWS\SYSTEM32\VERSION.dll
0x00007fff1d910000 - 0x00007fff1d981000 	C:\WINDOWS\System32\WS2_32.dll
0x00007fff1bdc0000 - 0x00007fff1bdd8000 	C:\WINDOWS\SYSTEM32\kernel.appcore.dll
0x00007fff138b0000 - 0x00007fff138ba000 	C:\Users\mpoko\.p2\pool\plugins\org.eclipse.justj.openjdk.hotspot.jre.full.win32.x86_64_17.0.6.v20230204-1729\jre\bin\jimage.dll
0x00007fff1a4d0000 - 0x00007fff1a6fe000 	C:\WINDOWS\SYSTEM32\DBGHELP.DLL
0x00007fff1e4b0000 - 0x00007fff1e83a000 	C:\WINDOWS\System32\combase.dll
0x00007fff1f850000 - 0x00007fff1f927000 	C:\WINDOWS\System32\OLEAUT32.dll
0x00007fff01350000 - 0x00007fff01382000 	C:\WINDOWS\SYSTEM32\dbgcore.DLL
0x00007fff1ce10000 - 0x00007fff1ce8a000 	C:\WINDOWS\System32\bcryptPrimitives.dll
0x00007fff106d0000 - 0x00007fff106f5000 	C:\Users\mpoko\.p2\pool\plugins\org.eclipse.justj.openjdk.hotspot.jre.full.win32.x86_64_17.0.6.v20230204-1729\jre\bin\java.dll

dbghelp: loaded successfully - version: 4.0.5 - missing functions: none
symbol engine: initialized successfully - sym options: 0x614 - pdb path: .;C:\Users\mpoko\.p2\pool\plugins\org.eclipse.justj.openjdk.hotspot.jre.full.win32.x86_64_17.0.6.v20230204-1729\jre\bin;C:\WINDOWS\SYSTEM32;C:\WINDOWS\WinSxS\amd64_microsoft.windows.common-controls_6595b64144ccf1df_6.0.22621.2361_none_2712ced57382f843;C:\Users\mpoko\.p2\pool\plugins\org.eclipse.justj.openjdk.hotspot.jre.full.win32.x86_64_17.0.6.v20230204-1729\jre\bin\server

VM Arguments:
jvm_args: --module-path=C:\Program Files\Java\javafx-sdk-21\lib --add-modules=javafx.controls,javafx.graphics,javafx.fxml -Dfile.encoding=UTF-8 -Dstdout.encoding=UTF-8 -Dstderr.encoding=UTF-8 --module-path=C:\Users\mpoko\.p2\pool\plugins\org.eclipse.fx.ide.css.jfx8_3.8.0.202204150904.jar;C:\Program Files\Java\javafx-sdk-21\lib\javafx.base.jar;C:\Program Files\Java\javafx-sdk-21\lib\javafx.controls.jar;C:\Program Files\Java\javafx-sdk-21\lib\javafx.fxml.jar;C:\Program Files\Java\javafx-sdk-21\lib\javafx.graphics.jar;C:\Program Files\Java\javafx-sdk-21\lib\javafx.media.jar;C:\Program Files\Java\javafx-sdk-21\lib\javafx.swing.jar;C:\Program Files\Java\javafx-sdk-21\lib\javafx.web.jar;C:\Program Files\Java\javafx-sdk-21\lib\javafx-swt.jar;C:\Program Files\Java\opencsv-5.8.jar -XX:+ShowCodeDetailsInExceptionMessages 
java_command: Main
java_class_path (initial): C:\Users\mpoko\eclipse-workspace\Social-Learning\Social-Learning\target\classes;C:\Program Files\Java\opencsv-5.8.jar
Launcher Type: SUN_STANDARD

[Global flags]
     intx CICompilerCount                          = 4                                         {product} {ergonomic}
     uint ConcGCThreads                            = 3                                         {product} {ergonomic}
     uint G1ConcRefinementThreads                  = 10                                        {product} {ergonomic}
   size_t G1HeapRegionSize                         = 2097152                                   {product} {ergonomic}
    uintx GCDrainStackTargetSize                   = 64                                        {product} {ergonomic}
   size_t InitialHeapSize                          = 264241152                                 {product} {ergonomic}
   size_t MarkStackSize                            = 4194304                                   {product} {ergonomic}
   size_t MaxHeapSize                              = 4221566976                                {product} {ergonomic}
   size_t MinHeapDeltaBytes                        = 2097152                                   {product} {ergonomic}
   size_t MinHeapSize                              = 8388608                                   {product} {ergonomic}
    uintx NonNMethodCodeHeapSize                   = 5839372                                {pd product} {ergonomic}
    uintx NonProfiledCodeHeapSize                  = 122909434                              {pd product} {ergonomic}
    uintx ProfiledCodeHeapSize                     = 122909434                              {pd product} {ergonomic}
    uintx ReservedCodeCacheSize                    = 251658240                              {pd product} {ergonomic}
     bool SegmentedCodeCache                       = true                                      {product} {ergonomic}
     bool ShowCodeDetailsInExceptionMessages       = true                                   {manageable} {command line}
   size_t SoftMaxHeapSize                          = 4221566976                             {manageable} {ergonomic}
     bool UseCompressedClassPointers               = true                           {product lp64_product} {ergonomic}
     bool UseCompressedOops                        = true                           {product lp64_product} {ergonomic}
     bool UseG1GC                                  = true                                      {product} {ergonomic}
     bool UseLargePagesIndividualAllocation        = false                                  {pd product} {ergonomic}

Logging:
Log output configuration:
 #0: stdout all=warning uptime,level,tags
 #1: stderr all=off uptime,level,tags

Environment Variables:
PATH=C:/Users/mpoko/.p2/pool/plugins/org.eclipse.justj.openjdk.hotspot.jre.full.win32.x86_64_21.0.0.v20231013-1207/jre/bin/server;C:/Users/mpoko/.p2/pool/plugins/org.eclipse.justj.openjdk.hotspot.jre.full.win32.x86_64_21.0.0.v20231013-1207/jre/bin;C:\Python311\Scripts\;C:\Python311\;C:\Program Files\Common Files\Oracle\Java\javapath;C:\Program Files\Microsoft\jdk-11.0.12.7-hotspot\bin;C:\Program Files\Eclipse Adoptium\jdk-17.0.4.101-hotspot\bin;C:\Python310\Scripts\;C:\Python310\;C:\WINDOWS\system32;C:\WINDOWS;C:\WINDOWS\System32\Wbem;C:\WINDOWS\System32\WindowsPowerShell\v1.0\;C:\WINDOWS\System32\OpenSSH\;C:\xampp\php;C:\ProgramData\ComposerSetup\bin;C:\Program Files (x86)\QuickTime\QTSystem\;C:\ProgramData\chocolatey\bin;C:\Program Files\Microsoft SQL Server\150\Tools\Binn\;C:\Program Files\Microsoft SQL Server\Client SDK\ODBC\170\Tools\Binn\;C:\Program Files\Git\cmd;C:\Program Files\dotnet\;C:\Program Files (x86)\Steel Bank Common Lisp\;C:\Program Files\CMake\bin;C:\Program Files\nodejs\;C:\Swift\bin;C:\Users\mpoko\emsdk\node\15.14.0_64bit\bin;C:\Users\mpoko\emsdk;C:\Users\mpoko\emsdk\upstream\emscripten;C:\Users\mpoko\AppData\Local\Microsoft\WindowsApps;C:\Program Files\JetBrains\IntelliJ IDEA Community Edition 2021.3\bin;C:\Users\mpoko\AppData\Local\atom\bin;C:\Users\mpoko\AppData\Local\Programs\Microsoft VS Code\bin;C:\Users\mpoko\AppData\Roaming\Composer\vendor\bin;C:\Users\mpoko\AppData\Local\GitHubDesktop\bin;C:\Users\mpoko\AppData\Local\Microsoft\WindowsApps;C:\Users\mpoko\.dotnet\tools;C:\ghcup\bin;C:\Program Files\JetBrains\IntelliJ IDEA Community Edition 2023.1.3\bin;;C:\MinGW\bin;C:\Users\mpoko\AppData\Roaming\npm;C:\Swift\bin;;C:\Users\mpoko\Desktop;
USERNAME=mpoko
OS=Windows_NT
PROCESSOR_IDENTIFIER=Intel64 Family 6 Model 141 Stepping 1, GenuineIntel
TMP=C:\Users\mpoko\AppData\Local\Temp
TEMP=C:\Users\mpoko\AppData\Local\Temp



---------------  S Y S T E M  ---------------

OS:
 Windows 11 , 64 bit Build 22621 (10.0.22621.2428)
OS uptime: 3 days 1:47 hours
Hyper-V role detected

CPU: total 12 (initial active 12) (6 cores per cpu, 2 threads per core) family 6 model 141 stepping 1 microcode 0x34, cx8, cmov, fxsr, ht, mmx, 3dnowpref, sse, sse2, sse3, ssse3, sse4.1, sse4.2, popcnt, lzcnt, tsc, tscinvbit, avx, avx2, aes, erms, clmul, bmi1, bmi2, adx, avx512f, avx512dq, avx512cd, avx512bw, avx512vl, sha, fma, vzeroupper, avx512_vpopcntdq, avx512_vpclmulqdq, avx512_vaes, avx512_vnni, clflush, clflushopt, clwb, avx512_vbmi2, avx512_vbmi, hv

Memory: 4k page, system-wide physical 16103M (2544M free)
TotalPageFile size 65255M (AvailPageFile size 165M)
current process WorkingSet (physical memory assigned to process): 11M, peak: 11M
current process commit charge ("private bytes"): 64M, peak: 316M

vm_info: OpenJDK 64-Bit Server VM (17.0.6+10) for windows-amd64 JRE (17.0.6+10), built on Jan 18 2023 10:08:59 by "temurin" with MS VC++ 16.7 (VS2019)

END.
