#
# There is insufficient memory for the Java Runtime Environment to continue.
# Native memory allocation (mmap) failed to map 92274688 bytes for G1 virtual space
# Possible reasons:
#   The system is out of physical RAM or swap space
#   The process is running with CompressedOops enabled, and the Java Heap may be blocking the growth of the native heap
# Possible solutions:
#   Reduce memory load on the system
#   Increase physical memory or swap space
#   Check if swap backing store is full
#   Decrease Java heap size (-Xmx/-Xms)
#   Decrease number of Java threads
#   Decrease Java thread stack sizes (-Xss)
#   Set larger code cache with -XX:ReservedCodeCacheSize=
#   JVM is running with Zero Based Compressed Oops mode in which the Java heap is
#     placed in the first 32GB address space. The Java Heap base address is the
#     maximum limit for the native heap growth. Please use -XX:HeapBaseMinAddress
#     to set the Java Heap base and to place the Java Heap above 32GB virtual address.
# This output file may be truncated or incomplete.
#
#  Out of Memory Error (os_windows.cpp:3557), pid=30908, tid=30884
#
# JRE version: OpenJDK Runtime Environment Temurin-17.0.6+10 (17.0.6+10) (build 17.0.6+10)
# Java VM: OpenJDK 64-Bit Server VM Temurin-17.0.6+10 (17.0.6+10, mixed mode, tiered, compressed oops, compressed class ptrs, g1 gc, windows-amd64)
# No core dump will be written. Minidumps are not enabled by default on client versions of Windows
#

---------------  S U M M A R Y ------------

Command Line: --module-path=C:\Program Files\Java\javafx-sdk-21\lib --add-modules=javafx.controls,javafx.graphics,javafx.fxml -Dfile.encoding=UTF-8 -Dstdout.encoding=UTF-8 -Dstderr.encoding=UTF-8 --module-path=C:\Users\mpoko\.p2\pool\plugins\org.eclipse.fx.ide.css.jfx8_3.8.0.202204150904.jar;C:\Program Files\Java\javafx-sdk-21\lib\javafx.base.jar;C:\Program Files\Java\javafx-sdk-21\lib\javafx.controls.jar;C:\Program Files\Java\javafx-sdk-21\lib\javafx.fxml.jar;C:\Program Files\Java\javafx-sdk-21\lib\javafx.graphics.jar;C:\Program Files\Java\javafx-sdk-21\lib\javafx.media.jar;C:\Program Files\Java\javafx-sdk-21\lib\javafx.swing.jar;C:\Program Files\Java\javafx-sdk-21\lib\javafx.web.jar;C:\Program Files\Java\javafx-sdk-21\lib\javafx-swt.jar;C:\Program Files\Java\opencsv-5.8.jar -XX:+ShowCodeDetailsInExceptionMessages Main

Host: 11th Gen Intel(R) Core(TM) i5-11400H @ 2.70GHz, 12 cores, 15G,  Windows 11 , 64 bit Build 22621 (10.0.22621.2428)
Time: Fri Nov 10 21:19:39 2023 GMT Standard Time elapsed time: 14.818280 seconds (0d 0h 0m 14s)

---------------  T H R E A D  ---------------

Current thread (0x0000028cbb09ec20):  VMThread "VM Thread" [stack: 0x00000090ec700000,0x00000090ec800000] [id=30884]

Stack: [0x00000090ec700000,0x00000090ec800000]
Native frames: (J=compiled Java code, j=interpreted, Vv=VM code, C=native code)
V  [jvm.dll+0x67741a]
V  [jvm.dll+0x834434]
V  [jvm.dll+0x835bde]
V  [jvm.dll+0x836243]
V  [jvm.dll+0x2457b5]
V  [jvm.dll+0x674329]
V  [jvm.dll+0x6689da]
V  [jvm.dll+0x30489b]
V  [jvm.dll+0x30bd96]
V  [jvm.dll+0x35b57e]
V  [jvm.dll+0x35b7af]
V  [jvm.dll+0x2db778]
V  [jvm.dll+0x2d9a2c]
V  [jvm.dll+0x2d8ffc]
V  [jvm.dll+0x31cdcb]
V  [jvm.dll+0x83a6eb]
V  [jvm.dll+0x83b424]
V  [jvm.dll+0x83b93c]
V  [jvm.dll+0x83bd14]
V  [jvm.dll+0x83bde0]
V  [jvm.dll+0x7e483a]
V  [jvm.dll+0x6762c5]
C  [ucrtbase.dll+0x29363]
C  [KERNEL32.DLL+0x1257d]
C  [ntdll.dll+0x5aa78]

VM_Operation (0x00000090ed9fdfa0): G1CollectForAllocation, mode: safepoint, requested by thread 0x0000028cbc86acf0


---------------  P R O C E S S  ---------------

Threads class SMR info:
_java_thread_list=0x0000028cbc851a60, length=17, elements={
0x0000028c9c26e030, 0x0000028cbbc6c020, 0x0000028cbbc6cbd0, 0x0000028cbbc57650,
0x0000028cbbc58200, 0x0000028cbbc58bb0, 0x0000028cbbc99030, 0x0000028cbbca6170,
0x0000028cbbca6c10, 0x0000028cbbca7c20, 0x0000028cbbe0c380, 0x0000028cbc569670,
0x0000028cbc717f00, 0x0000028cbc8698e0, 0x0000028cbc86acf0, 0x0000028cbcba0ad0,
0x0000028cbcc06d20
}

Java Threads: ( => current thread )
  0x0000028c9c26e030 JavaThread "main" [_thread_blocked, id=26028, stack(0x00000090ec100000,0x00000090ec200000)]
  0x0000028cbbc6c020 JavaThread "Reference Handler" daemon [_thread_blocked, id=15348, stack(0x00000090ec800000,0x00000090ec900000)]
  0x0000028cbbc6cbd0 JavaThread "Finalizer" daemon [_thread_blocked, id=20444, stack(0x00000090ec900000,0x00000090eca00000)]
  0x0000028cbbc57650 JavaThread "Signal Dispatcher" daemon [_thread_blocked, id=15892, stack(0x00000090eca00000,0x00000090ecb00000)]
  0x0000028cbbc58200 JavaThread "Attach Listener" daemon [_thread_blocked, id=21980, stack(0x00000090ecb00000,0x00000090ecc00000)]
  0x0000028cbbc58bb0 JavaThread "Service Thread" daemon [_thread_blocked, id=32532, stack(0x00000090ecc00000,0x00000090ecd00000)]
  0x0000028cbbc99030 JavaThread "Monitor Deflation Thread" daemon [_thread_blocked, id=19876, stack(0x00000090ecd00000,0x00000090ece00000)]
  0x0000028cbbca6170 JavaThread "C2 CompilerThread0" daemon [_thread_blocked, id=9476, stack(0x00000090ece00000,0x00000090ecf00000)]
  0x0000028cbbca6c10 JavaThread "C1 CompilerThread0" daemon [_thread_blocked, id=26692, stack(0x00000090ecf00000,0x00000090ed000000)]
  0x0000028cbbca7c20 JavaThread "Sweeper thread" daemon [_thread_blocked, id=15356, stack(0x00000090ed000000,0x00000090ed100000)]
  0x0000028cbbe0c380 JavaThread "Common-Cleaner" daemon [_thread_blocked, id=26996, stack(0x00000090ed100000,0x00000090ed200000)]
  0x0000028cbc569670 JavaThread "Notification Thread" daemon [_thread_blocked, id=12720, stack(0x00000090ed400000,0x00000090ed500000)]
  0x0000028cbc717f00 JavaThread "QuantumRenderer-0" daemon [_thread_blocked, id=35016, stack(0x00000090ed600000,0x00000090ed700000)]
  0x0000028cbc8698e0 JavaThread "InvokeLaterDispatcher" daemon [_thread_blocked, id=36756, stack(0x00000090ed800000,0x00000090ed900000)]
  0x0000028cbc86acf0 JavaThread "JavaFX Application Thread" [_thread_blocked, id=15336, stack(0x00000090ed900000,0x00000090eda00000)]
  0x0000028cbcba0ad0 JavaThread "JavaFX-Launcher" [_thread_blocked, id=29288, stack(0x00000090edd00000,0x00000090ede00000)]
  0x0000028cbcc06d20 JavaThread "Thread-2" daemon [_thread_blocked, id=5304, stack(0x00000090edc00000,0x00000090edd00000)]

Other Threads:
=>0x0000028cbb09ec20 VMThread "VM Thread" [stack: 0x00000090ec700000,0x00000090ec800000] [id=30884]
  0x0000028c9c2f6680 WatcherThread [stack: 0x00000090ed500000,0x00000090ed600000] [id=10204]
  0x0000028c9c2da580 GCTaskThread "GC Thread#0" [stack: 0x00000090ec200000,0x00000090ec300000] [id=15796]
  0x0000028cbcbffde0 GCTaskThread "GC Thread#1" [stack: 0x00000090ede00000,0x00000090edf00000] [id=36688]
  0x0000028cbcc07600 GCTaskThread "GC Thread#2" [stack: 0x00000090edf00000,0x00000090ee000000] [id=21624]
  0x0000028cbcb7fa00 GCTaskThread "GC Thread#3" [stack: 0x00000090ee000000,0x00000090ee100000] [id=5116]
  0x0000028cbcc2b780 GCTaskThread "GC Thread#4" [stack: 0x00000090ee100000,0x00000090ee200000] [id=23016]
  0x0000028cbcbfbc00 GCTaskThread "GC Thread#5" [stack: 0x00000090ee200000,0x00000090ee300000] [id=33712]
  0x0000028cbce93010 GCTaskThread "GC Thread#6" [stack: 0x00000090ee300000,0x00000090ee400000] [id=22840]
  0x0000028cbccf0890 GCTaskThread "GC Thread#7" [stack: 0x00000090ed200000,0x00000090ed300000] [id=7944]
  0x0000028cbcce8860 GCTaskThread "GC Thread#8" [stack: 0x00000090ed300000,0x00000090ed400000] [id=3892]
  0x0000028cbcd2f400 GCTaskThread "GC Thread#9" [stack: 0x00000090ee400000,0x00000090ee500000] [id=13248]
  0x0000028c9c2eb050 ConcurrentGCThread "G1 Main Marker" [stack: 0x00000090ec300000,0x00000090ec400000] [id=12540]
  0x0000028c9c2ec200 ConcurrentGCThread "G1 Conc#0" [stack: 0x00000090ec400000,0x00000090ec500000] [id=25188]
  0x0000028c9c32de10 ConcurrentGCThread "G1 Refine#0" [stack: 0x00000090ec500000,0x00000090ec600000] [id=26640]
  0x0000028c9c32e830 ConcurrentGCThread "G1 Service" [stack: 0x00000090ec600000,0x00000090ec700000] [id=35668]

Threads with active compile tasks:

VM state: at safepoint (normal execution)

VM Mutex/Monitor currently owned by a thread:  ([mutex/lock_event])
[0x0000028c9c267710] Threads_lock - owner thread: 0x0000028cbb09ec20
[0x0000028c9c268b50] Heap_lock - owner thread: 0x0000028cbc86acf0

Heap address: 0x0000000704600000, size: 4026 MB, Compressed Oops mode: Zero based, Oop shift amount: 3

CDS archive(s) not mapped
Compressed class space mapped at: 0x0000000800000000-0x0000000840000000, reserved size: 1073741824
Narrow klass base: 0x0000000800000000, Narrow klass shift: 0, Narrow klass range: 0x40000000

GC Precious Log:
 CPUs: 12 total, 12 available
 Memory: 16103M
 Large Page Support: Disabled
 NUMA Support: Disabled
 Compressed Oops: Enabled (Zero based)
 Heap Region Size: 2M
 Heap Min Capacity: 8M
 Heap Initial Capacity: 252M
 Heap Max Capacity: 4026M
 Pre-touch: Disabled
 Parallel Workers: 10
 Concurrent Workers: 3
 Concurrent Refinement Workers: 10
 Periodic GC: Disabled

Heap:
 garbage-first heap   total 450560K, used 12632K [0x0000000704600000, 0x0000000800000000)
  region size 2048K, 1 young (2048K), 1 survivors (2048K)
 Metaspace       used 11992K, committed 12160K, reserved 1064960K
  class space    used 1256K, committed 1344K, reserved 1048576K

Heap Regions: E=young(eden), S=young(survivor), O=old, HS=humongous(starts), HC=humongous(continues), CS=collection set, F=free, OA=open archive, CA=closed archive, TAMS=top-at-mark-start (previous, next)
|   0|0x0000000704600000, 0x0000000704800000, 0x0000000704800000|100%| O|  |TAMS 0x0000000704600000, 0x0000000704600000| Untracked 
|   1|0x0000000704800000, 0x0000000704a00000, 0x0000000704a00000|100%| O|  |TAMS 0x0000000704800000, 0x0000000704800000| Untracked 
|   2|0x0000000704a00000, 0x0000000704c00000, 0x0000000704c00000|100%| O|  |TAMS 0x0000000704a00000, 0x0000000704a00000| Untracked 
|   3|0x0000000704c00000, 0x0000000704e00000, 0x0000000704e00000|100%| O|  |TAMS 0x0000000704c00000, 0x0000000704c00000| Untracked 
|   4|0x0000000704e00000, 0x0000000705000000, 0x0000000705000000|100%| O|  |TAMS 0x0000000704e00000, 0x0000000704e00000| Untracked 
|   5|0x0000000705000000, 0x00000007050b8000, 0x0000000705200000| 35%| O|  |TAMS 0x0000000705000000, 0x0000000705000000| Untracked 
|   6|0x0000000705200000, 0x0000000705200000, 0x0000000705400000|  0%| F|  |TAMS 0x0000000705200000, 0x0000000705200000| Untracked 
|   7|0x0000000705400000, 0x0000000705400000, 0x0000000705600000|  0%| F|  |TAMS 0x0000000705400000, 0x0000000705400000| Untracked 
|   8|0x0000000705600000, 0x0000000705600000, 0x0000000705800000|  0%| F|  |TAMS 0x0000000705600000, 0x0000000705600000| Untracked 
|   9|0x0000000705800000, 0x0000000705800000, 0x0000000705a00000|  0%| F|  |TAMS 0x0000000705800000, 0x0000000705800000| Untracked 
|  10|0x0000000705a00000, 0x0000000705a00000, 0x0000000705c00000|  0%| F|  |TAMS 0x0000000705a00000, 0x0000000705a00000| Untracked 
|  11|0x0000000705c00000, 0x0000000705c00000, 0x0000000705e00000|  0%| F|  |TAMS 0x0000000705c00000, 0x0000000705c00000| Untracked 
|  12|0x0000000705e00000, 0x0000000705e00000, 0x0000000706000000|  0%| F|  |TAMS 0x0000000705e00000, 0x0000000705e00000| Untracked 
|  13|0x0000000706000000, 0x0000000706000000, 0x0000000706200000|  0%| F|  |TAMS 0x0000000706000000, 0x0000000706000000| Untracked 
|  14|0x0000000706200000, 0x0000000706200000, 0x0000000706400000|  0%| F|  |TAMS 0x0000000706200000, 0x0000000706200000| Untracked 
|  15|0x0000000706400000, 0x0000000706400000, 0x0000000706600000|  0%| F|  |TAMS 0x0000000706400000, 0x0000000706400000| Untracked 
|  16|0x0000000706600000, 0x0000000706600000, 0x0000000706800000|  0%| F|  |TAMS 0x0000000706600000, 0x0000000706600000| Untracked 
|  17|0x0000000706800000, 0x0000000706800000, 0x0000000706a00000|  0%| F|  |TAMS 0x0000000706800000, 0x0000000706800000| Untracked 
|  18|0x0000000706a00000, 0x0000000706a00000, 0x0000000706c00000|  0%| F|  |TAMS 0x0000000706a00000, 0x0000000706a00000| Untracked 
|  19|0x0000000706c00000, 0x0000000706c00000, 0x0000000706e00000|  0%| F|  |TAMS 0x0000000706c00000, 0x0000000706c00000| Untracked 
|  20|0x0000000706e00000, 0x0000000706e00000, 0x0000000707000000|  0%| F|  |TAMS 0x0000000706e00000, 0x0000000706e00000| Untracked 
|  21|0x0000000707000000, 0x0000000707000000, 0x0000000707200000|  0%| F|  |TAMS 0x0000000707000000, 0x0000000707000000| Untracked 
|  22|0x0000000707200000, 0x0000000707200000, 0x0000000707400000|  0%| F|  |TAMS 0x0000000707200000, 0x0000000707200000| Untracked 
|  23|0x0000000707400000, 0x0000000707400000, 0x0000000707600000|  0%| F|  |TAMS 0x0000000707400000, 0x0000000707400000| Untracked 
|  24|0x0000000707600000, 0x0000000707600000, 0x0000000707800000|  0%| F|  |TAMS 0x0000000707600000, 0x0000000707600000| Untracked 
|  25|0x0000000707800000, 0x0000000707800000, 0x0000000707a00000|  0%| F|  |TAMS 0x0000000707800000, 0x0000000707800000| Untracked 
|  26|0x0000000707a00000, 0x0000000707a00000, 0x0000000707c00000|  0%| F|  |TAMS 0x0000000707a00000, 0x0000000707a00000| Untracked 
|  27|0x0000000707c00000, 0x0000000707c00000, 0x0000000707e00000|  0%| F|  |TAMS 0x0000000707c00000, 0x0000000707c00000| Untracked 
|  28|0x0000000707e00000, 0x0000000707e00000, 0x0000000708000000|  0%| F|  |TAMS 0x0000000707e00000, 0x0000000707e00000| Untracked 
|  29|0x0000000708000000, 0x0000000708000000, 0x0000000708200000|  0%| F|  |TAMS 0x0000000708000000, 0x0000000708000000| Untracked 
|  30|0x0000000708200000, 0x0000000708200000, 0x0000000708400000|  0%| F|  |TAMS 0x0000000708200000, 0x0000000708200000| Untracked 
|  31|0x0000000708400000, 0x0000000708400000, 0x0000000708600000|  0%| F|  |TAMS 0x0000000708400000, 0x0000000708400000| Untracked 
|  32|0x0000000708600000, 0x0000000708600000, 0x0000000708800000|  0%| F|  |TAMS 0x0000000708600000, 0x0000000708600000| Untracked 
|  33|0x0000000708800000, 0x0000000708800000, 0x0000000708a00000|  0%| F|  |TAMS 0x0000000708800000, 0x0000000708800000| Untracked 
|  34|0x0000000708a00000, 0x0000000708a00000, 0x0000000708c00000|  0%| F|  |TAMS 0x0000000708a00000, 0x0000000708a00000| Untracked 
|  35|0x0000000708c00000, 0x0000000708c00000, 0x0000000708e00000|  0%| F|  |TAMS 0x0000000708c00000, 0x0000000708c00000| Untracked 
|  36|0x0000000708e00000, 0x0000000708e00000, 0x0000000709000000|  0%| F|  |TAMS 0x0000000708e00000, 0x0000000708e00000| Untracked 
|  37|0x0000000709000000, 0x0000000709000000, 0x0000000709200000|  0%| F|  |TAMS 0x0000000709000000, 0x0000000709000000| Untracked 
|  38|0x0000000709200000, 0x0000000709200000, 0x0000000709400000|  0%| F|  |TAMS 0x0000000709200000, 0x0000000709200000| Untracked 
|  39|0x0000000709400000, 0x0000000709400000, 0x0000000709600000|  0%| F|  |TAMS 0x0000000709400000, 0x0000000709400000| Untracked 
|  40|0x0000000709600000, 0x0000000709600000, 0x0000000709800000|  0%| F|  |TAMS 0x0000000709600000, 0x0000000709600000| Untracked 
|  41|0x0000000709800000, 0x0000000709800000, 0x0000000709a00000|  0%| F|  |TAMS 0x0000000709800000, 0x0000000709800000| Untracked 
|  42|0x0000000709a00000, 0x0000000709a00000, 0x0000000709c00000|  0%| F|  |TAMS 0x0000000709a00000, 0x0000000709a00000| Untracked 
|  43|0x0000000709c00000, 0x0000000709c00000, 0x0000000709e00000|  0%| F|  |TAMS 0x0000000709c00000, 0x0000000709c00000| Untracked 
|  44|0x0000000709e00000, 0x0000000709e00000, 0x000000070a000000|  0%| F|  |TAMS 0x0000000709e00000, 0x0000000709e00000| Untracked 
|  45|0x000000070a000000, 0x000000070a000000, 0x000000070a200000|  0%| F|  |TAMS 0x000000070a000000, 0x000000070a000000| Untracked 
|  46|0x000000070a200000, 0x000000070a200000, 0x000000070a400000|  0%| F|  |TAMS 0x000000070a200000, 0x000000070a200000| Untracked 
|  47|0x000000070a400000, 0x000000070a400000, 0x000000070a600000|  0%| F|  |TAMS 0x000000070a400000, 0x000000070a400000| Untracked 
|  48|0x000000070a600000, 0x000000070a600000, 0x000000070a800000|  0%| F|  |TAMS 0x000000070a600000, 0x000000070a600000| Untracked 
|  49|0x000000070a800000, 0x000000070a800000, 0x000000070aa00000|  0%| F|  |TAMS 0x000000070a800000, 0x000000070a800000| Untracked 
|  50|0x000000070aa00000, 0x000000070aa00000, 0x000000070ac00000|  0%| F|  |TAMS 0x000000070aa00000, 0x000000070aa00000| Untracked 
|  51|0x000000070ac00000, 0x000000070ac00000, 0x000000070ae00000|  0%| F|  |TAMS 0x000000070ac00000, 0x000000070ac00000| Untracked 
|  52|0x000000070ae00000, 0x000000070ae00000, 0x000000070b000000|  0%| F|  |TAMS 0x000000070ae00000, 0x000000070ae00000| Untracked 
|  53|0x000000070b000000, 0x000000070b000000, 0x000000070b200000|  0%| F|  |TAMS 0x000000070b000000, 0x000000070b000000| Untracked 
|  54|0x000000070b200000, 0x000000070b200000, 0x000000070b400000|  0%| F|  |TAMS 0x000000070b200000, 0x000000070b200000| Untracked 
|  55|0x000000070b400000, 0x000000070b400000, 0x000000070b600000|  0%| F|  |TAMS 0x000000070b400000, 0x000000070b400000| Untracked 
|  56|0x000000070b600000, 0x000000070b600000, 0x000000070b800000|  0%| F|  |TAMS 0x000000070b600000, 0x000000070b600000| Untracked 
|  57|0x000000070b800000, 0x000000070b800000, 0x000000070ba00000|  0%| F|  |TAMS 0x000000070b800000, 0x000000070b800000| Untracked 
|  58|0x000000070ba00000, 0x000000070ba00000, 0x000000070bc00000|  0%| F|  |TAMS 0x000000070ba00000, 0x000000070ba00000| Untracked 
|  59|0x000000070bc00000, 0x000000070bc00000, 0x000000070be00000|  0%| F|  |TAMS 0x000000070bc00000, 0x000000070bc00000| Untracked 
|  60|0x000000070be00000, 0x000000070be00000, 0x000000070c000000|  0%| F|  |TAMS 0x000000070be00000, 0x000000070be00000| Untracked 
|  61|0x000000070c000000, 0x000000070c000000, 0x000000070c200000|  0%| F|  |TAMS 0x000000070c000000, 0x000000070c000000| Untracked 
|  62|0x000000070c200000, 0x000000070c200000, 0x000000070c400000|  0%| F|  |TAMS 0x000000070c200000, 0x000000070c200000| Untracked 
|  63|0x000000070c400000, 0x000000070c400000, 0x000000070c600000|  0%| F|  |TAMS 0x000000070c400000, 0x000000070c400000| Untracked 
|  64|0x000000070c600000, 0x000000070c600000, 0x000000070c800000|  0%| F|  |TAMS 0x000000070c600000, 0x000000070c600000| Untracked 
|  65|0x000000070c800000, 0x000000070c800000, 0x000000070ca00000|  0%| F|  |TAMS 0x000000070c800000, 0x000000070c800000| Untracked 
|  66|0x000000070ca00000, 0x000000070ca00000, 0x000000070cc00000|  0%| F|  |TAMS 0x000000070ca00000, 0x000000070ca00000| Untracked 
|  67|0x000000070cc00000, 0x000000070cc00000, 0x000000070ce00000|  0%| F|  |TAMS 0x000000070cc00000, 0x000000070cc00000| Untracked 
|  68|0x000000070ce00000, 0x000000070ce00000, 0x000000070d000000|  0%| F|  |TAMS 0x000000070ce00000, 0x000000070ce00000| Untracked 
|  69|0x000000070d000000, 0x000000070d000000, 0x000000070d200000|  0%| F|  |TAMS 0x000000070d000000, 0x000000070d000000| Untracked 
|  70|0x000000070d200000, 0x000000070d200000, 0x000000070d400000|  0%| F|  |TAMS 0x000000070d200000, 0x000000070d200000| Untracked 
|  71|0x000000070d400000, 0x000000070d400000, 0x000000070d600000|  0%| F|  |TAMS 0x000000070d400000, 0x000000070d400000| Untracked 
|  72|0x000000070d600000, 0x000000070d600000, 0x000000070d800000|  0%| F|  |TAMS 0x000000070d600000, 0x000000070d600000| Untracked 
|  73|0x000000070d800000, 0x000000070d800000, 0x000000070da00000|  0%| F|  |TAMS 0x000000070d800000, 0x000000070d800000| Untracked 
|  74|0x000000070da00000, 0x000000070da00000, 0x000000070dc00000|  0%| F|  |TAMS 0x000000070da00000, 0x000000070da00000| Untracked 
|  75|0x000000070dc00000, 0x000000070dc00000, 0x000000070de00000|  0%| F|  |TAMS 0x000000070dc00000, 0x000000070dc00000| Untracked 
|  76|0x000000070de00000, 0x000000070de00000, 0x000000070e000000|  0%| F|  |TAMS 0x000000070de00000, 0x000000070de00000| Untracked 
|  77|0x000000070e000000, 0x000000070e000000, 0x000000070e200000|  0%| F|  |TAMS 0x000000070e000000, 0x000000070e000000| Untracked 
|  78|0x000000070e200000, 0x000000070e200000, 0x000000070e400000|  0%| F|  |TAMS 0x000000070e200000, 0x000000070e200000| Untracked 
|  79|0x000000070e400000, 0x000000070e400000, 0x000000070e600000|  0%| F|  |TAMS 0x000000070e400000, 0x000000070e400000| Untracked 
|  80|0x000000070e600000, 0x000000070e600000, 0x000000070e800000|  0%| F|  |TAMS 0x000000070e600000, 0x000000070e600000| Untracked 
|  81|0x000000070e800000, 0x000000070e800000, 0x000000070ea00000|  0%| F|  |TAMS 0x000000070e800000, 0x000000070e800000| Untracked 
|  82|0x000000070ea00000, 0x000000070ea00000, 0x000000070ec00000|  0%| F|  |TAMS 0x000000070ea00000, 0x000000070ea00000| Untracked 
|  83|0x000000070ec00000, 0x000000070ec00000, 0x000000070ee00000|  0%| F|  |TAMS 0x000000070ec00000, 0x000000070ec00000| Untracked 
|  84|0x000000070ee00000, 0x000000070ee00000, 0x000000070f000000|  0%| F|  |TAMS 0x000000070ee00000, 0x000000070ee00000| Untracked 
|  85|0x000000070f000000, 0x000000070f000000, 0x000000070f200000|  0%| F|  |TAMS 0x000000070f000000, 0x000000070f000000| Untracked 
|  86|0x000000070f200000, 0x000000070f200000, 0x000000070f400000|  0%| F|  |TAMS 0x000000070f200000, 0x000000070f200000| Untracked 
|  87|0x000000070f400000, 0x000000070f400000, 0x000000070f600000|  0%| F|  |TAMS 0x000000070f400000, 0x000000070f400000| Untracked 
|  88|0x000000070f600000, 0x000000070f600000, 0x000000070f800000|  0%| F|  |TAMS 0x000000070f600000, 0x000000070f600000| Untracked 
|  89|0x000000070f800000, 0x000000070f99e128, 0x000000070fa00000| 80%| S|CS|TAMS 0x000000070f800000, 0x000000070f800000| Complete 
|  90|0x000000070fa00000, 0x000000070fa00000, 0x000000070fc00000|  0%| F|  |TAMS 0x000000070fa00000, 0x000000070fa00000| Untracked 
|  91|0x000000070fc00000, 0x000000070fc00000, 0x000000070fe00000|  0%| F|  |TAMS 0x000000070fc00000, 0x000000070fc00000| Untracked 
|  92|0x000000070fe00000, 0x000000070fe00000, 0x0000000710000000|  0%| F|  |TAMS 0x000000070fe00000, 0x000000070fe00000| Untracked 
|  93|0x0000000710000000, 0x0000000710000000, 0x0000000710200000|  0%| F|  |TAMS 0x0000000710000000, 0x0000000710000000| Untracked 
|  94|0x0000000710200000, 0x0000000710200000, 0x0000000710400000|  0%| F|  |TAMS 0x0000000710200000, 0x0000000710200000| Untracked 
|  95|0x0000000710400000, 0x0000000710400000, 0x0000000710600000|  0%| F|  |TAMS 0x0000000710400000, 0x0000000710400000| Untracked 
|  96|0x0000000710600000, 0x0000000710600000, 0x0000000710800000|  0%| F|  |TAMS 0x0000000710600000, 0x0000000710600000| Untracked 
|  97|0x0000000710800000, 0x0000000710800000, 0x0000000710a00000|  0%| F|  |TAMS 0x0000000710800000, 0x0000000710800000| Untracked 
|  98|0x0000000710a00000, 0x0000000710a00000, 0x0000000710c00000|  0%| F|  |TAMS 0x0000000710a00000, 0x0000000710a00000| Untracked 
|  99|0x0000000710c00000, 0x0000000710c00000, 0x0000000710e00000|  0%| F|  |TAMS 0x0000000710c00000, 0x0000000710c00000| Untracked 
| 100|0x0000000710e00000, 0x0000000710e00000, 0x0000000711000000|  0%| F|  |TAMS 0x0000000710e00000, 0x0000000710e00000| Untracked 
| 101|0x0000000711000000, 0x0000000711000000, 0x0000000711200000|  0%| F|  |TAMS 0x0000000711000000, 0x0000000711000000| Untracked 
| 102|0x0000000711200000, 0x0000000711200000, 0x0000000711400000|  0%| F|  |TAMS 0x0000000711200000, 0x0000000711200000| Untracked 
| 103|0x0000000711400000, 0x0000000711400000, 0x0000000711600000|  0%| F|  |TAMS 0x0000000711400000, 0x0000000711400000| Untracked 
| 104|0x0000000711600000, 0x0000000711600000, 0x0000000711800000|  0%| F|  |TAMS 0x0000000711600000, 0x0000000711600000| Untracked 
| 105|0x0000000711800000, 0x0000000711800000, 0x0000000711a00000|  0%| F|  |TAMS 0x0000000711800000, 0x0000000711800000| Untracked 
| 106|0x0000000711a00000, 0x0000000711a00000, 0x0000000711c00000|  0%| F|  |TAMS 0x0000000711a00000, 0x0000000711a00000| Untracked 
| 107|0x0000000711c00000, 0x0000000711c00000, 0x0000000711e00000|  0%| F|  |TAMS 0x0000000711c00000, 0x0000000711c00000| Untracked 
| 108|0x0000000711e00000, 0x0000000711e00000, 0x0000000712000000|  0%| F|  |TAMS 0x0000000711e00000, 0x0000000711e00000| Untracked 
| 109|0x0000000712000000, 0x0000000712000000, 0x0000000712200000|  0%| F|  |TAMS 0x0000000712000000, 0x0000000712000000| Untracked 
| 110|0x0000000712200000, 0x0000000712200000, 0x0000000712400000|  0%| F|  |TAMS 0x0000000712200000, 0x0000000712200000| Untracked 
| 111|0x0000000712400000, 0x0000000712400000, 0x0000000712600000|  0%| F|  |TAMS 0x0000000712400000, 0x0000000712400000| Untracked 
| 112|0x0000000712600000, 0x0000000712600000, 0x0000000712800000|  0%| F|  |TAMS 0x0000000712600000, 0x0000000712600000| Untracked 
| 113|0x0000000712800000, 0x0000000712800000, 0x0000000712a00000|  0%| F|  |TAMS 0x0000000712800000, 0x0000000712800000| Untracked 
| 114|0x0000000712a00000, 0x0000000712a00000, 0x0000000712c00000|  0%| F|  |TAMS 0x0000000712a00000, 0x0000000712a00000| Untracked 
| 115|0x0000000712c00000, 0x0000000712c00000, 0x0000000712e00000|  0%| F|  |TAMS 0x0000000712c00000, 0x0000000712c00000| Untracked 
| 116|0x0000000712e00000, 0x0000000712e00000, 0x0000000713000000|  0%| F|  |TAMS 0x0000000712e00000, 0x0000000712e00000| Untracked 
| 117|0x0000000713000000, 0x0000000713000000, 0x0000000713200000|  0%| F|  |TAMS 0x0000000713000000, 0x0000000713000000| Untracked 
| 118|0x0000000713200000, 0x0000000713200000, 0x0000000713400000|  0%| F|  |TAMS 0x0000000713200000, 0x0000000713200000| Untracked 
| 119|0x0000000713400000, 0x0000000713400000, 0x0000000713600000|  0%| F|  |TAMS 0x0000000713400000, 0x0000000713400000| Untracked 
| 120|0x0000000713600000, 0x0000000713600000, 0x0000000713800000|  0%| F|  |TAMS 0x0000000713600000, 0x0000000713600000| Untracked 
| 121|0x0000000713800000, 0x0000000713800000, 0x0000000713a00000|  0%| F|  |TAMS 0x0000000713800000, 0x0000000713800000| Untracked 
| 122|0x0000000713a00000, 0x0000000713a00000, 0x0000000713c00000|  0%| F|  |TAMS 0x0000000713a00000, 0x0000000713a00000| Untracked 
| 123|0x0000000713c00000, 0x0000000713c00000, 0x0000000713e00000|  0%| F|  |TAMS 0x0000000713c00000, 0x0000000713c00000| Untracked 
| 124|0x0000000713e00000, 0x0000000713e00000, 0x0000000714000000|  0%| F|  |TAMS 0x0000000713e00000, 0x0000000713e00000| Untracked 
| 125|0x0000000714000000, 0x0000000714000000, 0x0000000714200000|  0%| F|  |TAMS 0x0000000714000000, 0x0000000714000000| Untracked 
| 126|0x0000000714200000, 0x0000000714200000, 0x0000000714400000|  0%| F|  |TAMS 0x0000000714200000, 0x0000000714200000| Untracked 
| 127|0x0000000714400000, 0x0000000714400000, 0x0000000714600000|  0%| F|  |TAMS 0x0000000714400000, 0x0000000714400000| Untracked 
| 128|0x0000000714600000, 0x0000000714600000, 0x0000000714800000|  0%| F|  |TAMS 0x0000000714600000, 0x0000000714600000| Untracked 
| 129|0x0000000714800000, 0x0000000714800000, 0x0000000714a00000|  0%| F|  |TAMS 0x0000000714800000, 0x0000000714800000| Untracked 
| 130|0x0000000714a00000, 0x0000000714a00000, 0x0000000714c00000|  0%| F|  |TAMS 0x0000000714a00000, 0x0000000714a00000| Untracked 
| 131|0x0000000714c00000, 0x0000000714c00000, 0x0000000714e00000|  0%| F|  |TAMS 0x0000000714c00000, 0x0000000714c00000| Untracked 
| 132|0x0000000714e00000, 0x0000000714e00000, 0x0000000715000000|  0%| F|  |TAMS 0x0000000714e00000, 0x0000000714e00000| Untracked 
| 133|0x0000000715000000, 0x0000000715000000, 0x0000000715200000|  0%| F|  |TAMS 0x0000000715000000, 0x0000000715000000| Untracked 
| 134|0x0000000715200000, 0x0000000715200000, 0x0000000715400000|  0%| F|  |TAMS 0x0000000715200000, 0x0000000715200000| Untracked 
| 135|0x0000000715400000, 0x0000000715400000, 0x0000000715600000|  0%| F|  |TAMS 0x0000000715400000, 0x0000000715400000| Untracked 
| 136|0x0000000715600000, 0x0000000715600000, 0x0000000715800000|  0%| F|  |TAMS 0x0000000715600000, 0x0000000715600000| Untracked 
| 137|0x0000000715800000, 0x0000000715800000, 0x0000000715a00000|  0%| F|  |TAMS 0x0000000715800000, 0x0000000715800000| Untracked 
| 138|0x0000000715a00000, 0x0000000715a00000, 0x0000000715c00000|  0%| F|  |TAMS 0x0000000715a00000, 0x0000000715a00000| Untracked 
| 139|0x0000000715c00000, 0x0000000715c00000, 0x0000000715e00000|  0%| F|  |TAMS 0x0000000715c00000, 0x0000000715c00000| Untracked 
| 140|0x0000000715e00000, 0x0000000715e00000, 0x0000000716000000|  0%| F|  |TAMS 0x0000000715e00000, 0x0000000715e00000| Untracked 
| 141|0x0000000716000000, 0x0000000716000000, 0x0000000716200000|  0%| F|  |TAMS 0x0000000716000000, 0x0000000716000000| Untracked 
| 142|0x0000000716200000, 0x0000000716200000, 0x0000000716400000|  0%| F|  |TAMS 0x0000000716200000, 0x0000000716200000| Untracked 
| 143|0x0000000716400000, 0x0000000716400000, 0x0000000716600000|  0%| F|  |TAMS 0x0000000716400000, 0x0000000716400000| Untracked 
| 144|0x0000000716600000, 0x0000000716600000, 0x0000000716800000|  0%| F|  |TAMS 0x0000000716600000, 0x0000000716600000| Untracked 
| 145|0x0000000716800000, 0x0000000716800000, 0x0000000716a00000|  0%| F|  |TAMS 0x0000000716800000, 0x0000000716800000| Untracked 
| 146|0x0000000716a00000, 0x0000000716a00000, 0x0000000716c00000|  0%| F|  |TAMS 0x0000000716a00000, 0x0000000716a00000| Untracked 
| 147|0x0000000716c00000, 0x0000000716c00000, 0x0000000716e00000|  0%| F|  |TAMS 0x0000000716c00000, 0x0000000716c00000| Untracked 
| 148|0x0000000716e00000, 0x0000000716e00000, 0x0000000717000000|  0%| F|  |TAMS 0x0000000716e00000, 0x0000000716e00000| Untracked 
| 149|0x0000000717000000, 0x0000000717000000, 0x0000000717200000|  0%| F|  |TAMS 0x0000000717000000, 0x0000000717000000| Untracked 
| 150|0x0000000717200000, 0x0000000717200000, 0x0000000717400000|  0%| F|  |TAMS 0x0000000717200000, 0x0000000717200000| Untracked 
| 151|0x0000000717400000, 0x0000000717400000, 0x0000000717600000|  0%| F|  |TAMS 0x0000000717400000, 0x0000000717400000| Untracked 
| 152|0x0000000717600000, 0x0000000717600000, 0x0000000717800000|  0%| F|  |TAMS 0x0000000717600000, 0x0000000717600000| Untracked 
| 153|0x0000000717800000, 0x0000000717800000, 0x0000000717a00000|  0%| F|  |TAMS 0x0000000717800000, 0x0000000717800000| Untracked 
| 154|0x0000000717a00000, 0x0000000717a00000, 0x0000000717c00000|  0%| F|  |TAMS 0x0000000717a00000, 0x0000000717a00000| Untracked 
| 155|0x0000000717c00000, 0x0000000717c00000, 0x0000000717e00000|  0%| F|  |TAMS 0x0000000717c00000, 0x0000000717c00000| Untracked 
| 156|0x0000000717e00000, 0x0000000717e00000, 0x0000000718000000|  0%| F|  |TAMS 0x0000000717e00000, 0x0000000717e00000| Untracked 
| 157|0x0000000718000000, 0x0000000718000000, 0x0000000718200000|  0%| F|  |TAMS 0x0000000718000000, 0x0000000718000000| Untracked 
| 158|0x0000000718200000, 0x0000000718200000, 0x0000000718400000|  0%| F|  |TAMS 0x0000000718200000, 0x0000000718200000| Untracked 
| 159|0x0000000718400000, 0x0000000718400000, 0x0000000718600000|  0%| F|  |TAMS 0x0000000718400000, 0x0000000718400000| Untracked 
| 160|0x0000000718600000, 0x0000000718600000, 0x0000000718800000|  0%| F|  |TAMS 0x0000000718600000, 0x0000000718600000| Untracked 
| 161|0x0000000718800000, 0x0000000718800000, 0x0000000718a00000|  0%| F|  |TAMS 0x0000000718800000, 0x0000000718800000| Untracked 
| 162|0x0000000718a00000, 0x0000000718a00000, 0x0000000718c00000|  0%| F|  |TAMS 0x0000000718a00000, 0x0000000718a00000| Untracked 
| 163|0x0000000718c00000, 0x0000000718c00000, 0x0000000718e00000|  0%| F|  |TAMS 0x0000000718c00000, 0x0000000718c00000| Untracked 
| 164|0x0000000718e00000, 0x0000000718e00000, 0x0000000719000000|  0%| F|  |TAMS 0x0000000718e00000, 0x0000000718e00000| Untracked 
| 165|0x0000000719000000, 0x0000000719000000, 0x0000000719200000|  0%| F|  |TAMS 0x0000000719000000, 0x0000000719000000| Untracked 
| 166|0x0000000719200000, 0x0000000719200000, 0x0000000719400000|  0%| F|  |TAMS 0x0000000719200000, 0x0000000719200000| Untracked 
| 167|0x0000000719400000, 0x0000000719400000, 0x0000000719600000|  0%| F|  |TAMS 0x0000000719400000, 0x0000000719400000| Untracked 
| 168|0x0000000719600000, 0x0000000719600000, 0x0000000719800000|  0%| F|  |TAMS 0x0000000719600000, 0x0000000719600000| Untracked 
| 169|0x0000000719800000, 0x0000000719800000, 0x0000000719a00000|  0%| F|  |TAMS 0x0000000719800000, 0x0000000719800000| Untracked 
| 170|0x0000000719a00000, 0x0000000719a00000, 0x0000000719c00000|  0%| F|  |TAMS 0x0000000719a00000, 0x0000000719a00000| Untracked 
| 171|0x0000000719c00000, 0x0000000719c00000, 0x0000000719e00000|  0%| F|  |TAMS 0x0000000719c00000, 0x0000000719c00000| Untracked 
| 172|0x0000000719e00000, 0x0000000719e00000, 0x000000071a000000|  0%| F|  |TAMS 0x0000000719e00000, 0x0000000719e00000| Untracked 
| 173|0x000000071a000000, 0x000000071a000000, 0x000000071a200000|  0%| F|  |TAMS 0x000000071a000000, 0x000000071a000000| Untracked 
| 174|0x000000071a200000, 0x000000071a200000, 0x000000071a400000|  0%| F|  |TAMS 0x000000071a200000, 0x000000071a200000| Untracked 
| 175|0x000000071a400000, 0x000000071a400000, 0x000000071a600000|  0%| F|  |TAMS 0x000000071a400000, 0x000000071a400000| Untracked 
| 176|0x000000071a600000, 0x000000071a600000, 0x000000071a800000|  0%| F|  |TAMS 0x000000071a600000, 0x000000071a600000| Untracked 
| 177|0x000000071a800000, 0x000000071a800000, 0x000000071aa00000|  0%| F|  |TAMS 0x000000071a800000, 0x000000071a800000| Untracked 
| 178|0x000000071aa00000, 0x000000071aa00000, 0x000000071ac00000|  0%| F|  |TAMS 0x000000071aa00000, 0x000000071aa00000| Untracked 
| 179|0x000000071ac00000, 0x000000071ac00000, 0x000000071ae00000|  0%| F|  |TAMS 0x000000071ac00000, 0x000000071ac00000| Untracked 
| 180|0x000000071ae00000, 0x000000071ae00000, 0x000000071b000000|  0%| F|  |TAMS 0x000000071ae00000, 0x000000071ae00000| Untracked 
| 181|0x000000071b000000, 0x000000071b000000, 0x000000071b200000|  0%| F|  |TAMS 0x000000071b000000, 0x000000071b000000| Untracked 
| 182|0x000000071b200000, 0x000000071b200000, 0x000000071b400000|  0%| F|  |TAMS 0x000000071b200000, 0x000000071b200000| Untracked 
| 183|0x000000071b400000, 0x000000071b400000, 0x000000071b600000|  0%| F|  |TAMS 0x000000071b400000, 0x000000071b400000| Untracked 
| 184|0x000000071b600000, 0x000000071b600000, 0x000000071b800000|  0%| F|  |TAMS 0x000000071b600000, 0x000000071b600000| Untracked 
| 185|0x000000071b800000, 0x000000071b800000, 0x000000071ba00000|  0%| F|  |TAMS 0x000000071b800000, 0x000000071b800000| Untracked 
| 186|0x000000071ba00000, 0x000000071ba00000, 0x000000071bc00000|  0%| F|  |TAMS 0x000000071ba00000, 0x000000071ba00000| Untracked 
| 187|0x000000071bc00000, 0x000000071bc00000, 0x000000071be00000|  0%| F|  |TAMS 0x000000071bc00000, 0x000000071bc00000| Untracked 
| 188|0x000000071be00000, 0x000000071be00000, 0x000000071c000000|  0%| F|  |TAMS 0x000000071be00000, 0x000000071be00000| Untracked 
| 189|0x000000071c000000, 0x000000071c000000, 0x000000071c200000|  0%| F|  |TAMS 0x000000071c000000, 0x000000071c000000| Untracked 
| 190|0x000000071c200000, 0x000000071c200000, 0x000000071c400000|  0%| F|  |TAMS 0x000000071c200000, 0x000000071c200000| Untracked 
| 191|0x000000071c400000, 0x000000071c400000, 0x000000071c600000|  0%| F|  |TAMS 0x000000071c400000, 0x000000071c400000| Untracked 
| 192|0x000000071c600000, 0x000000071c600000, 0x000000071c800000|  0%| F|  |TAMS 0x000000071c600000, 0x000000071c600000| Untracked 
| 193|0x000000071c800000, 0x000000071c800000, 0x000000071ca00000|  0%| F|  |TAMS 0x000000071c800000, 0x000000071c800000| Untracked 
| 194|0x000000071ca00000, 0x000000071ca00000, 0x000000071cc00000|  0%| F|  |TAMS 0x000000071ca00000, 0x000000071ca00000| Untracked 
| 195|0x000000071cc00000, 0x000000071cc00000, 0x000000071ce00000|  0%| F|  |TAMS 0x000000071cc00000, 0x000000071cc00000| Untracked 
| 196|0x000000071ce00000, 0x000000071ce00000, 0x000000071d000000|  0%| F|  |TAMS 0x000000071ce00000, 0x000000071ce00000| Untracked 
| 197|0x000000071d000000, 0x000000071d000000, 0x000000071d200000|  0%| F|  |TAMS 0x000000071d000000, 0x000000071d000000| Untracked 
| 198|0x000000071d200000, 0x000000071d200000, 0x000000071d400000|  0%| F|  |TAMS 0x000000071d200000, 0x000000071d200000| Untracked 
| 199|0x000000071d400000, 0x000000071d400000, 0x000000071d600000|  0%| F|  |TAMS 0x000000071d400000, 0x000000071d400000| Untracked 
| 200|0x000000071d600000, 0x000000071d600000, 0x000000071d800000|  0%| F|  |TAMS 0x000000071d600000, 0x000000071d600000| Untracked 
| 201|0x000000071d800000, 0x000000071d800000, 0x000000071da00000|  0%| F|  |TAMS 0x000000071d800000, 0x000000071d800000| Untracked 
| 202|0x000000071da00000, 0x000000071da00000, 0x000000071dc00000|  0%| F|  |TAMS 0x000000071da00000, 0x000000071da00000| Untracked 
| 203|0x000000071dc00000, 0x000000071dc00000, 0x000000071de00000|  0%| F|  |TAMS 0x000000071dc00000, 0x000000071dc00000| Untracked 
| 204|0x000000071de00000, 0x000000071de00000, 0x000000071e000000|  0%| F|  |TAMS 0x000000071de00000, 0x000000071de00000| Untracked 
| 205|0x000000071e000000, 0x000000071e000000, 0x000000071e200000|  0%| F|  |TAMS 0x000000071e000000, 0x000000071e000000| Untracked 
| 206|0x000000071e200000, 0x000000071e200000, 0x000000071e400000|  0%| F|  |TAMS 0x000000071e200000, 0x000000071e200000| Untracked 
| 207|0x000000071e400000, 0x000000071e400000, 0x000000071e600000|  0%| F|  |TAMS 0x000000071e400000, 0x000000071e400000| Untracked 
| 208|0x000000071e600000, 0x000000071e600000, 0x000000071e800000|  0%| F|  |TAMS 0x000000071e600000, 0x000000071e600000| Untracked 
| 209|0x000000071e800000, 0x000000071e800000, 0x000000071ea00000|  0%| F|  |TAMS 0x000000071e800000, 0x000000071e800000| Untracked 
| 210|0x000000071ea00000, 0x000000071ea00000, 0x000000071ec00000|  0%| F|  |TAMS 0x000000071ea00000, 0x000000071ea00000| Untracked 
| 211|0x000000071ec00000, 0x000000071ec00000, 0x000000071ee00000|  0%| F|  |TAMS 0x000000071ec00000, 0x000000071ec00000| Untracked 
| 212|0x000000071ee00000, 0x000000071ee00000, 0x000000071f000000|  0%| F|  |TAMS 0x000000071ee00000, 0x000000071ee00000| Untracked 
| 213|0x000000071f000000, 0x000000071f000000, 0x000000071f200000|  0%| F|  |TAMS 0x000000071f000000, 0x000000071f000000| Untracked 
| 214|0x000000071f200000, 0x000000071f200000, 0x000000071f400000|  0%| F|  |TAMS 0x000000071f200000, 0x000000071f200000| Untracked 
| 215|0x000000071f400000, 0x000000071f400000, 0x000000071f600000|  0%| F|  |TAMS 0x000000071f400000, 0x000000071f400000| Untracked 
| 216|0x000000071f600000, 0x000000071f600000, 0x000000071f800000|  0%| F|  |TAMS 0x000000071f600000, 0x000000071f600000| Untracked 
| 217|0x000000071f800000, 0x000000071f800000, 0x000000071fa00000|  0%| F|  |TAMS 0x000000071f800000, 0x000000071f800000| Untracked 
| 218|0x000000071fa00000, 0x000000071fa00000, 0x000000071fc00000|  0%| F|  |TAMS 0x000000071fa00000, 0x000000071fa00000| Untracked 
| 219|0x000000071fc00000, 0x000000071fc00000, 0x000000071fe00000|  0%| F|  |TAMS 0x000000071fc00000, 0x000000071fc00000| Untracked 

Card table byte_map: [0x0000028caf650000,0x0000028cafe30000] _byte_map_base: 0x0000028cabe2d000

Marking Bits (Prev, Next): (CMBitMap*) 0x0000028c9c2dab90, (CMBitMap*) 0x0000028c9c2dabd0
 Prev Bits: [0x0000028cb0610000, 0x0000028cb44f8000)
 Next Bits: [0x0000028cb4500000, 0x0000028cb83e8000)

Polling page: 0x0000028c9ba30000

Metaspace:

Usage:
  Non-class:     10.48 MB used.
      Class:      1.23 MB used.
       Both:     11.71 MB used.

Virtual space:
  Non-class space:       16.00 MB reserved,      10.56 MB ( 66%) committed,  2 nodes.
      Class space:        1.00 GB reserved,       1.31 MB ( <1%) committed,  1 nodes.
             Both:        1.02 GB reserved,      11.88 MB (  1%) committed. 

Chunk freelists:
   Non-Class:  1.36 MB
       Class:  2.67 MB
        Both:  4.02 MB

MaxMetaspaceSize: unlimited
CompressedClassSpaceSize: 1.00 GB
Initial GC threshold: 21.00 MB
Current GC threshold: 21.00 MB
CDS: off
MetaspaceReclaimPolicy: balanced
 - commit_granule_bytes: 65536.
 - commit_granule_words: 8192.
 - virtual_space_node_default_size: 1048576.
 - enlarge_chunks_in_place: 1.
 - new_chunks_are_fully_committed: 0.
 - uncommit_free_chunks: 1.
 - use_allocation_guard: 0.
 - handle_deallocations: 1.


Internal statistics:

num_allocs_failed_limit: 0.
num_arena_births: 100.
num_arena_deaths: 0.
num_vsnodes_births: 3.
num_vsnodes_deaths: 0.
num_space_committed: 190.
num_space_uncommitted: 0.
num_chunks_returned_to_freelist: 0.
num_chunks_taken_from_freelist: 282.
num_chunk_merges: 0.
num_chunk_splits: 187.
num_chunks_enlarged: 149.
num_purges: 0.
num_inconsistent_stats: 0.

CodeHeap 'non-profiled nmethods': size=120000Kb used=624Kb max_used=624Kb free=119376Kb
 bounds [0x0000028ca73f0000, 0x0000028ca7660000, 0x0000028cae920000]
CodeHeap 'profiled nmethods': size=120000Kb used=2028Kb max_used=2028Kb free=117972Kb
 bounds [0x0000028c9f920000, 0x0000028c9fb90000, 0x0000028ca6e50000]
CodeHeap 'non-nmethods': size=5760Kb used=1244Kb max_used=1281Kb free=4516Kb
 bounds [0x0000028ca6e50000, 0x0000028ca70c0000, 0x0000028ca73f0000]
 total_blobs=1843 nmethods=1298 adapters=458
 compilation: enabled
              stopped_count=0, restarted_count=0
 full_count=0

Compilation events (20 events):
Event: 12.603 Thread 0x0000028cbbca6c10 1291       3       animat.Animat::getDeath (17 bytes)
Event: 12.603 Thread 0x0000028cbbca6c10 nmethod 1291 0x0000028c9fb16410 code [0x0000028c9fb165c0, 0x0000028c9fb16838]
Event: 12.782 Thread 0x0000028cbbca6c10 1292       3       animat.Animat::move (185 bytes)
Event: 12.782 Thread 0x0000028cbbca6170 1293       4       animat.Animat::updateMoves (34 bytes)
Event: 12.783 Thread 0x0000028cbbca6c10 nmethod 1292 0x0000028c9fb16910 code [0x0000028c9fb16de0, 0x0000028c9fb19598]
Event: 12.783 Thread 0x0000028cbbca6c10 1294       2       animat.Animat::updateLocation (27 bytes)
Event: 12.784 Thread 0x0000028cbbca6c10 nmethod 1294 0x0000028c9fb1a110 code [0x0000028c9fb1a2c0, 0x0000028c9fb1a718]
Event: 12.784 Thread 0x0000028cbbca6c10 1296       2       animat.Action::getAc (7 bytes)
Event: 12.784 Thread 0x0000028cbbca6c10 nmethod 1296 0x0000028c9fb1a910 code [0x0000028c9fb1aaa0, 0x0000028c9fb1abb8]
Event: 12.784 Thread 0x0000028cbbca6c10 1297       2       animat.Animat::getTeachers (10 bytes)
Event: 12.784 Thread 0x0000028cbbca6c10 nmethod 1297 0x0000028c9fb1ac90 code [0x0000028c9fb1ae20, 0x0000028c9fb1af68]
Event: 12.786 Thread 0x0000028cbbca6170 nmethod 1293 0x0000028ca748a590 code [0x0000028ca748a740, 0x0000028ca748abc8]
Event: 12.786 Thread 0x0000028cbbca6170 1295       4       animat.Animat::run (24 bytes)
Event: 12.786 Thread 0x0000028cbbca6170 nmethod 1295 0x0000028ca748af90 code [0x0000028ca748b120, 0x0000028ca748b298]
Event: 14.338 Thread 0x0000028cbbca6170 1298       4       java.util.Random::<init> (12 bytes)
Event: 14.339 Thread 0x0000028cbbca6170 nmethod 1298 0x0000028ca748b410 code [0x0000028ca748b5a0, 0x0000028ca748b7f8]
Event: 14.339 Thread 0x0000028cbbca6170 1299       4       java.util.Random::seedUniquifier (29 bytes)
Event: 14.339 Thread 0x0000028cbbca6170 nmethod 1299 0x0000028ca748b910 code [0x0000028ca748ba80, 0x0000028ca748bb18]
Event: 14.339 Thread 0x0000028cbbca6170 1300       4       java.util.Random::<init> (53 bytes)
Event: 14.340 Thread 0x0000028cbbca6170 nmethod 1300 0x0000028ca748bc10 code [0x0000028ca748bda0, 0x0000028ca748bf78]

GC Heap History (20 events):
Event: 13.958 GC heap after
{Heap after GC invocations=157 (full 0):
 garbage-first heap   total 450560K, used 12088K [0x0000000704600000, 0x0000000800000000)
  region size 2048K, 1 young (2048K), 1 survivors (2048K)
 Metaspace       used 11992K, committed 12160K, reserved 1064960K
  class space    used 1256K, committed 1344K, reserved 1048576K
}
Event: 14.040 GC heap before
{Heap before GC invocations=157 (full 0):
 garbage-first heap   total 450560K, used 280376K [0x0000000704600000, 0x0000000800000000)
  region size 2048K, 132 young (270336K), 1 survivors (2048K)
 Metaspace       used 11992K, committed 12160K, reserved 1064960K
  class space    used 1256K, committed 1344K, reserved 1048576K
}
Event: 14.042 GC heap after
{Heap after GC invocations=158 (full 0):
 garbage-first heap   total 450560K, used 14490K [0x0000000704600000, 0x0000000800000000)
  region size 2048K, 2 young (4096K), 2 survivors (4096K)
 Metaspace       used 11992K, committed 12160K, reserved 1064960K
  class space    used 1256K, committed 1344K, reserved 1048576K
}
Event: 14.123 GC heap before
{Heap before GC invocations=158 (full 0):
 garbage-first heap   total 450560K, used 280730K [0x0000000704600000, 0x0000000800000000)
  region size 2048K, 132 young (270336K), 2 survivors (4096K)
 Metaspace       used 11992K, committed 12160K, reserved 1064960K
  class space    used 1256K, committed 1344K, reserved 1048576K
}
Event: 14.124 GC heap after
{Heap after GC invocations=159 (full 0):
 garbage-first heap   total 450560K, used 12665K [0x0000000704600000, 0x0000000800000000)
  region size 2048K, 1 young (2048K), 1 survivors (2048K)
 Metaspace       used 11992K, committed 12160K, reserved 1064960K
  class space    used 1256K, committed 1344K, reserved 1048576K
}
Event: 14.204 GC heap before
{Heap before GC invocations=159 (full 0):
 garbage-first heap   total 450560K, used 280953K [0x0000000704600000, 0x0000000800000000)
  region size 2048K, 132 young (270336K), 1 survivors (2048K)
 Metaspace       used 11992K, committed 12160K, reserved 1064960K
  class space    used 1256K, committed 1344K, reserved 1048576K
}
Event: 14.205 GC heap after
{Heap after GC invocations=160 (full 0):
 garbage-first heap   total 450560K, used 11660K [0x0000000704600000, 0x0000000800000000)
  region size 2048K, 1 young (2048K), 1 survivors (2048K)
 Metaspace       used 11992K, committed 12160K, reserved 1064960K
  class space    used 1256K, committed 1344K, reserved 1048576K
}
Event: 14.309 GC heap before
{Heap before GC invocations=160 (full 0):
 garbage-first heap   total 450560K, used 279948K [0x0000000704600000, 0x0000000800000000)
  region size 2048K, 132 young (270336K), 1 survivors (2048K)
 Metaspace       used 11992K, committed 12160K, reserved 1064960K
  class space    used 1256K, committed 1344K, reserved 1048576K
}
Event: 14.311 GC heap after
{Heap after GC invocations=161 (full 0):
 garbage-first heap   total 450560K, used 14565K [0x0000000704600000, 0x0000000800000000)
  region size 2048K, 2 young (4096K), 2 survivors (4096K)
 Metaspace       used 11992K, committed 12160K, reserved 1064960K
  class space    used 1256K, committed 1344K, reserved 1048576K
}
Event: 14.394 GC heap before
{Heap before GC invocations=161 (full 0):
 garbage-first heap   total 450560K, used 280805K [0x0000000704600000, 0x0000000800000000)
  region size 2048K, 132 young (270336K), 2 survivors (4096K)
 Metaspace       used 11992K, committed 12160K, reserved 1064960K
  class space    used 1256K, committed 1344K, reserved 1048576K
}
Event: 14.395 GC heap after
{Heap after GC invocations=162 (full 0):
 garbage-first heap   total 450560K, used 14219K [0x0000000704600000, 0x0000000800000000)
  region size 2048K, 2 young (4096K), 2 survivors (4096K)
 Metaspace       used 11992K, committed 12160K, reserved 1064960K
  class space    used 1256K, committed 1344K, reserved 1048576K
}
Event: 14.479 GC heap before
{Heap before GC invocations=162 (full 0):
 garbage-first heap   total 450560K, used 280459K [0x0000000704600000, 0x0000000800000000)
  region size 2048K, 132 young (270336K), 2 survivors (4096K)
 Metaspace       used 11992K, committed 12160K, reserved 1064960K
  class space    used 1256K, committed 1344K, reserved 1048576K
}
Event: 14.480 GC heap after
{Heap after GC invocations=163 (full 0):
 garbage-first heap   total 450560K, used 13703K [0x0000000704600000, 0x0000000800000000)
  region size 2048K, 2 young (4096K), 2 survivors (4096K)
 Metaspace       used 11992K, committed 12160K, reserved 1064960K
  class space    used 1256K, committed 1344K, reserved 1048576K
}
Event: 14.562 GC heap before
{Heap before GC invocations=163 (full 0):
 garbage-first heap   total 450560K, used 279943K [0x0000000704600000, 0x0000000800000000)
  region size 2048K, 132 young (270336K), 2 survivors (4096K)
 Metaspace       used 11992K, committed 12160K, reserved 1064960K
  class space    used 1256K, committed 1344K, reserved 1048576K
}
Event: 14.563 GC heap after
{Heap after GC invocations=164 (full 0):
 garbage-first heap   total 450560K, used 13152K [0x0000000704600000, 0x0000000800000000)
  region size 2048K, 2 young (4096K), 2 survivors (4096K)
 Metaspace       used 11992K, committed 12160K, reserved 1064960K
  class space    used 1256K, committed 1344K, reserved 1048576K
}
Event: 14.645 GC heap before
{Heap before GC invocations=164 (full 0):
 garbage-first heap   total 450560K, used 279392K [0x0000000704600000, 0x0000000800000000)
  region size 2048K, 132 young (270336K), 2 survivors (4096K)
 Metaspace       used 11992K, committed 12160K, reserved 1064960K
  class space    used 1256K, committed 1344K, reserved 1048576K
}
Event: 14.646 GC heap after
{Heap after GC invocations=165 (full 0):
 garbage-first heap   total 450560K, used 12478K [0x0000000704600000, 0x0000000800000000)
  region size 2048K, 1 young (2048K), 1 survivors (2048K)
 Metaspace       used 11992K, committed 12160K, reserved 1064960K
  class space    used 1256K, committed 1344K, reserved 1048576K
}
Event: 14.728 GC heap before
{Heap before GC invocations=165 (full 0):
 garbage-first heap   total 450560K, used 280766K [0x0000000704600000, 0x0000000800000000)
  region size 2048K, 132 young (270336K), 1 survivors (2048K)
 Metaspace       used 11992K, committed 12160K, reserved 1064960K
  class space    used 1256K, committed 1344K, reserved 1048576K
}
Event: 14.730 GC heap after
{Heap after GC invocations=166 (full 0):
 garbage-first heap   total 450560K, used 13120K [0x0000000704600000, 0x0000000800000000)
  region size 2048K, 2 young (4096K), 2 survivors (4096K)
 Metaspace       used 11992K, committed 12160K, reserved 1064960K
  class space    used 1256K, committed 1344K, reserved 1048576K
}
Event: 14.810 GC heap before
{Heap before GC invocations=166 (full 0):
 garbage-first heap   total 450560K, used 279360K [0x0000000704600000, 0x0000000800000000)
  region size 2048K, 132 young (270336K), 2 survivors (4096K)
 Metaspace       used 11992K, committed 12160K, reserved 1064960K
  class space    used 1256K, committed 1344K, reserved 1048576K
}

Dll operation events (20 events):
Event: 0.217 Loaded shared library C:\Program Files\Java\javafx-sdk-21\bin\api-ms-win-crt-filesystem-l1-1-0.dll
Event: 0.218 Loaded shared library C:\Program Files\Java\javafx-sdk-21\bin\api-ms-win-crt-heap-l1-1-0.dll
Event: 0.219 Loaded shared library C:\Program Files\Java\javafx-sdk-21\bin\api-ms-win-crt-locale-l1-1-0.dll
Event: 0.220 Loaded shared library C:\Program Files\Java\javafx-sdk-21\bin\api-ms-win-crt-math-l1-1-0.dll
Event: 0.220 Loaded shared library C:\Program Files\Java\javafx-sdk-21\bin\api-ms-win-crt-multibyte-l1-1-0.dll
Event: 0.221 Loaded shared library C:\Program Files\Java\javafx-sdk-21\bin\api-ms-win-crt-private-l1-1-0.dll
Event: 0.222 Loaded shared library C:\Program Files\Java\javafx-sdk-21\bin\api-ms-win-crt-process-l1-1-0.dll
Event: 0.222 Loaded shared library C:\Program Files\Java\javafx-sdk-21\bin\api-ms-win-crt-runtime-l1-1-0.dll
Event: 0.223 Loaded shared library C:\Program Files\Java\javafx-sdk-21\bin\api-ms-win-crt-stdio-l1-1-0.dll
Event: 0.224 Loaded shared library C:\Program Files\Java\javafx-sdk-21\bin\api-ms-win-crt-string-l1-1-0.dll
Event: 0.225 Loaded shared library C:\Program Files\Java\javafx-sdk-21\bin\api-ms-win-crt-time-l1-1-0.dll
Event: 0.226 Loaded shared library C:\Program Files\Java\javafx-sdk-21\bin\api-ms-win-crt-utility-l1-1-0.dll
Event: 0.226 Loaded shared library C:\Program Files\Java\javafx-sdk-21\bin\ucrtbase.dll
Event: 0.227 Loaded shared library C:\Program Files\Java\javafx-sdk-21\bin\vcruntime140.dll
Event: 0.228 Loaded shared library C:\Program Files\Java\javafx-sdk-21\bin\vcruntime140_1.dll
Event: 0.229 Loaded shared library C:\Program Files\Java\javafx-sdk-21\bin\msvcp140.dll
Event: 0.229 Loaded shared library C:\Program Files\Java\javafx-sdk-21\bin\msvcp140_1.dll
Event: 0.230 Loaded shared library C:\Program Files\Java\javafx-sdk-21\bin\msvcp140_2.dll
Event: 0.252 Loaded shared library C:\Program Files\Java\javafx-sdk-21\bin\prism_d3d.dll
Event: 0.279 Loaded shared library C:\Program Files\Java\javafx-sdk-21\bin\glass.dll

Deoptimization events (20 events):
Event: 6.803 Thread 0x0000028cbc86acf0 Uncommon trap: trap_request=0xffffff45 fr.pc=0x0000028ca74768a4 relative=0x0000000000001944
Event: 6.803 Thread 0x0000028cbc86acf0 Uncommon trap: reason=unstable_if action=reinterpret pc=0x0000028ca74768a4 method=java.lang.Integer.stringSize(I)I @ 3 c2
Event: 6.803 Thread 0x0000028cbc86acf0 DEOPT PACKING pc=0x0000028ca74768a4 sp=0x00000090ed9fe430
Event: 6.803 Thread 0x0000028cbc86acf0 DEOPT UNPACKING pc=0x0000028ca6eaa1a3 sp=0x00000090ed9fe1e0 mode 2
Event: 6.803 Thread 0x0000028cbc86acf0 Uncommon trap: trap_request=0xffffff45 fr.pc=0x0000028ca744fe00 relative=0x00000000000004e0
Event: 6.803 Thread 0x0000028cbc86acf0 Uncommon trap: reason=unstable_if action=reinterpret pc=0x0000028ca744fe00 method=java.lang.Integer.stringSize(I)I @ 3 c2
Event: 6.803 Thread 0x0000028cbc86acf0 DEOPT PACKING pc=0x0000028ca744fe00 sp=0x00000090ed9fe310
Event: 6.803 Thread 0x0000028cbc86acf0 DEOPT UNPACKING pc=0x0000028ca6eaa1a3 sp=0x00000090ed9fe240 mode 2
Event: 7.419 Thread 0x0000028cbc86acf0 Uncommon trap: trap_request=0xffffff45 fr.pc=0x0000028ca744f0a4 relative=0x00000000000000a4
Event: 7.419 Thread 0x0000028cbc86acf0 Uncommon trap: reason=unstable_if action=reinterpret pc=0x0000028ca744f0a4 method=java.lang.Integer.stringSize(I)I @ 3 c2
Event: 7.419 Thread 0x0000028cbc86acf0 DEOPT PACKING pc=0x0000028ca744f0a4 sp=0x00000090ed9fe370
Event: 7.419 Thread 0x0000028cbc86acf0 DEOPT UNPACKING pc=0x0000028ca6eaa1a3 sp=0x00000090ed9fe2f0 mode 2
Event: 12.595 Thread 0x0000028cbc86acf0 Uncommon trap: trap_request=0xffffff45 fr.pc=0x0000028ca74810a0 relative=0x0000000000000d20
Event: 12.595 Thread 0x0000028cbc86acf0 Uncommon trap: reason=unstable_if action=reinterpret pc=0x0000028ca74810a0 method=animat.Animat.move()V @ 5 c2
Event: 12.595 Thread 0x0000028cbc86acf0 DEOPT PACKING pc=0x0000028ca74810a0 sp=0x00000090ed9fe450
Event: 12.595 Thread 0x0000028cbc86acf0 DEOPT UNPACKING pc=0x0000028ca6eaa1a3 sp=0x00000090ed9fe408 mode 2
Event: 12.595 Thread 0x0000028cbc86acf0 Uncommon trap: trap_request=0xffffff45 fr.pc=0x0000028ca7477ee0 relative=0x0000000000000060
Event: 12.595 Thread 0x0000028cbc86acf0 Uncommon trap: reason=unstable_if action=reinterpret pc=0x0000028ca7477ee0 method=animat.Animat.getDeath()Ljava/lang/Boolean; @ 4 c2
Event: 12.595 Thread 0x0000028cbc86acf0 DEOPT PACKING pc=0x0000028ca7477ee0 sp=0x00000090ed9fe490
Event: 12.595 Thread 0x0000028cbc86acf0 DEOPT UNPACKING pc=0x0000028ca6eaa1a3 sp=0x00000090ed9fe420 mode 2

Classes unloaded (0 events):
No events

Classes redefined (0 events):
No events

Internal exceptions (13 events):
Event: 0.156 Thread 0x0000028c9c26e030 Exception <a 'java/lang/NoSuchMethodError'{0x0000000713be85c8}: 'java.lang.Object java.lang.invoke.DirectMethodHandle$Holder.invokeStaticInit(java.lang.Object)'> (0x0000000713be85c8) 
thrown [s\src\hotspot\share\interpreter\linkResolver.cpp, line 759]
Event: 0.160 Thread 0x0000028c9c26e030 Exception <a 'java/lang/NoSuchMethodError'{0x0000000713bf0310}: 'void java.lang.invoke.DirectMethodHandle$Holder.invokeStatic(java.lang.Object, java.lang.Object)'> (0x0000000713bf0310) 
thrown [s\src\hotspot\share\interpreter\linkResolver.cpp, line 759]
Event: 0.242 Thread 0x0000028c9c26e030 Exception <a 'java/lang/NoSuchMethodError'{0x00000007136ff3a0}: 'void java.lang.invoke.DirectMethodHandle$Holder.invokeSpecial(java.lang.Object, java.lang.Object, java.lang.Object)'> (0x00000007136ff3a0) 
thrown [s\src\hotspot\share\interpreter\linkResolver.cpp, line 759]
Event: 0.248 Thread 0x0000028c9c26e030 Exception <a 'java/lang/NoSuchMethodError'{0x0000000713738148}: 'void java.lang.invoke.DirectMethodHandle$Holder.invokeStatic(java.lang.Object, java.lang.Object, java.lang.Object)'> (0x0000000713738148) 
thrown [s\src\hotspot\share\interpreter\linkResolver.cpp, line 759]
Event: 0.270 Thread 0x0000028c9c26e030 Exception <a 'java/lang/NoSuchMethodError'{0x0000000713754b38}: 'int java.lang.invoke.DirectMethodHandle$Holder.invokeStaticInit(java.lang.Object, java.lang.Object, java.lang.Object)'> (0x0000000713754b38) 
thrown [s\src\hotspot\share\interpreter\linkResolver.cpp, line 759]
Event: 0.282 Thread 0x0000028c9c26e030 Exception <a 'java/lang/NoSuchMethodError'{0x000000071347c158}: 'java.lang.Object java.lang.invoke.DirectMethodHandle$Holder.newInvokeSpecial(java.lang.Object, java.lang.Object, int, java.lang.Object)'> (0x000000071347c158) 
thrown [s\src\hotspot\share\interpreter\linkResolver.cpp, line 759]
Event: 0.282 Thread 0x0000028c9c26e030 Exception <a 'java/lang/NoSuchMethodError'{0x0000000713480538}: 'java.lang.Object java.lang.invoke.DirectMethodHandle$Holder.invokeSpecial(java.lang.Object, java.lang.Object, java.lang.Object, int, java.lang.Object)'> (0x0000000713480538) 
thrown [s\src\hotspot\share\interpreter\linkResolver.cpp, line 759]
Event: 0.319 Thread 0x0000028cbc86acf0 Exception <a 'java/lang/NoSuchMethodError'{0x0000000713377360}: 'void java.lang.invoke.DirectMethodHandle$Holder.invokeStaticInit(java.lang.Object)'> (0x0000000713377360) 
thrown [s\src\hotspot\share\interpreter\linkResolver.cpp, line 759]
Event: 0.321 Thread 0x0000028c9c26e030 Exception <a 'java/lang/NoSuchMethodError'{0x0000000713495638}: 'java.lang.Object java.lang.invoke.DirectMethodHandle$Holder.newInvokeSpecial(java.lang.Object, java.lang.Object, java.lang.Object, java.lang.Object, java.lang.Object, java.lang.Object)'> (0x0000000713495638) 
thrown [s\src\hotspot\share\interpreter\linkResolver.cpp, line 759]
Event: 0.331 Thread 0x0000028c9c26e030 Exception <a 'java/lang/NoSuchMethodError'{0x00000007134c2f28}: 'java.lang.Object java.lang.invoke.DirectMethodHandle$Holder.newInvokeSpecial(java.lang.Object, java.lang.Object, java.lang.Object, java.lang.Object, java.lang.Object)'> (0x00000007134c2f28) 
thrown [s\src\hotspot\share\interpreter\linkResolver.cpp, line 759]
Event: 0.331 Thread 0x0000028cbcba0ad0 Exception <a 'java/lang/NoSuchMethodError'{0x0000000713076f00}: 'void java.lang.invoke.DirectMethodHandle$Holder.invokeStatic(java.lang.Object, java.lang.Object, java.lang.Object, java.lang.Object)'> (0x0000000713076f00) 
thrown [s\src\hotspot\share\interpreter\linkResolver.cpp, line 759]
Event: 0.358 Thread 0x0000028cbc86acf0 Exception <a 'java/lang/NoSuchMethodError'{0x0000000712fe72d0}: 'java.lang.Object java.lang.invoke.DirectMethodHandle$Holder.invokeStaticInit(java.lang.Object, java.lang.Object, java.lang.Object, java.lang.Object)'> (0x0000000712fe72d0) 
thrown [s\src\hotspot\share\interpreter\linkResolver.cpp, line 759]
Event: 0.359 Thread 0x0000028cbc86acf0 Exception <a 'java/lang/NullPointerException'{0x0000000712ff2cf0}> (0x0000000712ff2cf0) 
thrown [s\src\hotspot\share\interpreter\linkResolver.cpp, line 1350]

VM Operations (20 events):
Event: 13.958 Executing VM operation: G1CollectForAllocation done
Event: 14.040 Executing VM operation: G1CollectForAllocation
Event: 14.042 Executing VM operation: G1CollectForAllocation done
Event: 14.123 Executing VM operation: G1CollectForAllocation
Event: 14.124 Executing VM operation: G1CollectForAllocation done
Event: 14.204 Executing VM operation: G1CollectForAllocation
Event: 14.205 Executing VM operation: G1CollectForAllocation done
Event: 14.309 Executing VM operation: G1CollectForAllocation
Event: 14.311 Executing VM operation: G1CollectForAllocation done
Event: 14.394 Executing VM operation: G1CollectForAllocation
Event: 14.395 Executing VM operation: G1CollectForAllocation done
Event: 14.479 Executing VM operation: G1CollectForAllocation
Event: 14.480 Executing VM operation: G1CollectForAllocation done
Event: 14.562 Executing VM operation: G1CollectForAllocation
Event: 14.564 Executing VM operation: G1CollectForAllocation done
Event: 14.645 Executing VM operation: G1CollectForAllocation
Event: 14.646 Executing VM operation: G1CollectForAllocation done
Event: 14.728 Executing VM operation: G1CollectForAllocation
Event: 14.730 Executing VM operation: G1CollectForAllocation done
Event: 14.810 Executing VM operation: G1CollectForAllocation

Events (20 events):
Event: 0.396 loading class java/util/zip/CRC32
Event: 0.396 loading class java/util/zip/Checksum
Event: 0.396 loading class java/util/zip/Checksum done
Event: 0.396 loading class java/util/zip/CRC32 done
Event: 0.396 loading class java/util/zip/Checksum$1
Event: 0.396 loading class java/util/zip/Checksum$1 done
Event: 0.398 loading class java/io/FileOutputStream$1
Event: 0.398 loading class java/io/FileOutputStream$1 done
Event: 0.399 loading class java/util/Random
Event: 0.399 loading class java/util/random/RandomGenerator
Event: 0.399 loading class java/util/random/RandomGenerator done
Event: 0.399 loading class java/util/Random done
Event: 0.400 loading class java/io/BufferedReader
Event: 0.400 loading class java/io/BufferedReader done
Event: 0.400 loading class sun/nio/cs/StreamDecoder
Event: 0.401 loading class sun/nio/cs/StreamDecoder done
Event: 0.604 loading class jdk/internal/access/foreign/MemorySegmentProxy
Event: 0.605 loading class jdk/internal/access/foreign/MemorySegmentProxy done
Event: 0.962 Thread 0x0000028cbbeacc90 Thread exited: 0x0000028cbbeacc90
Event: 0.962 Thread 0x0000028cbbfa71b0 Thread exited: 0x0000028cbbfa71b0


Dynamic libraries:
0x00007ff7d0a00000 - 0x00007ff7d0a0e000 	C:\Users\mpoko\.p2\pool\plugins\org.eclipse.justj.openjdk.hotspot.jre.full.win32.x86_64_17.0.6.v20230204-1729\jre\bin\javaw.exe
0x00007fff1f970000 - 0x00007fff1fb87000 	C:\WINDOWS\SYSTEM32\ntdll.dll
0x00007fff1da60000 - 0x00007fff1db24000 	C:\WINDOWS\System32\KERNEL32.DLL
0x00007fff1d0f0000 - 0x00007fff1d496000 	C:\WINDOWS\System32\KERNELBASE.dll
0x00007fff1ccf0000 - 0x00007fff1ce01000 	C:\WINDOWS\System32\ucrtbase.dll
0x00007fff10700000 - 0x00007fff10717000 	C:\Users\mpoko\.p2\pool\plugins\org.eclipse.justj.openjdk.hotspot.jre.full.win32.x86_64_17.0.6.v20230204-1729\jre\bin\jli.dll
0x00007fff12c40000 - 0x00007fff12c59000 	C:\Users\mpoko\.p2\pool\plugins\org.eclipse.justj.openjdk.hotspot.jre.full.win32.x86_64_17.0.6.v20230204-1729\jre\bin\VCRUNTIME140.dll
0x00007fff1f070000 - 0x00007fff1f21d000 	C:\WINDOWS\System32\USER32.dll
0x00007fff1cf00000 - 0x00007fff1cf26000 	C:\WINDOWS\System32\win32u.dll
0x00007fff1f770000 - 0x00007fff1f799000 	C:\WINDOWS\System32\GDI32.dll
0x00007fff00d20000 - 0x00007fff00fb3000 	C:\WINDOWS\WinSxS\amd64_microsoft.windows.common-controls_6595b64144ccf1df_6.0.22621.2361_none_2712ced57382f843\COMCTL32.dll
0x00007fff1cfd0000 - 0x00007fff1d0e8000 	C:\WINDOWS\System32\gdi32full.dll
0x00007fff1f220000 - 0x00007fff1f2c7000 	C:\WINDOWS\System32\msvcrt.dll
0x00007fff1cf30000 - 0x00007fff1cfca000 	C:\WINDOWS\System32\msvcp_win.dll
0x00007fff1e8f0000 - 0x00007fff1e921000 	C:\WINDOWS\System32\IMM32.DLL
0x00007fff14d70000 - 0x00007fff14d7c000 	C:\Users\mpoko\.p2\pool\plugins\org.eclipse.justj.openjdk.hotspot.jre.full.win32.x86_64_17.0.6.v20230204-1729\jre\bin\vcruntime140_1.dll
0x00007fff03540000 - 0x00007fff035d1000 	C:\Users\mpoko\.p2\pool\plugins\org.eclipse.justj.openjdk.hotspot.jre.full.win32.x86_64_17.0.6.v20230204-1729\jre\bin\msvcp140.dll
0x00007ffe741f0000 - 0x00007ffe74e37000 	C:\Users\mpoko\.p2\pool\plugins\org.eclipse.justj.openjdk.hotspot.jre.full.win32.x86_64_17.0.6.v20230204-1729\jre\bin\server\jvm.dll
0x00007fff1e840000 - 0x00007fff1e8f0000 	C:\WINDOWS\System32\ADVAPI32.dll
0x00007fff1f7a0000 - 0x00007fff1f846000 	C:\WINDOWS\System32\sechost.dll
0x00007fff1eec0000 - 0x00007fff1efd7000 	C:\WINDOWS\System32\RPCRT4.dll
0x00007fff104f0000 - 0x00007fff10524000 	C:\WINDOWS\SYSTEM32\WINMM.dll
0x00007fff11ad0000 - 0x00007fff11ada000 	C:\WINDOWS\SYSTEM32\VERSION.dll
0x00007ffeead30000 - 0x00007ffeead39000 	C:\WINDOWS\SYSTEM32\WSOCK32.dll
0x00007fff1d910000 - 0x00007fff1d981000 	C:\WINDOWS\System32\WS2_32.dll
0x00007fff1bdc0000 - 0x00007fff1bdd8000 	C:\WINDOWS\SYSTEM32\kernel.appcore.dll
0x00007fff138b0000 - 0x00007fff138ba000 	C:\Users\mpoko\.p2\pool\plugins\org.eclipse.justj.openjdk.hotspot.jre.full.win32.x86_64_17.0.6.v20230204-1729\jre\bin\jimage.dll
0x00007fff1a4d0000 - 0x00007fff1a6fe000 	C:\WINDOWS\SYSTEM32\DBGHELP.DLL
0x00007fff1e4b0000 - 0x00007fff1e83a000 	C:\WINDOWS\System32\combase.dll
0x00007fff1f850000 - 0x00007fff1f927000 	C:\WINDOWS\System32\OLEAUT32.dll
0x00007fff01350000 - 0x00007fff01382000 	C:\WINDOWS\SYSTEM32\dbgcore.DLL
0x00007fff1ce10000 - 0x00007fff1ce8a000 	C:\WINDOWS\System32\bcryptPrimitives.dll
0x00007fff106d0000 - 0x00007fff106f5000 	C:\Users\mpoko\.p2\pool\plugins\org.eclipse.justj.openjdk.hotspot.jre.full.win32.x86_64_17.0.6.v20230204-1729\jre\bin\java.dll
0x00007fff106b0000 - 0x00007fff106c8000 	C:\Users\mpoko\.p2\pool\plugins\org.eclipse.justj.openjdk.hotspot.jre.full.win32.x86_64_17.0.6.v20230204-1729\jre\bin\zip.dll
0x00007fff1db50000 - 0x00007fff1e3a8000 	C:\WINDOWS\System32\SHELL32.dll
0x00007fff1ac10000 - 0x00007fff1b502000 	C:\WINDOWS\SYSTEM32\windows.storage.dll
0x00007fff1aad0000 - 0x00007fff1ac0e000 	C:\WINDOWS\SYSTEM32\wintypes.dll
0x00007fff1f2f0000 - 0x00007fff1f3e3000 	C:\WINDOWS\System32\SHCORE.dll
0x00007fff1d990000 - 0x00007fff1d9ee000 	C:\WINDOWS\System32\shlwapi.dll
0x00007fff1cc20000 - 0x00007fff1cc46000 	C:\WINDOWS\SYSTEM32\profapi.dll
0x00007fff10670000 - 0x00007fff10689000 	C:\Users\mpoko\.p2\pool\plugins\org.eclipse.justj.openjdk.hotspot.jre.full.win32.x86_64_17.0.6.v20230204-1729\jre\bin\net.dll
0x00007fff11ae0000 - 0x00007fff11c17000 	C:\WINDOWS\SYSTEM32\WINHTTP.dll
0x00007fff1c2a0000 - 0x00007fff1c309000 	C:\WINDOWS\system32\mswsock.dll
0x00007fff10650000 - 0x00007fff10665000 	C:\Users\mpoko\.p2\pool\plugins\org.eclipse.justj.openjdk.hotspot.jre.full.win32.x86_64_17.0.6.v20230204-1729\jre\bin\nio.dll
0x0000028cbb1a0000 - 0x0000028cbb1a3000 	C:\Program Files\Java\javafx-sdk-21\bin\api-ms-win-core-console-l1-1-0.dll
0x0000028cbb1b0000 - 0x0000028cbb1b3000 	C:\Program Files\Java\javafx-sdk-21\bin\api-ms-win-core-console-l1-2-0.dll
0x0000028cbb1c0000 - 0x0000028cbb1c3000 	C:\Program Files\Java\javafx-sdk-21\bin\api-ms-win-core-datetime-l1-1-0.dll
0x0000028cbb1d0000 - 0x0000028cbb1d3000 	C:\Program Files\Java\javafx-sdk-21\bin\api-ms-win-core-debug-l1-1-0.dll
0x0000028cbb1e0000 - 0x0000028cbb1e3000 	C:\Program Files\Java\javafx-sdk-21\bin\api-ms-win-core-errorhandling-l1-1-0.dll
0x0000028cbb1f0000 - 0x0000028cbb1f4000 	C:\Program Files\Java\javafx-sdk-21\bin\api-ms-win-core-file-l1-1-0.dll
0x0000028cbb200000 - 0x0000028cbb203000 	C:\Program Files\Java\javafx-sdk-21\bin\api-ms-win-core-file-l1-2-0.dll
0x0000028cbb210000 - 0x0000028cbb213000 	C:\Program Files\Java\javafx-sdk-21\bin\api-ms-win-core-file-l2-1-0.dll
0x0000028cbb220000 - 0x0000028cbb223000 	C:\Program Files\Java\javafx-sdk-21\bin\api-ms-win-core-handle-l1-1-0.dll
0x0000028cbb230000 - 0x0000028cbb233000 	C:\Program Files\Java\javafx-sdk-21\bin\api-ms-win-core-heap-l1-1-0.dll
0x0000028cbb240000 - 0x0000028cbb243000 	C:\Program Files\Java\javafx-sdk-21\bin\api-ms-win-core-interlocked-l1-1-0.dll
0x0000028cbb250000 - 0x0000028cbb253000 	C:\Program Files\Java\javafx-sdk-21\bin\api-ms-win-core-libraryloader-l1-1-0.dll
0x0000028cbb260000 - 0x0000028cbb263000 	C:\Program Files\Java\javafx-sdk-21\bin\api-ms-win-core-localization-l1-2-0.dll
0x0000028cbb270000 - 0x0000028cbb273000 	C:\Program Files\Java\javafx-sdk-21\bin\api-ms-win-core-memory-l1-1-0.dll
0x0000028cbb280000 - 0x0000028cbb283000 	C:\Program Files\Java\javafx-sdk-21\bin\api-ms-win-core-namedpipe-l1-1-0.dll
0x0000028cbb290000 - 0x0000028cbb293000 	C:\Program Files\Java\javafx-sdk-21\bin\api-ms-win-core-processenvironment-l1-1-0.dll
0x0000028cbb2a0000 - 0x0000028cbb2a3000 	C:\Program Files\Java\javafx-sdk-21\bin\api-ms-win-core-processthreads-l1-1-0.dll
0x0000028cbb2b0000 - 0x0000028cbb2b3000 	C:\Program Files\Java\javafx-sdk-21\bin\api-ms-win-core-processthreads-l1-1-1.dll
0x0000028cbb2c0000 - 0x0000028cbb2c3000 	C:\Program Files\Java\javafx-sdk-21\bin\api-ms-win-core-profile-l1-1-0.dll
0x0000028cbb2d0000 - 0x0000028cbb2d3000 	C:\Program Files\Java\javafx-sdk-21\bin\api-ms-win-core-rtlsupport-l1-1-0.dll
0x0000028cbb2e0000 - 0x0000028cbb2e3000 	C:\Program Files\Java\javafx-sdk-21\bin\api-ms-win-core-string-l1-1-0.dll
0x0000028cbb2f0000 - 0x0000028cbb2f3000 	C:\Program Files\Java\javafx-sdk-21\bin\api-ms-win-core-synch-l1-1-0.dll
0x0000028cbb300000 - 0x0000028cbb303000 	C:\Program Files\Java\javafx-sdk-21\bin\api-ms-win-core-synch-l1-2-0.dll
0x0000028cbb310000 - 0x0000028cbb313000 	C:\Program Files\Java\javafx-sdk-21\bin\api-ms-win-core-sysinfo-l1-1-0.dll
0x0000028cbb320000 - 0x0000028cbb323000 	C:\Program Files\Java\javafx-sdk-21\bin\api-ms-win-core-timezone-l1-1-0.dll
0x0000028cbb330000 - 0x0000028cbb333000 	C:\Program Files\Java\javafx-sdk-21\bin\api-ms-win-core-util-l1-1-0.dll
0x0000028cbb340000 - 0x0000028cbb343000 	C:\Program Files\Java\javafx-sdk-21\bin\api-ms-win-crt-conio-l1-1-0.dll
0x0000028cbb350000 - 0x0000028cbb354000 	C:\Program Files\Java\javafx-sdk-21\bin\api-ms-win-crt-convert-l1-1-0.dll
0x0000028cbb360000 - 0x0000028cbb363000 	C:\Program Files\Java\javafx-sdk-21\bin\api-ms-win-crt-environment-l1-1-0.dll
0x0000028cbb370000 - 0x0000028cbb373000 	C:\Program Files\Java\javafx-sdk-21\bin\api-ms-win-crt-filesystem-l1-1-0.dll
0x0000028cbb380000 - 0x0000028cbb383000 	C:\Program Files\Java\javafx-sdk-21\bin\api-ms-win-crt-heap-l1-1-0.dll
0x0000028cbb390000 - 0x0000028cbb393000 	C:\Program Files\Java\javafx-sdk-21\bin\api-ms-win-crt-locale-l1-1-0.dll
0x0000028cbb3a0000 - 0x0000028cbb3a5000 	C:\Program Files\Java\javafx-sdk-21\bin\api-ms-win-crt-math-l1-1-0.dll
0x0000028cbb3b0000 - 0x0000028cbb3b5000 	C:\Program Files\Java\javafx-sdk-21\bin\api-ms-win-crt-multibyte-l1-1-0.dll
0x0000028cbb3c0000 - 0x0000028cbb3d0000 	C:\Program Files\Java\javafx-sdk-21\bin\api-ms-win-crt-private-l1-1-0.dll
0x0000028cbb3d0000 - 0x0000028cbb3d3000 	C:\Program Files\Java\javafx-sdk-21\bin\api-ms-win-crt-process-l1-1-0.dll
0x0000028cbb3e0000 - 0x0000028cbb3e4000 	C:\Program Files\Java\javafx-sdk-21\bin\api-ms-win-crt-runtime-l1-1-0.dll
0x0000028cbb3f0000 - 0x0000028cbb3f4000 	C:\Program Files\Java\javafx-sdk-21\bin\api-ms-win-crt-stdio-l1-1-0.dll
0x0000028cbd7d0000 - 0x0000028cbd7d4000 	C:\Program Files\Java\javafx-sdk-21\bin\api-ms-win-crt-string-l1-1-0.dll
0x0000028cbd7e0000 - 0x0000028cbd7e3000 	C:\Program Files\Java\javafx-sdk-21\bin\api-ms-win-crt-time-l1-1-0.dll
0x0000028cbd7f0000 - 0x0000028cbd7f3000 	C:\Program Files\Java\javafx-sdk-21\bin\api-ms-win-crt-utility-l1-1-0.dll
0x00007ffeed510000 - 0x00007ffeed60c000 	C:\Program Files\Java\javafx-sdk-21\bin\ucrtbase.dll
0x00007fff10630000 - 0x00007fff1064b000 	C:\Program Files\Java\javafx-sdk-21\bin\vcruntime140.dll
0x00007fff10620000 - 0x00007fff1062c000 	C:\Program Files\Java\javafx-sdk-21\bin\vcruntime140_1.dll
0x00007ffeed6e0000 - 0x00007ffeed76e000 	C:\Program Files\Java\javafx-sdk-21\bin\msvcp140.dll
0x00007fff1d770000 - 0x00007fff1d90f000 	C:\WINDOWS\System32\ole32.dll
0x00007fff10610000 - 0x00007fff10619000 	C:\Program Files\Java\javafx-sdk-21\bin\msvcp140_1.dll
0x00007fff01f10000 - 0x00007fff01f3f000 	C:\Program Files\Java\javafx-sdk-21\bin\msvcp140_2.dll
0x00007fff00410000 - 0x00007fff0043f000 	C:\Program Files\Java\javafx-sdk-21\bin\prism_d3d.dll
0x00007fff040d0000 - 0x00007fff04279000 	C:\WINDOWS\system32\d3d9.dll
0x00007fff19c80000 - 0x00007fff19cab000 	C:\WINDOWS\SYSTEM32\dwmapi.dll
0x00007fff19b20000 - 0x00007fff19b56000 	C:\WINDOWS\SYSTEM32\dxcore.dll
0x00007fff19a40000 - 0x00007fff19aeb000 	C:\WINDOWS\system32\uxtheme.dll
0x00007ffeb5e70000 - 0x00007ffeb608c000 	C:\WINDOWS\System32\DriverStore\FileRepository\iigd_dch.inf_amd64_85a68d3d96c69012\igdumdim64.dll
0x00007ffeb4af0000 - 0x00007ffeb5e63000 	C:\WINDOWS\System32\DriverStore\FileRepository\iigd_dch.inf_amd64_85a68d3d96c69012\igd9dxva64.dll
0x00007fff1ea40000 - 0x00007fff1eeb4000 	C:\WINDOWS\System32\SETUPAPI.dll
0x00007fff1c9e0000 - 0x00007fff1ca2e000 	C:\WINDOWS\SYSTEM32\cfgmgr32.dll
0x00007ffe95b20000 - 0x00007ffe97840000 	C:\WINDOWS\System32\DriverStore\FileRepository\iigd_dch.inf_amd64_85a68d3d96c69012\media_bin_64.dll
0x00007fff0aba0000 - 0x00007fff0afb7000 	C:\WINDOWS\System32\DriverStore\FileRepository\iigd_dch.inf_amd64_85a68d3d96c69012\igdgmm64.dll
0x00007fff13cd0000 - 0x00007fff13d1a000 	C:\WINDOWS\SYSTEM32\directxdatabasehelper.dll
0x00007ffeed430000 - 0x00007ffeed472000 	C:\Program Files\Java\javafx-sdk-21\bin\glass.dll
0x00007fff1e3b0000 - 0x00007fff1e4a9000 	C:\WINDOWS\System32\COMDLG32.dll
0x00007fff1f620000 - 0x00007fff1f76c000 	C:\WINDOWS\System32\MSCTF.dll
0x00007ffedbab0000 - 0x00007ffedbad7000 	C:\WINDOWS\System32\DriverStore\FileRepository\iigd_dch.inf_amd64_85a68d3d96c69012\igdinfo64.dll
0x00007fff1c4f0000 - 0x00007fff1c50b000 	C:\WINDOWS\SYSTEM32\CRYPTSP.dll
0x00007fff1bd80000 - 0x00007fff1bdb5000 	C:\WINDOWS\system32\rsaenh.dll
0x00007fff1c510000 - 0x00007fff1c51c000 	C:\WINDOWS\SYSTEM32\CRYPTBASE.dll
0x00007fff1c6b0000 - 0x00007fff1c6d8000 	C:\WINDOWS\SYSTEM32\bcrypt.dll
0x00007fff06ea0000 - 0x00007fff0ab9c000 	C:\WINDOWS\System32\DriverStore\FileRepository\iigd_dch.inf_amd64_85a68d3d96c69012\igc64.dll

dbghelp: loaded successfully - version: 4.0.5 - missing functions: none
symbol engine: initialized successfully - sym options: 0x614 - pdb path: .;C:\Users\mpoko\.p2\pool\plugins\org.eclipse.justj.openjdk.hotspot.jre.full.win32.x86_64_17.0.6.v20230204-1729\jre\bin;C:\WINDOWS\SYSTEM32;C:\WINDOWS\WinSxS\amd64_microsoft.windows.common-controls_6595b64144ccf1df_6.0.22621.2361_none_2712ced57382f843;C:\Users\mpoko\.p2\pool\plugins\org.eclipse.justj.openjdk.hotspot.jre.full.win32.x86_64_17.0.6.v20230204-1729\jre\bin\server;C:\Program Files\Java\javafx-sdk-21\bin;C:\WINDOWS\System32\DriverStore\FileRepository\iigd_dch.inf_amd64_85a68d3d96c69012;C:\WINDOWS\System32\DriverStore\FileRepository\nvlt.inf_amd64_4800cfbcd1a837f2

VM Arguments:
jvm_args: --module-path=C:\Program Files\Java\javafx-sdk-21\lib --add-modules=javafx.controls,javafx.graphics,javafx.fxml -Dfile.encoding=UTF-8 -Dstdout.encoding=UTF-8 -Dstderr.encoding=UTF-8 --module-path=C:\Users\mpoko\.p2\pool\plugins\org.eclipse.fx.ide.css.jfx8_3.8.0.202204150904.jar;C:\Program Files\Java\javafx-sdk-21\lib\javafx.base.jar;C:\Program Files\Java\javafx-sdk-21\lib\javafx.controls.jar;C:\Program Files\Java\javafx-sdk-21\lib\javafx.fxml.jar;C:\Program Files\Java\javafx-sdk-21\lib\javafx.graphics.jar;C:\Program Files\Java\javafx-sdk-21\lib\javafx.media.jar;C:\Program Files\Java\javafx-sdk-21\lib\javafx.swing.jar;C:\Program Files\Java\javafx-sdk-21\lib\javafx.web.jar;C:\Program Files\Java\javafx-sdk-21\lib\javafx-swt.jar;C:\Program Files\Java\opencsv-5.8.jar -XX:+ShowCodeDetailsInExceptionMessages 
java_command: Main
java_class_path (initial): C:\Users\mpoko\eclipse-workspace\Social-Learning\Social-Learning\target\classes;C:\Program Files\Java\opencsv-5.8.jar
Launcher Type: SUN_STANDARD

[Global flags]
     intx CICompilerCount                          = 4                                         {product} {ergonomic}
     uint ConcGCThreads                            = 3                                         {product} {ergonomic}
     uint G1ConcRefinementThreads                  = 10                                        {product} {ergonomic}
   size_t G1HeapRegionSize                         = 2097152                                   {product} {ergonomic}
    uintx GCDrainStackTargetSize                   = 64                                        {product} {ergonomic}
   size_t InitialHeapSize                          = 264241152                                 {product} {ergonomic}
   size_t MarkStackSize                            = 4194304                                   {product} {ergonomic}
   size_t MaxHeapSize                              = 4221566976                                {product} {ergonomic}
   size_t MaxNewSize                               = 2531262464                                {product} {ergonomic}
   size_t MinHeapDeltaBytes                        = 2097152                                   {product} {ergonomic}
   size_t MinHeapSize                              = 8388608                                   {product} {ergonomic}
    uintx NonNMethodCodeHeapSize                   = 5839372                                {pd product} {ergonomic}
    uintx NonProfiledCodeHeapSize                  = 122909434                              {pd product} {ergonomic}
    uintx ProfiledCodeHeapSize                     = 122909434                              {pd product} {ergonomic}
    uintx ReservedCodeCacheSize                    = 251658240                              {pd product} {ergonomic}
     bool SegmentedCodeCache                       = true                                      {product} {ergonomic}
     bool ShowCodeDetailsInExceptionMessages       = true                                   {manageable} {command line}
   size_t SoftMaxHeapSize                          = 4221566976                             {manageable} {ergonomic}
     bool UseCompressedClassPointers               = true                           {product lp64_product} {ergonomic}
     bool UseCompressedOops                        = true                           {product lp64_product} {ergonomic}
     bool UseG1GC                                  = true                                      {product} {ergonomic}
     bool UseLargePagesIndividualAllocation        = false                                  {pd product} {ergonomic}

Logging:
Log output configuration:
 #0: stdout all=warning uptime,level,tags
 #1: stderr all=off uptime,level,tags

Environment Variables:
PATH=C:/Users/mpoko/.p2/pool/plugins/org.eclipse.justj.openjdk.hotspot.jre.full.win32.x86_64_21.0.0.v20231013-1207/jre/bin/server;C:/Users/mpoko/.p2/pool/plugins/org.eclipse.justj.openjdk.hotspot.jre.full.win32.x86_64_21.0.0.v20231013-1207/jre/bin;C:\Python311\Scripts\;C:\Python311\;C:\Program Files\Common Files\Oracle\Java\javapath;C:\Program Files\Microsoft\jdk-11.0.12.7-hotspot\bin;C:\Program Files\Eclipse Adoptium\jdk-17.0.4.101-hotspot\bin;C:\Python310\Scripts\;C:\Python310\;C:\WINDOWS\system32;C:\WINDOWS;C:\WINDOWS\System32\Wbem;C:\WINDOWS\System32\WindowsPowerShell\v1.0\;C:\WINDOWS\System32\OpenSSH\;C:\xampp\php;C:\ProgramData\ComposerSetup\bin;C:\Program Files (x86)\QuickTime\QTSystem\;C:\ProgramData\chocolatey\bin;C:\Program Files\Microsoft SQL Server\150\Tools\Binn\;C:\Program Files\Microsoft SQL Server\Client SDK\ODBC\170\Tools\Binn\;C:\Program Files\Git\cmd;C:\Program Files\dotnet\;C:\Program Files (x86)\Steel Bank Common Lisp\;C:\Program Files\CMake\bin;C:\Program Files\nodejs\;C:\Swift\bin;C:\Users\mpoko\emsdk\node\15.14.0_64bit\bin;C:\Users\mpoko\emsdk;C:\Users\mpoko\emsdk\upstream\emscripten;C:\Users\mpoko\AppData\Local\Microsoft\WindowsApps;C:\Program Files\JetBrains\IntelliJ IDEA Community Edition 2021.3\bin;C:\Users\mpoko\AppData\Local\atom\bin;C:\Users\mpoko\AppData\Local\Programs\Microsoft VS Code\bin;C:\Users\mpoko\AppData\Roaming\Composer\vendor\bin;C:\Users\mpoko\AppData\Local\GitHubDesktop\bin;C:\Users\mpoko\AppData\Local\Microsoft\WindowsApps;C:\Users\mpoko\.dotnet\tools;C:\ghcup\bin;C:\Program Files\JetBrains\IntelliJ IDEA Community Edition 2023.1.3\bin;;C:\MinGW\bin;C:\Users\mpoko\AppData\Roaming\npm;C:\Swift\bin;;C:\Users\mpoko\Desktop;
USERNAME=mpoko
OS=Windows_NT
PROCESSOR_IDENTIFIER=Intel64 Family 6 Model 141 Stepping 1, GenuineIntel
TMP=C:\Users\mpoko\AppData\Local\Temp
TEMP=C:\Users\mpoko\AppData\Local\Temp



---------------  S Y S T E M  ---------------

OS:
 Windows 11 , 64 bit Build 22621 (10.0.22621.2428)
OS uptime: 3 days 1:43 hours
Hyper-V role detected

CPU: total 12 (initial active 12) (6 cores per cpu, 2 threads per core) family 6 model 141 stepping 1 microcode 0x34, cx8, cmov, fxsr, ht, mmx, 3dnowpref, sse, sse2, sse3, ssse3, sse4.1, sse4.2, popcnt, lzcnt, tsc, tscinvbit, avx, avx2, aes, erms, clmul, bmi1, bmi2, adx, avx512f, avx512dq, avx512cd, avx512bw, avx512vl, sha, fma, vzeroupper, avx512_vpopcntdq, avx512_vpclmulqdq, avx512_vaes, avx512_vnni, clflush, clflushopt, clwb, avx512_vbmi2, avx512_vbmi, hv

Memory: 4k page, system-wide physical 16103M (2495M free)
TotalPageFile size 65255M (AvailPageFile size 89M)
current process WorkingSet (physical memory assigned to process): 440M, peak: 440M
current process commit charge ("private bytes"): 585M, peak: 673M

vm_info: OpenJDK 64-Bit Server VM (17.0.6+10) for windows-amd64 JRE (17.0.6+10), built on Jan 18 2023 10:08:59 by "temurin" with MS VC++ 16.7 (VS2019)

END.
